{"C:\\Users\\Ega\\Desktop\\messenger-e2ee-module\\src\\algorithms\\aes.ts": {"path":"C:\\Users\\Ega\\Desktop\\messenger-e2ee-module\\src\\algorithms\\aes.ts","statementMap":{"0":{"start":{"line":2,"column":0},"end":{"line":2,"column":52}},"1":{"start":{"line":12,"column":20},"end":{"line":14,"column":null}},"2":{"start":{"line":13,"column":4},"end":{"line":13,"column":37}},"3":{"start":{"line":21,"column":4},"end":{"line":21,"column":54}},"4":{"start":{"line":29,"column":4},"end":{"line":29,"column":59}},"5":{"start":{"line":32,"column":27},"end":{"line":51,"column":null}},"6":{"start":{"line":33,"column":4},"end":{"line":49,"column":5}},"7":{"start":{"line":34,"column":6},"end":{"line":45,"column":7}},"8":{"start":{"line":35,"column":20},"end":{"line":38,"column":null}},"9":{"start":{"line":40,"column":28},"end":{"line":40,"column":76}},"10":{"start":{"line":41,"column":8},"end":{"line":41,"column":43}},"11":{"start":{"line":43,"column":29},"end":{"line":43,"column":81}},"12":{"start":{"line":44,"column":8},"end":{"line":44,"column":70}},"13":{"start":{"line":46,"column":11},"end":{"line":49,"column":5}},"14":{"start":{"line":47,"column":23},"end":{"line":47,"column":31}},"15":{"start":{"line":48,"column":6},"end":{"line":48,"column":53}},"16":{"start":{"line":50,"column":4},"end":{"line":50,"column":71}},"17":{"start":{"line":59,"column":4},"end":{"line":61,"column":5}},"18":{"start":{"line":60,"column":6},"end":{"line":60,"column":44}},"19":{"start":{"line":63,"column":15},"end":{"line":63,"column":48}},"20":{"start":{"line":65,"column":4},"end":{"line":98,"column":5}},"21":{"start":{"line":66,"column":6},"end":{"line":82,"column":7}},"22":{"start":{"line":67,"column":28},"end":{"line":68,"column":null}},"23":{"start":{"line":70,"column":37},"end":{"line":70,"column":76}},"24":{"start":{"line":71,"column":8},"end":{"line":71,"column":67}},"25":{"start":{"line":71,"column":28},"end":{"line":71,"column":67}},"26":{"start":{"line":73,"column":30},"end":{"line":73,"column":91}},"27":{"start":{"line":74,"column":31},"end":{"line":74,"column":60}},"28":{"start":{"line":75,"column":27},"end":{"line":75,"column":78}},"29":{"start":{"line":76,"column":24},"end":{"line":76,"column":72}},"30":{"start":{"line":78,"column":8},"end":{"line":78,"column":43}},"31":{"start":{"line":80,"column":29},"end":{"line":80,"column":81}},"32":{"start":{"line":81,"column":8},"end":{"line":81,"column":70}},"33":{"start":{"line":83,"column":11},"end":{"line":98,"column":5}},"34":{"start":{"line":84,"column":6},"end":{"line":97,"column":7}},"35":{"start":{"line":85,"column":23},"end":{"line":85,"column":45}},"36":{"start":{"line":86,"column":23},"end":{"line":86,"column":108}},"37":{"start":{"line":87,"column":8},"end":{"line":87,"column":93}},"38":{"start":{"line":87,"column":29},"end":{"line":87,"column":93}},"39":{"start":{"line":89,"column":24},"end":{"line":89,"column":56}},"40":{"start":{"line":90,"column":8},"end":{"line":90,"column":63}},"41":{"start":{"line":91,"column":25},"end":{"line":91,"column":65}},"42":{"start":{"line":93,"column":8},"end":{"line":93,"column":95}},"43":{"start":{"line":95,"column":29},"end":{"line":95,"column":81}},"44":{"start":{"line":96,"column":8},"end":{"line":96,"column":70}},"45":{"start":{"line":99,"column":4},"end":{"line":99,"column":71}},"46":{"start":{"line":108,"column":4},"end":{"line":110,"column":5}},"47":{"start":{"line":109,"column":6},"end":{"line":109,"column":44}},"48":{"start":{"line":111,"column":4},"end":{"line":113,"column":5}},"49":{"start":{"line":112,"column":6},"end":{"line":112,"column":43}},"50":{"start":{"line":114,"column":4},"end":{"line":116,"column":5}},"51":{"start":{"line":115,"column":6},"end":{"line":115,"column":52}},"52":{"start":{"line":117,"column":4},"end":{"line":119,"column":5}},"53":{"start":{"line":118,"column":6},"end":{"line":118,"column":79}},"54":{"start":{"line":120,"column":4},"end":{"line":122,"column":5}},"55":{"start":{"line":121,"column":6},"end":{"line":121,"column":48}},"56":{"start":{"line":124,"column":4},"end":{"line":158,"column":5}},"57":{"start":{"line":125,"column":6},"end":{"line":141,"column":7}},"58":{"start":{"line":126,"column":28},"end":{"line":127,"column":null}},"59":{"start":{"line":129,"column":33},"end":{"line":129,"column":103}},"60":{"start":{"line":130,"column":8},"end":{"line":130,"column":51}},"61":{"start":{"line":131,"column":8},"end":{"line":131,"column":77}},"62":{"start":{"line":133,"column":37},"end":{"line":133,"column":90}},"63":{"start":{"line":134,"column":8},"end":{"line":134,"column":67}},"64":{"start":{"line":134,"column":28},"end":{"line":134,"column":67}},"65":{"start":{"line":136,"column":30},"end":{"line":136,"column":103}},"66":{"start":{"line":137,"column":8},"end":{"line":137,"column":45}},"67":{"start":{"line":139,"column":29},"end":{"line":139,"column":81}},"68":{"start":{"line":140,"column":8},"end":{"line":140,"column":70}},"69":{"start":{"line":142,"column":11},"end":{"line":158,"column":5}},"70":{"start":{"line":143,"column":6},"end":{"line":157,"column":7}},"71":{"start":{"line":144,"column":23},"end":{"line":144,"column":45}},"72":{"start":{"line":145,"column":25},"end":{"line":146,"column":null}},"73":{"start":{"line":148,"column":9},"end":{"line":148,"column":84}},"74":{"start":{"line":149,"column":8},"end":{"line":149,"column":97}},"75":{"start":{"line":149,"column":29},"end":{"line":149,"column":97}},"76":{"start":{"line":151,"column":24},"end":{"line":151,"column":74}},"77":{"start":{"line":152,"column":8},"end":{"line":152,"column":65}},"78":{"start":{"line":153,"column":8},"end":{"line":153,"column":41}},"79":{"start":{"line":155,"column":29},"end":{"line":155,"column":81}},"80":{"start":{"line":156,"column":8},"end":{"line":156,"column":70}},"81":{"start":{"line":159,"column":4},"end":{"line":159,"column":71}},"82":{"start":{"line":11,"column":0},"end":{"line":11,"column":13}}},"fnMap":{"0":{"name":"(anonymous_16)","decl":{"start":{"line":12,"column":8},"end":{"line":12,"column":19}},"loc":{"start":{"line":12,"column":19},"end":{"line":14,"column":null}}},"1":{"name":"(anonymous_17)","decl":{"start":{"line":12,"column":20},"end":{"line":12,"column":44}},"loc":{"start":{"line":12,"column":47},"end":{"line":14,"column":3}}},"2":{"name":"(anonymous_18)","decl":{"start":{"line":16,"column":8},"end":{"line":16,"column":15}},"loc":{"start":{"line":19,"column":31},"end":{"line":22,"column":null}}},"3":{"name":"(anonymous_20)","decl":{"start":{"line":24,"column":8},"end":{"line":24,"column":15}},"loc":{"start":{"line":27,"column":31},"end":{"line":30,"column":null}}},"4":{"name":"(anonymous_22)","decl":{"start":{"line":32,"column":2},"end":{"line":32,"column":8}},"loc":{"start":{"line":32,"column":26},"end":{"line":51,"column":null}}},"5":{"name":"(anonymous_23)","decl":{"start":{"line":32,"column":27},"end":{"line":32,"column":51}},"loc":{"start":{"line":32,"column":54},"end":{"line":51,"column":3}}},"6":{"name":"(anonymous_24)","decl":{"start":{"line":53,"column":2},"end":{"line":53,"column":8}},"loc":{"start":{"line":56,"column":31},"end":{"line":100,"column":null}}},"7":{"name":"(anonymous_26)","decl":{"start":{"line":85,"column":23},"end":{"line":85,"column":36}},"loc":{"start":{"line":85,"column":23},"end":{"line":85,"column":45}}},"8":{"name":"(anonymous_27)","decl":{"start":{"line":102,"column":2},"end":{"line":102,"column":8}},"loc":{"start":{"line":105,"column":31},"end":{"line":160,"column":null}}},"9":{"name":"(anonymous_29)","decl":{"start":{"line":144,"column":23},"end":{"line":144,"column":36}},"loc":{"start":{"line":144,"column":23},"end":{"line":144,"column":45}}}},"branchMap":{"0":{"loc":{"start":{"line":12,"column":20},"end":{"line":12,"column":47}},"type":"default-arg","locations":[{"start":{"line":12,"column":44},"end":{"line":12,"column":47}}]},"1":{"loc":{"start":{"line":32,"column":27},"end":{"line":32,"column":54}},"type":"default-arg","locations":[{"start":{"line":32,"column":51},"end":{"line":32,"column":54}}]},"2":{"loc":{"start":{"line":33,"column":4},"end":{"line":49,"column":5}},"type":"if","locations":[{"start":{"line":33,"column":4},"end":{"line":49,"column":5}},{"start":{"line":46,"column":11},"end":{"line":49,"column":5}}]},"3":{"loc":{"start":{"line":33,"column":8},"end":{"line":33,"column":78}},"type":"binary-expr","locations":[{"start":{"line":33,"column":8},"end":{"line":33,"column":37}},{"start":{"line":33,"column":41},"end":{"line":33,"column":54}},{"start":{"line":33,"column":58},"end":{"line":33,"column":78}}]},"4":{"loc":{"start":{"line":43,"column":29},"end":{"line":43,"column":81}},"type":"cond-expr","locations":[{"start":{"line":43,"column":52},"end":{"line":43,"column":63}},{"start":{"line":43,"column":66},"end":{"line":43,"column":81}}]},"5":{"loc":{"start":{"line":46,"column":11},"end":{"line":49,"column":5}},"type":"if","locations":[{"start":{"line":46,"column":11},"end":{"line":49,"column":5}}]},"6":{"loc":{"start":{"line":46,"column":15},"end":{"line":46,"column":90}},"type":"binary-expr","locations":[{"start":{"line":46,"column":15},"end":{"line":46,"column":45}},{"start":{"line":46,"column":49},"end":{"line":46,"column":65}},{"start":{"line":46,"column":69},"end":{"line":46,"column":90}}]},"7":{"loc":{"start":{"line":59,"column":4},"end":{"line":61,"column":5}},"type":"if","locations":[{"start":{"line":59,"column":4},"end":{"line":61,"column":5}}]},"8":{"loc":{"start":{"line":65,"column":4},"end":{"line":98,"column":5}},"type":"if","locations":[{"start":{"line":65,"column":4},"end":{"line":98,"column":5}},{"start":{"line":83,"column":11},"end":{"line":98,"column":5}}]},"9":{"loc":{"start":{"line":65,"column":8},"end":{"line":65,"column":78}},"type":"binary-expr","locations":[{"start":{"line":65,"column":8},"end":{"line":65,"column":37}},{"start":{"line":65,"column":41},"end":{"line":65,"column":54}},{"start":{"line":65,"column":58},"end":{"line":65,"column":78}}]},"10":{"loc":{"start":{"line":71,"column":8},"end":{"line":71,"column":67}},"type":"if","locations":[{"start":{"line":71,"column":8},"end":{"line":71,"column":67}}]},"11":{"loc":{"start":{"line":80,"column":29},"end":{"line":80,"column":81}},"type":"cond-expr","locations":[{"start":{"line":80,"column":52},"end":{"line":80,"column":63}},{"start":{"line":80,"column":66},"end":{"line":80,"column":81}}]},"12":{"loc":{"start":{"line":83,"column":11},"end":{"line":98,"column":5}},"type":"if","locations":[{"start":{"line":83,"column":11},"end":{"line":98,"column":5}}]},"13":{"loc":{"start":{"line":83,"column":15},"end":{"line":83,"column":90}},"type":"binary-expr","locations":[{"start":{"line":83,"column":15},"end":{"line":83,"column":45}},{"start":{"line":83,"column":49},"end":{"line":83,"column":65}},{"start":{"line":83,"column":69},"end":{"line":83,"column":90}}]},"14":{"loc":{"start":{"line":87,"column":8},"end":{"line":87,"column":93}},"type":"if","locations":[{"start":{"line":87,"column":8},"end":{"line":87,"column":93}}]},"15":{"loc":{"start":{"line":95,"column":29},"end":{"line":95,"column":81}},"type":"cond-expr","locations":[{"start":{"line":95,"column":52},"end":{"line":95,"column":63}},{"start":{"line":95,"column":66},"end":{"line":95,"column":81}}]},"16":{"loc":{"start":{"line":108,"column":4},"end":{"line":110,"column":5}},"type":"if","locations":[{"start":{"line":108,"column":4},"end":{"line":110,"column":5}}]},"17":{"loc":{"start":{"line":111,"column":4},"end":{"line":113,"column":5}},"type":"if","locations":[{"start":{"line":111,"column":4},"end":{"line":113,"column":5}}]},"18":{"loc":{"start":{"line":114,"column":4},"end":{"line":116,"column":5}},"type":"if","locations":[{"start":{"line":114,"column":4},"end":{"line":116,"column":5}}]},"19":{"loc":{"start":{"line":117,"column":4},"end":{"line":119,"column":5}},"type":"if","locations":[{"start":{"line":117,"column":4},"end":{"line":119,"column":5}}]},"20":{"loc":{"start":{"line":120,"column":4},"end":{"line":122,"column":5}},"type":"if","locations":[{"start":{"line":120,"column":4},"end":{"line":122,"column":5}}]},"21":{"loc":{"start":{"line":124,"column":4},"end":{"line":158,"column":5}},"type":"if","locations":[{"start":{"line":124,"column":4},"end":{"line":158,"column":5}},{"start":{"line":142,"column":11},"end":{"line":158,"column":5}}]},"22":{"loc":{"start":{"line":124,"column":8},"end":{"line":124,"column":78}},"type":"binary-expr","locations":[{"start":{"line":124,"column":8},"end":{"line":124,"column":37}},{"start":{"line":124,"column":41},"end":{"line":124,"column":54}},{"start":{"line":124,"column":58},"end":{"line":124,"column":78}}]},"23":{"loc":{"start":{"line":134,"column":8},"end":{"line":134,"column":67}},"type":"if","locations":[{"start":{"line":134,"column":8},"end":{"line":134,"column":67}}]},"24":{"loc":{"start":{"line":139,"column":29},"end":{"line":139,"column":81}},"type":"cond-expr","locations":[{"start":{"line":139,"column":52},"end":{"line":139,"column":63}},{"start":{"line":139,"column":66},"end":{"line":139,"column":81}}]},"25":{"loc":{"start":{"line":142,"column":11},"end":{"line":158,"column":5}},"type":"if","locations":[{"start":{"line":142,"column":11},"end":{"line":158,"column":5}}]},"26":{"loc":{"start":{"line":142,"column":15},"end":{"line":142,"column":90}},"type":"binary-expr","locations":[{"start":{"line":142,"column":15},"end":{"line":142,"column":45}},{"start":{"line":142,"column":49},"end":{"line":142,"column":65}},{"start":{"line":142,"column":69},"end":{"line":142,"column":90}}]},"27":{"loc":{"start":{"line":149,"column":8},"end":{"line":149,"column":97}},"type":"if","locations":[{"start":{"line":149,"column":8},"end":{"line":149,"column":97}}]},"28":{"loc":{"start":{"line":155,"column":29},"end":{"line":155,"column":81}},"type":"cond-expr","locations":[{"start":{"line":155,"column":52},"end":{"line":155,"column":63}},{"start":{"line":155,"column":66},"end":{"line":155,"column":81}}]}},"s":{"0":1,"1":1,"2":1,"3":2,"4":1,"5":22,"6":22,"7":0,"8":0,"9":0,"10":0,"11":0,"12":0,"13":22,"14":21,"15":21,"16":1,"17":14,"18":1,"19":13,"20":12,"21":0,"22":0,"23":0,"24":0,"25":0,"26":0,"27":0,"28":0,"29":0,"30":0,"31":0,"32":0,"33":12,"34":12,"35":24,"36":12,"37":12,"38":3,"39":12,"40":12,"41":12,"42":12,"43":0,"44":0,"45":0,"46":13,"47":1,"48":12,"49":1,"50":11,"51":1,"52":10,"53":1,"54":9,"55":1,"56":8,"57":0,"58":0,"59":0,"60":0,"61":0,"62":0,"63":0,"64":0,"65":0,"66":0,"67":0,"68":0,"69":8,"70":7,"71":14,"72":7,"73":7,"74":7,"75":2,"76":7,"77":7,"78":5,"79":2,"80":2,"81":1,"82":1},"f":{"0":1,"1":1,"2":2,"3":1,"4":22,"5":22,"6":14,"7":12,"8":13,"9":7},"b":{"0":[0],"1":[1],"2":[0,22],"3":[22,0,0],"4":[0,0],"5":[21],"6":[22,21,21],"7":[1],"8":[0,12],"9":[12,0,0],"10":[0],"11":[0,0],"12":[12],"13":[12,12,12],"14":[3],"15":[0,0],"16":[1],"17":[1],"18":[1],"19":[1],"20":[1],"21":[0,8],"22":[8,0,0],"23":[0],"24":[0,0],"25":[7],"26":[8,7,7],"27":[2],"28":[0,2]}}
,"C:\\Users\\Ega\\Desktop\\messenger-e2ee-module\\src\\algorithms\\blowfish.ts": {"path":"C:\\Users\\Ega\\Desktop\\messenger-e2ee-module\\src\\algorithms\\blowfish.ts","statementMap":{"0":{"start":{"line":2,"column":0},"end":{"line":2,"column":52}},"1":{"start":{"line":9,"column":20},"end":{"line":9,"column":43}},"2":{"start":{"line":10,"column":4},"end":{"line":10,"column":41}},"3":{"start":{"line":14,"column":4},"end":{"line":16,"column":5}},"4":{"start":{"line":15,"column":6},"end":{"line":15,"column":44}},"5":{"start":{"line":17,"column":4},"end":{"line":17,"column":43}},"6":{"start":{"line":21,"column":4},"end":{"line":21,"column":41}},"7":{"start":{"line":24,"column":27},"end":{"line":30,"column":null}},"8":{"start":{"line":25,"column":4},"end":{"line":27,"column":5}},"9":{"start":{"line":26,"column":6},"end":{"line":26,"column":122}},"10":{"start":{"line":28,"column":21},"end":{"line":28,"column":32}},"11":{"start":{"line":29,"column":4},"end":{"line":29,"column":45}},"12":{"start":{"line":33,"column":4},"end":{"line":59,"column":5}},"13":{"start":{"line":35,"column":6},"end":{"line":39,"column":7}},"14":{"start":{"line":36,"column":8},"end":{"line":36,"column":45}},"15":{"start":{"line":36,"column":19},"end":{"line":36,"column":44}},"16":{"start":{"line":38,"column":8},"end":{"line":38,"column":40}},"17":{"start":{"line":41,"column":28},"end":{"line":41,"column":75}},"18":{"start":{"line":42,"column":27},"end":{"line":42,"column":73}},"19":{"start":{"line":43,"column":26},"end":{"line":43,"column":71}},"20":{"start":{"line":45,"column":24},"end":{"line":48,"column":null}},"21":{"start":{"line":51,"column":34},"end":{"line":51,"column":54}},"22":{"start":{"line":53,"column":28},"end":{"line":53,"column":74}},"23":{"start":{"line":54,"column":37},"end":{"line":54,"column":134}},"24":{"start":{"line":54,"column":114},"end":{"line":54,"column":132}},"25":{"start":{"line":56,"column":6},"end":{"line":56,"column":32}},"26":{"start":{"line":58,"column":6},"end":{"line":58,"column":109}},"27":{"start":{"line":63,"column":4},"end":{"line":92,"column":5}},"28":{"start":{"line":65,"column":6},"end":{"line":69,"column":7}},"29":{"start":{"line":66,"column":8},"end":{"line":66,"column":45}},"30":{"start":{"line":66,"column":19},"end":{"line":66,"column":44}},"31":{"start":{"line":68,"column":8},"end":{"line":68,"column":40}},"32":{"start":{"line":71,"column":28},"end":{"line":73,"column":17}},"33":{"start":{"line":72,"column":21},"end":{"line":72,"column":55}},"34":{"start":{"line":74,"column":34},"end":{"line":74,"column":71}},"35":{"start":{"line":75,"column":27},"end":{"line":75,"column":73}},"36":{"start":{"line":76,"column":26},"end":{"line":76,"column":81}},"37":{"start":{"line":78,"column":27},"end":{"line":80,"column":8}},"38":{"start":{"line":82,"column":24},"end":{"line":85,"column":null}},"39":{"start":{"line":88,"column":27},"end":{"line":88,"column":63}},"40":{"start":{"line":89,"column":6},"end":{"line":89,"column":102}},"41":{"start":{"line":89,"column":81},"end":{"line":89,"column":99}},"42":{"start":{"line":91,"column":6},"end":{"line":91,"column":109}},"43":{"start":{"line":7,"column":0},"end":{"line":7,"column":13}}},"fnMap":{"0":{"name":"(anonymous_16)","decl":{"start":{"line":8,"column":8},"end":{"line":8,"column":19}},"loc":{"start":{"line":8,"column":50},"end":{"line":11,"column":null}}},"1":{"name":"(anonymous_18)","decl":{"start":{"line":13,"column":8},"end":{"line":13,"column":15}},"loc":{"start":{"line":13,"column":66},"end":{"line":18,"column":null}}},"2":{"name":"(anonymous_20)","decl":{"start":{"line":20,"column":8},"end":{"line":20,"column":15}},"loc":{"start":{"line":20,"column":57},"end":{"line":22,"column":null}}},"3":{"name":"(anonymous_22)","decl":{"start":{"line":24,"column":2},"end":{"line":24,"column":8}},"loc":{"start":{"line":24,"column":26},"end":{"line":30,"column":null}}},"4":{"name":"(anonymous_23)","decl":{"start":{"line":24,"column":27},"end":{"line":24,"column":45}},"loc":{"start":{"line":24,"column":48},"end":{"line":30,"column":3}}},"5":{"name":"(anonymous_24)","decl":{"start":{"line":32,"column":2},"end":{"line":32,"column":8}},"loc":{"start":{"line":32,"column":72},"end":{"line":60,"column":null}}},"6":{"name":"(anonymous_26)","decl":{"start":{"line":36,"column":19},"end":{"line":36,"column":32}},"loc":{"start":{"line":36,"column":19},"end":{"line":36,"column":44}}},"7":{"name":"(anonymous_27)","decl":{"start":{"line":54,"column":88},"end":{"line":54,"column":89}},"loc":{"start":{"line":54,"column":114},"end":{"line":54,"column":132}}},"8":{"name":"(anonymous_28)","decl":{"start":{"line":62,"column":2},"end":{"line":62,"column":8}},"loc":{"start":{"line":62,"column":67},"end":{"line":93,"column":null}}},"9":{"name":"(anonymous_30)","decl":{"start":{"line":66,"column":19},"end":{"line":66,"column":32}},"loc":{"start":{"line":66,"column":19},"end":{"line":66,"column":44}}},"10":{"name":"(anonymous_31)","decl":{"start":{"line":72,"column":13},"end":{"line":72,"column":17}},"loc":{"start":{"line":72,"column":21},"end":{"line":72,"column":55}}},"11":{"name":"(anonymous_32)","decl":{"start":{"line":89,"column":63},"end":{"line":89,"column":64}},"loc":{"start":{"line":89,"column":81},"end":{"line":89,"column":99}}}},"branchMap":{"0":{"loc":{"start":{"line":9,"column":20},"end":{"line":9,"column":43}},"type":"binary-expr","locations":[{"start":{"line":9,"column":20},"end":{"line":9,"column":36}},{"start":{"line":9,"column":40},"end":{"line":9,"column":43}}]},"1":{"loc":{"start":{"line":9,"column":20},"end":{"line":9,"column":36}},"type":"cond-expr","locations":[{"start":{"line":9,"column":27},"end":{"line":9,"column":29}},{"start":{"line":9,"column":20},"end":{"line":9,"column":36}}]},"2":{"loc":{"start":{"line":9,"column":20},"end":{"line":9,"column":29}},"type":"binary-expr","locations":[{"start":{"line":9,"column":20},"end":{"line":9,"column":29}},{"start":{"line":9,"column":20},"end":{"line":9,"column":29}}]},"3":{"loc":{"start":{"line":14,"column":4},"end":{"line":16,"column":5}},"type":"if","locations":[{"start":{"line":14,"column":4},"end":{"line":16,"column":5}}]},"4":{"loc":{"start":{"line":24,"column":27},"end":{"line":24,"column":48}},"type":"default-arg","locations":[{"start":{"line":24,"column":45},"end":{"line":24,"column":48}}]},"5":{"loc":{"start":{"line":25,"column":4},"end":{"line":27,"column":5}},"type":"if","locations":[{"start":{"line":25,"column":4},"end":{"line":27,"column":5}}]},"6":{"loc":{"start":{"line":25,"column":8},"end":{"line":25,"column":58}},"type":"binary-expr","locations":[{"start":{"line":25,"column":8},"end":{"line":25,"column":20}},{"start":{"line":25,"column":24},"end":{"line":25,"column":37}},{"start":{"line":25,"column":41},"end":{"line":25,"column":58}}]},"7":{"loc":{"start":{"line":35,"column":6},"end":{"line":39,"column":7}},"type":"if","locations":[{"start":{"line":35,"column":6},"end":{"line":39,"column":7}},{"start":{"line":37,"column":13},"end":{"line":39,"column":7}}]},"8":{"loc":{"start":{"line":58,"column":53},"end":{"line":58,"column":105}},"type":"cond-expr","locations":[{"start":{"line":58,"column":76},"end":{"line":58,"column":87}},{"start":{"line":58,"column":90},"end":{"line":58,"column":105}}]},"9":{"loc":{"start":{"line":65,"column":6},"end":{"line":69,"column":7}},"type":"if","locations":[{"start":{"line":65,"column":6},"end":{"line":69,"column":7}},{"start":{"line":67,"column":13},"end":{"line":69,"column":7}}]},"10":{"loc":{"start":{"line":91,"column":53},"end":{"line":91,"column":105}},"type":"cond-expr","locations":[{"start":{"line":91,"column":76},"end":{"line":91,"column":87}},{"start":{"line":91,"column":90},"end":{"line":91,"column":105}}]}},"s":{"0":1,"1":4,"2":4,"3":4,"4":3,"5":4,"6":3,"7":4,"8":4,"9":1,"10":3,"11":3,"12":4,"13":4,"14":0,"15":0,"16":4,"17":4,"18":4,"19":4,"20":4,"21":3,"22":3,"23":3,"24":40,"25":3,"26":1,"27":3,"28":3,"29":0,"30":0,"31":3,"32":3,"33":30,"34":3,"35":3,"36":3,"37":3,"38":1,"39":1,"40":1,"41":20,"42":2,"43":1},"f":{"0":4,"1":4,"2":3,"3":4,"4":4,"5":4,"6":0,"7":40,"8":3,"9":0,"10":30,"11":20},"b":{"0":[4,1],"1":[1,3],"2":[4,4],"3":[3],"4":[0],"5":[1],"6":[4,4,3],"7":[0,4],"8":[1,0],"9":[0,3],"10":[2,0]}}
,"C:\\Users\\Ega\\Desktop\\messenger-e2ee-module\\src\\algorithms\\camellia.ts": {"path":"C:\\Users\\Ega\\Desktop\\messenger-e2ee-module\\src\\algorithms\\camellia.ts","statementMap":{"0":{"start":{"line":2,"column":0},"end":{"line":2,"column":52}},"1":{"start":{"line":3,"column":0},"end":{"line":3,"column":36}},"2":{"start":{"line":7,"column":20},"end":{"line":7,"column":43}},"3":{"start":{"line":8,"column":4},"end":{"line":8,"column":41}},"4":{"start":{"line":12,"column":4},"end":{"line":14,"column":5}},"5":{"start":{"line":13,"column":6},"end":{"line":13,"column":45}},"6":{"start":{"line":15,"column":4},"end":{"line":15,"column":43}},"7":{"start":{"line":19,"column":4},"end":{"line":19,"column":41}},"8":{"start":{"line":22,"column":27},"end":{"line":29,"column":null}},"9":{"start":{"line":23,"column":26},"end":{"line":23,"column":41}},"10":{"start":{"line":24,"column":4},"end":{"line":26,"column":5}},"11":{"start":{"line":25,"column":6},"end":{"line":25,"column":100}},"12":{"start":{"line":27,"column":21},"end":{"line":27,"column":32}},"13":{"start":{"line":28,"column":4},"end":{"line":28,"column":45}},"14":{"start":{"line":32,"column":4},"end":{"line":56,"column":5}},"15":{"start":{"line":34,"column":24},"end":{"line":34,"column":85}},"16":{"start":{"line":35,"column":23},"end":{"line":35,"column":83}},"17":{"start":{"line":36,"column":22},"end":{"line":36,"column":81}},"18":{"start":{"line":39,"column":21},"end":{"line":39,"column":72}},"19":{"start":{"line":40,"column":6},"end":{"line":40,"column":36}},"20":{"start":{"line":41,"column":6},"end":{"line":41,"column":31}},"21":{"start":{"line":42,"column":22},"end":{"line":42,"column":37}},"22":{"start":{"line":44,"column":6},"end":{"line":46,"column":7}},"23":{"start":{"line":45,"column":8},"end":{"line":45,"column":62}},"24":{"start":{"line":49,"column":25},"end":{"line":50,"column":null}},"25":{"start":{"line":53,"column":6},"end":{"line":53,"column":32}},"26":{"start":{"line":55,"column":6},"end":{"line":55,"column":109}},"27":{"start":{"line":60,"column":4},"end":{"line":82,"column":5}},"28":{"start":{"line":62,"column":30},"end":{"line":62,"column":107}},"29":{"start":{"line":63,"column":23},"end":{"line":63,"column":83}},"30":{"start":{"line":64,"column":22},"end":{"line":64,"column":91}},"31":{"start":{"line":67,"column":23},"end":{"line":67,"column":76}},"32":{"start":{"line":68,"column":6},"end":{"line":68,"column":38}},"33":{"start":{"line":69,"column":6},"end":{"line":69,"column":39}},"34":{"start":{"line":70,"column":22},"end":{"line":70,"column":39}},"35":{"start":{"line":72,"column":6},"end":{"line":74,"column":7}},"36":{"start":{"line":73,"column":8},"end":{"line":73,"column":62}},"37":{"start":{"line":77,"column":6},"end":{"line":79,"column":8}},"38":{"start":{"line":81,"column":6},"end":{"line":81,"column":109}},"39":{"start":{"line":5,"column":0},"end":{"line":5,"column":13}}},"fnMap":{"0":{"name":"(anonymous_16)","decl":{"start":{"line":6,"column":8},"end":{"line":6,"column":19}},"loc":{"start":{"line":6,"column":59},"end":{"line":9,"column":null}}},"1":{"name":"(anonymous_18)","decl":{"start":{"line":11,"column":8},"end":{"line":11,"column":15}},"loc":{"start":{"line":11,"column":66},"end":{"line":16,"column":null}}},"2":{"name":"(anonymous_20)","decl":{"start":{"line":18,"column":8},"end":{"line":18,"column":15}},"loc":{"start":{"line":18,"column":57},"end":{"line":20,"column":null}}},"3":{"name":"(anonymous_22)","decl":{"start":{"line":22,"column":2},"end":{"line":22,"column":8}},"loc":{"start":{"line":22,"column":26},"end":{"line":29,"column":null}}},"4":{"name":"(anonymous_23)","decl":{"start":{"line":22,"column":27},"end":{"line":22,"column":54}},"loc":{"start":{"line":22,"column":57},"end":{"line":29,"column":3}}},"5":{"name":"(anonymous_24)","decl":{"start":{"line":31,"column":2},"end":{"line":31,"column":8}},"loc":{"start":{"line":31,"column":72},"end":{"line":57,"column":null}}},"6":{"name":"(anonymous_26)","decl":{"start":{"line":59,"column":2},"end":{"line":59,"column":8}},"loc":{"start":{"line":59,"column":67},"end":{"line":83,"column":null}}}},"branchMap":{"0":{"loc":{"start":{"line":7,"column":20},"end":{"line":7,"column":43}},"type":"binary-expr","locations":[{"start":{"line":7,"column":20},"end":{"line":7,"column":36}},{"start":{"line":7,"column":40},"end":{"line":7,"column":43}}]},"1":{"loc":{"start":{"line":7,"column":20},"end":{"line":7,"column":36}},"type":"cond-expr","locations":[{"start":{"line":7,"column":27},"end":{"line":7,"column":29}},{"start":{"line":7,"column":20},"end":{"line":7,"column":36}}]},"2":{"loc":{"start":{"line":7,"column":20},"end":{"line":7,"column":29}},"type":"binary-expr","locations":[{"start":{"line":7,"column":20},"end":{"line":7,"column":29}},{"start":{"line":7,"column":20},"end":{"line":7,"column":29}}]},"3":{"loc":{"start":{"line":12,"column":4},"end":{"line":14,"column":5}},"type":"if","locations":[{"start":{"line":12,"column":4},"end":{"line":14,"column":5}}]},"4":{"loc":{"start":{"line":22,"column":27},"end":{"line":22,"column":57}},"type":"default-arg","locations":[{"start":{"line":22,"column":54},"end":{"line":22,"column":57}}]},"5":{"loc":{"start":{"line":24,"column":4},"end":{"line":26,"column":5}},"type":"if","locations":[{"start":{"line":24,"column":4},"end":{"line":26,"column":5}}]},"6":{"loc":{"start":{"line":44,"column":6},"end":{"line":46,"column":7}},"type":"if","locations":[{"start":{"line":44,"column":6},"end":{"line":46,"column":7}}]},"7":{"loc":{"start":{"line":55,"column":53},"end":{"line":55,"column":105}},"type":"cond-expr","locations":[{"start":{"line":55,"column":76},"end":{"line":55,"column":87}},{"start":{"line":55,"column":90},"end":{"line":55,"column":105}}]},"8":{"loc":{"start":{"line":72,"column":6},"end":{"line":74,"column":7}},"type":"if","locations":[{"start":{"line":72,"column":6},"end":{"line":74,"column":7}}]},"9":{"loc":{"start":{"line":81,"column":53},"end":{"line":81,"column":105}},"type":"cond-expr","locations":[{"start":{"line":81,"column":76},"end":{"line":81,"column":87}},{"start":{"line":81,"column":90},"end":{"line":81,"column":105}}]}},"s":{"0":1,"1":1,"2":4,"3":4,"4":4,"5":2,"6":4,"7":2,"8":4,"9":4,"10":4,"11":1,"12":3,"13":3,"14":4,"15":4,"16":4,"17":4,"18":4,"19":4,"20":4,"21":4,"22":4,"23":2,"24":2,"25":2,"26":2,"27":2,"28":2,"29":2,"30":2,"31":2,"32":2,"33":2,"34":2,"35":2,"36":1,"37":1,"38":1,"39":1},"f":{"0":4,"1":4,"2":2,"3":4,"4":4,"5":4,"6":2},"b":{"0":[4,1],"1":[1,3],"2":[4,4],"3":[2],"4":[0],"5":[1],"6":[2],"7":[2,0],"8":[1],"9":[1,0]}}
,"C:\\Users\\Ega\\Desktop\\messenger-e2ee-module\\src\\algorithms\\chacha20.ts": {"path":"C:\\Users\\Ega\\Desktop\\messenger-e2ee-module\\src\\algorithms\\chacha20.ts","statementMap":{"0":{"start":{"line":3,"column":0},"end":{"line":3,"column":52}},"1":{"start":{"line":5,"column":26},"end":{"line":5,"column":30}},"2":{"start":{"line":9,"column":4},"end":{"line":9,"column":34}},"3":{"start":{"line":13,"column":4},"end":{"line":13,"column":43}},"4":{"start":{"line":17,"column":4},"end":{"line":17,"column":41}},"5":{"start":{"line":21,"column":4},"end":{"line":21,"column":31}},"6":{"start":{"line":21,"column":24},"end":{"line":21,"column":31}},"7":{"start":{"line":23,"column":4},"end":{"line":32,"column":5}},"8":{"start":{"line":24,"column":18},"end":{"line":24,"column":42}},"9":{"start":{"line":26,"column":6},"end":{"line":26,"column":42}},"10":{"start":{"line":28,"column":6},"end":{"line":30,"column":7}},"11":{"start":{"line":29,"column":8},"end":{"line":29,"column":110}},"12":{"start":{"line":31,"column":6},"end":{"line":31,"column":117}},"13":{"start":{"line":36,"column":4},"end":{"line":36,"column":45}},"14":{"start":{"line":44,"column":4},"end":{"line":44,"column":35}},"15":{"start":{"line":46,"column":4},"end":{"line":61,"column":5}},"16":{"start":{"line":47,"column":17},"end":{"line":47,"column":61}},"17":{"start":{"line":50,"column":21},"end":{"line":50,"column":48}},"18":{"start":{"line":52,"column":25},"end":{"line":52,"column":52}},"19":{"start":{"line":53,"column":6},"end":{"line":53,"column":38}},"20":{"start":{"line":55,"column":6},"end":{"line":55,"column":32}},"21":{"start":{"line":57,"column":6},"end":{"line":59,"column":7}},"22":{"start":{"line":58,"column":8},"end":{"line":58,"column":72}},"23":{"start":{"line":60,"column":6},"end":{"line":60,"column":80}},"24":{"start":{"line":68,"column":4},"end":{"line":68,"column":35}},"25":{"start":{"line":70,"column":4},"end":{"line":82,"column":5}},"26":{"start":{"line":71,"column":21},"end":{"line":71,"column":58}},"27":{"start":{"line":73,"column":24},"end":{"line":73,"column":67}},"28":{"start":{"line":74,"column":6},"end":{"line":74,"column":53}},"29":{"start":{"line":76,"column":6},"end":{"line":76,"column":23}},"30":{"start":{"line":78,"column":6},"end":{"line":80,"column":7}},"31":{"start":{"line":79,"column":8},"end":{"line":79,"column":72}},"32":{"start":{"line":81,"column":6},"end":{"line":81,"column":80}},"33":{"start":{"line":7,"column":0},"end":{"line":7,"column":13}}},"fnMap":{"0":{"name":"(anonymous_16)","decl":{"start":{"line":8,"column":8},"end":{"line":8,"column":19}},"loc":{"start":{"line":8,"column":33},"end":{"line":10,"column":null}}},"1":{"name":"(anonymous_18)","decl":{"start":{"line":12,"column":8},"end":{"line":12,"column":15}},"loc":{"start":{"line":12,"column":66},"end":{"line":14,"column":null}}},"2":{"name":"(anonymous_20)","decl":{"start":{"line":16,"column":8},"end":{"line":16,"column":15}},"loc":{"start":{"line":16,"column":57},"end":{"line":18,"column":null}}},"3":{"name":"(anonymous_22)","decl":{"start":{"line":20,"column":10},"end":{"line":20,"column":16}},"loc":{"start":{"line":20,"column":40},"end":{"line":33,"column":null}}},"4":{"name":"(anonymous_24)","decl":{"start":{"line":24,"column":18},"end":{"line":24,"column":31}},"loc":{"start":{"line":24,"column":18},"end":{"line":24,"column":42}}},"5":{"name":"(anonymous_25)","decl":{"start":{"line":35,"column":2},"end":{"line":35,"column":8}},"loc":{"start":{"line":35,"column":26},"end":{"line":37,"column":null}}},"6":{"name":"(anonymous_27)","decl":{"start":{"line":39,"column":2},"end":{"line":39,"column":8}},"loc":{"start":{"line":42,"column":22},"end":{"line":62,"column":null}}},"7":{"name":"(anonymous_29)","decl":{"start":{"line":64,"column":2},"end":{"line":64,"column":8}},"loc":{"start":{"line":66,"column":19},"end":{"line":83,"column":null}}}},"branchMap":{"0":{"loc":{"start":{"line":21,"column":4},"end":{"line":21,"column":31}},"type":"if","locations":[{"start":{"line":21,"column":4},"end":{"line":21,"column":31}}]},"1":{"loc":{"start":{"line":26,"column":23},"end":{"line":26,"column":41}},"type":"binary-expr","locations":[{"start":{"line":26,"column":23},"end":{"line":26,"column":34}},{"start":{"line":26,"column":38},"end":{"line":26,"column":41}}]},"2":{"loc":{"start":{"line":28,"column":6},"end":{"line":30,"column":7}},"type":"if","locations":[{"start":{"line":28,"column":6},"end":{"line":30,"column":7}}]},"3":{"loc":{"start":{"line":47,"column":17},"end":{"line":47,"column":61}},"type":"binary-expr","locations":[{"start":{"line":47,"column":17},"end":{"line":47,"column":22}},{"start":{"line":47,"column":27},"end":{"line":47,"column":60}}]},"4":{"loc":{"start":{"line":57,"column":6},"end":{"line":59,"column":7}},"type":"if","locations":[{"start":{"line":57,"column":6},"end":{"line":59,"column":7}}]},"5":{"loc":{"start":{"line":78,"column":6},"end":{"line":80,"column":7}},"type":"if","locations":[{"start":{"line":78,"column":6},"end":{"line":80,"column":7}}]}},"s":{"0":2,"1":2,"2":1,"3":1,"4":1,"5":12,"6":10,"7":2,"8":4,"9":1,"10":1,"11":1,"12":0,"13":10,"14":8,"15":7,"16":7,"17":7,"18":7,"19":7,"20":6,"21":1,"22":1,"23":0,"24":4,"25":4,"26":4,"27":4,"28":4,"29":3,"30":1,"31":1,"32":0,"33":2},"f":{"0":1,"1":1,"2":1,"3":12,"4":2,"5":10,"6":8,"7":4},"b":{"0":[10],"1":[1,0],"2":[1],"3":[7,1],"4":[1],"5":[1]}}
,"C:\\Users\\Ega\\Desktop\\messenger-e2ee-module\\src\\algorithms\\ecdh.ts": {"path":"C:\\Users\\Ega\\Desktop\\messenger-e2ee-module\\src\\algorithms\\ecdh.ts","statementMap":{"0":{"start":{"line":126,"column":0},"end":{"line":126,"column":16}},"1":{"start":{"line":138,"column":0},"end":{"line":138,"column":22}},"2":{"start":{"line":2,"column":0},"end":{"line":2,"column":42}},"3":{"start":{"line":3,"column":0},"end":{"line":3,"column":46}},"4":{"start":{"line":6,"column":25},"end":{"line":6,"column":61}},"5":{"start":{"line":7,"column":47},"end":{"line":11,"column":2}},"6":{"start":{"line":15,"column":18},"end":{"line":15,"column":43}},"7":{"start":{"line":16,"column":4},"end":{"line":16,"column":45}},"8":{"start":{"line":20,"column":4},"end":{"line":20,"column":86}},"9":{"start":{"line":23,"column":31},"end":{"line":65,"column":null}},"10":{"start":{"line":24,"column":4},"end":{"line":26,"column":5}},"11":{"start":{"line":25,"column":6},"end":{"line":25,"column":108}},"12":{"start":{"line":28,"column":4},"end":{"line":63,"column":5}},"13":{"start":{"line":29,"column":6},"end":{"line":48,"column":7}},"14":{"start":{"line":30,"column":24},"end":{"line":36,"column":null}},"15":{"start":{"line":39,"column":34},"end":{"line":39,"column":96}},"16":{"start":{"line":40,"column":35},"end":{"line":40,"column":100}},"17":{"start":{"line":42,"column":8},"end":{"line":45,"column":10}},"18":{"start":{"line":47,"column":8},"end":{"line":47,"column":135}},"19":{"start":{"line":49,"column":11},"end":{"line":63,"column":5}},"20":{"start":{"line":50,"column":6},"end":{"line":62,"column":7}},"21":{"start":{"line":51,"column":30},"end":{"line":51,"column":60}},"22":{"start":{"line":52,"column":23},"end":{"line":52,"column":45}},"23":{"start":{"line":53,"column":21},"end":{"line":53,"column":53}},"24":{"start":{"line":54,"column":8},"end":{"line":54,"column":28}},"25":{"start":{"line":56,"column":8},"end":{"line":59,"column":10}},"26":{"start":{"line":61,"column":8},"end":{"line":61,"column":135}},"27":{"start":{"line":64,"column":4},"end":{"line":64,"column":71}},"28":{"start":{"line":67,"column":34},"end":{"line":123,"column":null}},"29":{"start":{"line":68,"column":4},"end":{"line":70,"column":5}},"30":{"start":{"line":69,"column":6},"end":{"line":69,"column":108}},"31":{"start":{"line":72,"column":26},"end":{"line":72,"column":56}},"32":{"start":{"line":74,"column":4},"end":{"line":121,"column":5}},"33":{"start":{"line":75,"column":6},"end":{"line":110,"column":7}},"34":{"start":{"line":76,"column":35},"end":{"line":84,"column":null}},"35":{"start":{"line":87,"column":34},"end":{"line":95,"column":null}},"36":{"start":{"line":98,"column":33},"end":{"line":104,"column":null}},"37":{"start":{"line":107,"column":8},"end":{"line":107,"column":48}},"38":{"start":{"line":109,"column":8},"end":{"line":109,"column":139}},"39":{"start":{"line":111,"column":11},"end":{"line":121,"column":5}},"40":{"start":{"line":112,"column":6},"end":{"line":120,"column":7}},"41":{"start":{"line":113,"column":23},"end":{"line":113,"column":45}},"42":{"start":{"line":114,"column":21},"end":{"line":114,"column":53}},"43":{"start":{"line":115,"column":8},"end":{"line":115,"column":52}},"44":{"start":{"line":116,"column":29},"end":{"line":116,"column":75}},"45":{"start":{"line":117,"column":8},"end":{"line":117,"column":44}},"46":{"start":{"line":119,"column":8},"end":{"line":119,"column":139}},"47":{"start":{"line":122,"column":4},"end":{"line":122,"column":71}},"48":{"start":{"line":13,"column":0},"end":{"line":13,"column":13}},"49":{"start":{"line":132,"column":2},"end":{"line":134,"column":3}},"50":{"start":{"line":133,"column":4},"end":{"line":133,"column":81}},"51":{"start":{"line":135,"column":2},"end":{"line":135,"column":56}},"52":{"start":{"line":139,"column":2},"end":{"line":151,"column":null}},"53":{"start":{"line":146,"column":2},"end":{"line":148,"column":3}},"54":{"start":{"line":147,"column":4},"end":{"line":147,"column":84}},"55":{"start":{"line":149,"column":23},"end":{"line":149,"column":86}},"56":{"start":{"line":150,"column":2},"end":{"line":150,"column":65}}},"fnMap":{"0":{"name":"(anonymous_16)","decl":{"start":{"line":14,"column":8},"end":{"line":14,"column":23}},"loc":{"start":{"line":14,"column":52},"end":{"line":17,"column":null}}},"1":{"name":"(anonymous_18)","decl":{"start":{"line":19,"column":8},"end":{"line":19,"column":26}},"loc":{"start":{"line":19,"column":92},"end":{"line":21,"column":null}}},"2":{"name":"(anonymous_20)","decl":{"start":{"line":23,"column":2},"end":{"line":23,"column":8}},"loc":{"start":{"line":23,"column":30},"end":{"line":65,"column":null}}},"3":{"name":"(anonymous_21)","decl":{"start":{"line":23,"column":31},"end":{"line":23,"column":47}},"loc":{"start":{"line":23,"column":54},"end":{"line":65,"column":3}}},"4":{"name":"(anonymous_22)","decl":{"start":{"line":52,"column":23},"end":{"line":52,"column":36}},"loc":{"start":{"line":52,"column":23},"end":{"line":52,"column":45}}},"5":{"name":"(anonymous_23)","decl":{"start":{"line":67,"column":2},"end":{"line":67,"column":8}},"loc":{"start":{"line":67,"column":33},"end":{"line":123,"column":null}}},"6":{"name":"(anonymous_24)","decl":{"start":{"line":67,"column":34},"end":{"line":67,"column":56}},"loc":{"start":{"line":67,"column":108},"end":{"line":123,"column":3}}},"7":{"name":"(anonymous_25)","decl":{"start":{"line":113,"column":23},"end":{"line":113,"column":36}},"loc":{"start":{"line":113,"column":23},"end":{"line":113,"column":45}}},"8":{"name":"deriveSymmetricKey","decl":{"start":{"line":126,"column":16},"end":{"line":126,"column":34}},"loc":{"start":{"line":130,"column":21},"end":{"line":136,"column":1}}},"9":{"name":"deriveAESKeyFromECDH","decl":{"start":{"line":138,"column":22},"end":{"line":138,"column":42}},"loc":{"start":{"line":138,"column":42},"end":{"line":151,"column":null}}},"10":{"name":"(anonymous_28)","decl":{"start":{"line":139,"column":2},"end":{"line":139,"column":24}},"loc":{"start":{"line":144,"column":24},"end":{"line":151,"column":1}}}},"branchMap":{"0":{"loc":{"start":{"line":15,"column":18},"end":{"line":15,"column":43}},"type":"binary-expr","locations":[{"start":{"line":15,"column":18},"end":{"line":15,"column":32}},{"start":{"line":15,"column":36},"end":{"line":15,"column":43}}]},"1":{"loc":{"start":{"line":15,"column":18},"end":{"line":15,"column":32}},"type":"cond-expr","locations":[{"start":{"line":15,"column":25},"end":{"line":15,"column":27}},{"start":{"line":15,"column":18},"end":{"line":15,"column":32}}]},"2":{"loc":{"start":{"line":15,"column":18},"end":{"line":15,"column":27}},"type":"binary-expr","locations":[{"start":{"line":15,"column":18},"end":{"line":15,"column":27}},{"start":{"line":15,"column":18},"end":{"line":15,"column":27}}]},"3":{"loc":{"start":{"line":20,"column":68},"end":{"line":20,"column":84}},"type":"binary-expr","locations":[{"start":{"line":20,"column":68},"end":{"line":20,"column":73}},{"start":{"line":20,"column":77},"end":{"line":20,"column":84}}]},"4":{"loc":{"start":{"line":23,"column":31},"end":{"line":23,"column":54}},"type":"default-arg","locations":[{"start":{"line":23,"column":47},"end":{"line":23,"column":54}}]},"5":{"loc":{"start":{"line":24,"column":4},"end":{"line":26,"column":5}},"type":"if","locations":[{"start":{"line":24,"column":4},"end":{"line":26,"column":5}}]},"6":{"loc":{"start":{"line":28,"column":4},"end":{"line":63,"column":5}},"type":"if","locations":[{"start":{"line":28,"column":4},"end":{"line":63,"column":5}},{"start":{"line":49,"column":11},"end":{"line":63,"column":5}}]},"7":{"loc":{"start":{"line":28,"column":8},"end":{"line":28,"column":78}},"type":"binary-expr","locations":[{"start":{"line":28,"column":8},"end":{"line":28,"column":37}},{"start":{"line":28,"column":41},"end":{"line":28,"column":54}},{"start":{"line":28,"column":58},"end":{"line":28,"column":78}}]},"8":{"loc":{"start":{"line":47,"column":79},"end":{"line":47,"column":131}},"type":"cond-expr","locations":[{"start":{"line":47,"column":102},"end":{"line":47,"column":113}},{"start":{"line":47,"column":116},"end":{"line":47,"column":131}}]},"9":{"loc":{"start":{"line":49,"column":11},"end":{"line":63,"column":5}},"type":"if","locations":[{"start":{"line":49,"column":11},"end":{"line":63,"column":5}}]},"10":{"loc":{"start":{"line":49,"column":15},"end":{"line":49,"column":90}},"type":"binary-expr","locations":[{"start":{"line":49,"column":15},"end":{"line":49,"column":45}},{"start":{"line":49,"column":49},"end":{"line":49,"column":65}},{"start":{"line":49,"column":69},"end":{"line":49,"column":90}}]},"11":{"loc":{"start":{"line":51,"column":30},"end":{"line":51,"column":60}},"type":"binary-expr","locations":[{"start":{"line":51,"column":30},"end":{"line":51,"column":51}},{"start":{"line":51,"column":55},"end":{"line":51,"column":60}}]},"12":{"loc":{"start":{"line":61,"column":79},"end":{"line":61,"column":131}},"type":"cond-expr","locations":[{"start":{"line":61,"column":102},"end":{"line":61,"column":113}},{"start":{"line":61,"column":116},"end":{"line":61,"column":131}}]},"13":{"loc":{"start":{"line":67,"column":85},"end":{"line":67,"column":108}},"type":"default-arg","locations":[{"start":{"line":67,"column":101},"end":{"line":67,"column":108}}]},"14":{"loc":{"start":{"line":68,"column":4},"end":{"line":70,"column":5}},"type":"if","locations":[{"start":{"line":68,"column":4},"end":{"line":70,"column":5}}]},"15":{"loc":{"start":{"line":72,"column":26},"end":{"line":72,"column":56}},"type":"binary-expr","locations":[{"start":{"line":72,"column":26},"end":{"line":72,"column":47}},{"start":{"line":72,"column":51},"end":{"line":72,"column":56}}]},"16":{"loc":{"start":{"line":74,"column":4},"end":{"line":121,"column":5}},"type":"if","locations":[{"start":{"line":74,"column":4},"end":{"line":121,"column":5}},{"start":{"line":111,"column":11},"end":{"line":121,"column":5}}]},"17":{"loc":{"start":{"line":74,"column":8},"end":{"line":74,"column":78}},"type":"binary-expr","locations":[{"start":{"line":74,"column":8},"end":{"line":74,"column":37}},{"start":{"line":74,"column":41},"end":{"line":74,"column":54}},{"start":{"line":74,"column":58},"end":{"line":74,"column":78}}]},"18":{"loc":{"start":{"line":109,"column":83},"end":{"line":109,"column":135}},"type":"cond-expr","locations":[{"start":{"line":109,"column":106},"end":{"line":109,"column":117}},{"start":{"line":109,"column":120},"end":{"line":109,"column":135}}]},"19":{"loc":{"start":{"line":111,"column":11},"end":{"line":121,"column":5}},"type":"if","locations":[{"start":{"line":111,"column":11},"end":{"line":121,"column":5}}]},"20":{"loc":{"start":{"line":111,"column":15},"end":{"line":111,"column":90}},"type":"binary-expr","locations":[{"start":{"line":111,"column":15},"end":{"line":111,"column":45}},{"start":{"line":111,"column":49},"end":{"line":111,"column":65}},{"start":{"line":111,"column":69},"end":{"line":111,"column":90}}]},"21":{"loc":{"start":{"line":119,"column":83},"end":{"line":119,"column":135}},"type":"cond-expr","locations":[{"start":{"line":119,"column":106},"end":{"line":119,"column":117}},{"start":{"line":119,"column":120},"end":{"line":119,"column":135}}]},"22":{"loc":{"start":{"line":128,"column":2},"end":{"line":128,"column":38}},"type":"default-arg","locations":[{"start":{"line":128,"column":21},"end":{"line":128,"column":38}}]},"23":{"loc":{"start":{"line":129,"column":2},"end":{"line":129,"column":38}},"type":"default-arg","locations":[{"start":{"line":129,"column":21},"end":{"line":129,"column":38}}]},"24":{"loc":{"start":{"line":130,"column":2},"end":{"line":130,"column":21}},"type":"default-arg","locations":[{"start":{"line":130,"column":19},"end":{"line":130,"column":21}}]},"25":{"loc":{"start":{"line":132,"column":2},"end":{"line":134,"column":3}},"type":"if","locations":[{"start":{"line":132,"column":2},"end":{"line":134,"column":3}}]},"26":{"loc":{"start":{"line":141,"column":2},"end":{"line":141,"column":25}},"type":"default-arg","locations":[{"start":{"line":141,"column":18},"end":{"line":141,"column":25}}]},"27":{"loc":{"start":{"line":144,"column":2},"end":{"line":144,"column":24}},"type":"default-arg","locations":[{"start":{"line":144,"column":22},"end":{"line":144,"column":24}}]},"28":{"loc":{"start":{"line":146,"column":2},"end":{"line":148,"column":3}},"type":"if","locations":[{"start":{"line":146,"column":2},"end":{"line":148,"column":3}}]}},"s":{"0":1,"1":1,"2":1,"3":1,"4":1,"5":1,"6":5,"7":5,"8":5,"9":5,"10":5,"11":1,"12":4,"13":0,"14":0,"15":0,"16":0,"17":0,"18":0,"19":4,"20":3,"21":3,"22":6,"23":3,"24":3,"25":3,"26":0,"27":1,"28":8,"29":8,"30":1,"31":7,"32":7,"33":0,"34":0,"35":0,"36":0,"37":0,"38":0,"39":7,"40":6,"41":12,"42":6,"43":6,"44":6,"45":6,"46":0,"47":1,"48":1,"49":5,"50":1,"51":4,"52":4,"53":4,"54":1,"55":3,"56":3},"f":{"0":5,"1":5,"2":5,"3":5,"4":3,"5":8,"6":8,"7":6,"8":5,"9":4,"10":4},"b":{"0":[5,1],"1":[1,4],"2":[5,5],"3":[5,1],"4":[0],"5":[1],"6":[0,4],"7":[4,0,0],"8":[0,0],"9":[3],"10":[4,3,3],"11":[3,0],"12":[0,0],"13":[0],"14":[1],"15":[7,0],"16":[0,7],"17":[7,0,0],"18":[0,0],"19":[6],"20":[7,6,6],"21":[0,0],"22":[3],"23":[3],"24":[0],"25":[1],"26":[0],"27":[2],"28":[1]}}
,"C:\\Users\\Ega\\Desktop\\messenger-e2ee-module\\src\\algorithms\\ed25519.ts": {"path":"C:\\Users\\Ega\\Desktop\\messenger-e2ee-module\\src\\algorithms\\ed25519.ts","statementMap":{"0":{"start":{"line":5,"column":4},"end":{"line":5,"column":37}},"1":{"start":{"line":9,"column":4},"end":{"line":9,"column":45}},"2":{"start":{"line":13,"column":4},"end":{"line":13,"column":57}},"3":{"start":{"line":17,"column":4},"end":{"line":52,"column":5}},"4":{"start":{"line":18,"column":6},"end":{"line":36,"column":7}},"5":{"start":{"line":19,"column":24},"end":{"line":24,"column":null}},"6":{"start":{"line":27,"column":34},"end":{"line":27,"column":96}},"7":{"start":{"line":28,"column":35},"end":{"line":28,"column":100}},"8":{"start":{"line":30,"column":8},"end":{"line":33,"column":10}},"9":{"start":{"line":35,"column":8},"end":{"line":35,"column":137}},"10":{"start":{"line":37,"column":11},"end":{"line":52,"column":5}},"11":{"start":{"line":38,"column":6},"end":{"line":51,"column":7}},"12":{"start":{"line":39,"column":23},"end":{"line":39,"column":45}},"13":{"start":{"line":40,"column":42},"end":{"line":43,"column":10}},"14":{"start":{"line":45,"column":8},"end":{"line":48,"column":10}},"15":{"start":{"line":50,"column":8},"end":{"line":50,"column":137}},"16":{"start":{"line":53,"column":4},"end":{"line":53,"column":115}},"17":{"start":{"line":57,"column":4},"end":{"line":59,"column":5}},"18":{"start":{"line":58,"column":6},"end":{"line":58,"column":121}},"19":{"start":{"line":61,"column":4},"end":{"line":96,"column":5}},"20":{"start":{"line":62,"column":6},"end":{"line":81,"column":7}},"21":{"start":{"line":63,"column":35},"end":{"line":70,"column":null}},"22":{"start":{"line":72,"column":26},"end":{"line":75,"column":null}},"23":{"start":{"line":78,"column":8},"end":{"line":78,"column":41}},"24":{"start":{"line":80,"column":8},"end":{"line":80,"column":130}},"25":{"start":{"line":82,"column":11},"end":{"line":96,"column":5}},"26":{"start":{"line":83,"column":6},"end":{"line":95,"column":7}},"27":{"start":{"line":84,"column":23},"end":{"line":84,"column":45}},"28":{"start":{"line":85,"column":20},"end":{"line":89,"column":10}},"29":{"start":{"line":91,"column":26},"end":{"line":91,"column":70}},"30":{"start":{"line":92,"column":8},"end":{"line":92,"column":41}},"31":{"start":{"line":94,"column":8},"end":{"line":94,"column":130}},"32":{"start":{"line":98,"column":4},"end":{"line":98,"column":108}},"33":{"start":{"line":102,"column":4},"end":{"line":104,"column":5}},"34":{"start":{"line":103,"column":6},"end":{"line":103,"column":109}},"35":{"start":{"line":105,"column":4},"end":{"line":107,"column":5}},"36":{"start":{"line":106,"column":6},"end":{"line":106,"column":119}},"37":{"start":{"line":109,"column":4},"end":{"line":143,"column":5}},"38":{"start":{"line":110,"column":6},"end":{"line":129,"column":7}},"39":{"start":{"line":111,"column":34},"end":{"line":118,"column":null}},"40":{"start":{"line":121,"column":8},"end":{"line":126,"column":10}},"41":{"start":{"line":128,"column":8},"end":{"line":128,"column":135}},"42":{"start":{"line":130,"column":11},"end":{"line":143,"column":5}},"43":{"start":{"line":131,"column":6},"end":{"line":142,"column":7}},"44":{"start":{"line":132,"column":23},"end":{"line":132,"column":45}},"45":{"start":{"line":133,"column":20},"end":{"line":137,"column":10}},"46":{"start":{"line":139,"column":8},"end":{"line":139,"column":86}},"47":{"start":{"line":141,"column":8},"end":{"line":141,"column":135}},"48":{"start":{"line":145,"column":4},"end":{"line":145,"column":113}},"49":{"start":{"line":3,"column":0},"end":{"line":3,"column":13}}},"fnMap":{"0":{"name":"(anonymous_16)","decl":{"start":{"line":4,"column":8},"end":{"line":4,"column":23}},"loc":{"start":{"line":4,"column":23},"end":{"line":6,"column":null}}},"1":{"name":"(anonymous_18)","decl":{"start":{"line":8,"column":8},"end":{"line":8,"column":12}},"loc":{"start":{"line":8,"column":56},"end":{"line":10,"column":null}}},"2":{"name":"(anonymous_20)","decl":{"start":{"line":12,"column":8},"end":{"line":12,"column":14}},"loc":{"start":{"line":12,"column":80},"end":{"line":14,"column":null}}},"3":{"name":"(anonymous_22)","decl":{"start":{"line":16,"column":2},"end":{"line":16,"column":8}},"loc":{"start":{"line":16,"column":30},"end":{"line":54,"column":null}}},"4":{"name":"(anonymous_24)","decl":{"start":{"line":39,"column":23},"end":{"line":39,"column":36}},"loc":{"start":{"line":39,"column":23},"end":{"line":39,"column":45}}},"5":{"name":"(anonymous_25)","decl":{"start":{"line":56,"column":2},"end":{"line":56,"column":8}},"loc":{"start":{"line":56,"column":63},"end":{"line":99,"column":null}}},"6":{"name":"(anonymous_27)","decl":{"start":{"line":84,"column":23},"end":{"line":84,"column":36}},"loc":{"start":{"line":84,"column":23},"end":{"line":84,"column":45}}},"7":{"name":"(anonymous_28)","decl":{"start":{"line":101,"column":2},"end":{"line":101,"column":8}},"loc":{"start":{"line":101,"column":87},"end":{"line":146,"column":null}}},"8":{"name":"(anonymous_30)","decl":{"start":{"line":132,"column":23},"end":{"line":132,"column":36}},"loc":{"start":{"line":132,"column":23},"end":{"line":132,"column":45}}}},"branchMap":{"0":{"loc":{"start":{"line":17,"column":4},"end":{"line":52,"column":5}},"type":"if","locations":[{"start":{"line":17,"column":4},"end":{"line":52,"column":5}},{"start":{"line":37,"column":11},"end":{"line":52,"column":5}}]},"1":{"loc":{"start":{"line":17,"column":8},"end":{"line":17,"column":78}},"type":"binary-expr","locations":[{"start":{"line":17,"column":8},"end":{"line":17,"column":37}},{"start":{"line":17,"column":41},"end":{"line":17,"column":54}},{"start":{"line":17,"column":58},"end":{"line":17,"column":78}}]},"2":{"loc":{"start":{"line":35,"column":81},"end":{"line":35,"column":133}},"type":"cond-expr","locations":[{"start":{"line":35,"column":104},"end":{"line":35,"column":115}},{"start":{"line":35,"column":118},"end":{"line":35,"column":133}}]},"3":{"loc":{"start":{"line":37,"column":11},"end":{"line":52,"column":5}},"type":"if","locations":[{"start":{"line":37,"column":11},"end":{"line":52,"column":5}}]},"4":{"loc":{"start":{"line":37,"column":15},"end":{"line":37,"column":90}},"type":"binary-expr","locations":[{"start":{"line":37,"column":15},"end":{"line":37,"column":45}},{"start":{"line":37,"column":49},"end":{"line":37,"column":65}},{"start":{"line":37,"column":69},"end":{"line":37,"column":90}}]},"5":{"loc":{"start":{"line":50,"column":81},"end":{"line":50,"column":133}},"type":"cond-expr","locations":[{"start":{"line":50,"column":104},"end":{"line":50,"column":115}},{"start":{"line":50,"column":118},"end":{"line":50,"column":133}}]},"6":{"loc":{"start":{"line":57,"column":4},"end":{"line":59,"column":5}},"type":"if","locations":[{"start":{"line":57,"column":4},"end":{"line":59,"column":5}}]},"7":{"loc":{"start":{"line":61,"column":4},"end":{"line":96,"column":5}},"type":"if","locations":[{"start":{"line":61,"column":4},"end":{"line":96,"column":5}},{"start":{"line":82,"column":11},"end":{"line":96,"column":5}}]},"8":{"loc":{"start":{"line":61,"column":8},"end":{"line":61,"column":78}},"type":"binary-expr","locations":[{"start":{"line":61,"column":8},"end":{"line":61,"column":37}},{"start":{"line":61,"column":41},"end":{"line":61,"column":54}},{"start":{"line":61,"column":58},"end":{"line":61,"column":78}}]},"9":{"loc":{"start":{"line":80,"column":74},"end":{"line":80,"column":126}},"type":"cond-expr","locations":[{"start":{"line":80,"column":97},"end":{"line":80,"column":108}},{"start":{"line":80,"column":111},"end":{"line":80,"column":126}}]},"10":{"loc":{"start":{"line":82,"column":11},"end":{"line":96,"column":5}},"type":"if","locations":[{"start":{"line":82,"column":11},"end":{"line":96,"column":5}}]},"11":{"loc":{"start":{"line":82,"column":15},"end":{"line":82,"column":90}},"type":"binary-expr","locations":[{"start":{"line":82,"column":15},"end":{"line":82,"column":45}},{"start":{"line":82,"column":49},"end":{"line":82,"column":65}},{"start":{"line":82,"column":69},"end":{"line":82,"column":90}}]},"12":{"loc":{"start":{"line":94,"column":74},"end":{"line":94,"column":126}},"type":"cond-expr","locations":[{"start":{"line":94,"column":97},"end":{"line":94,"column":108}},{"start":{"line":94,"column":111},"end":{"line":94,"column":126}}]},"13":{"loc":{"start":{"line":102,"column":4},"end":{"line":104,"column":5}},"type":"if","locations":[{"start":{"line":102,"column":4},"end":{"line":104,"column":5}}]},"14":{"loc":{"start":{"line":105,"column":4},"end":{"line":107,"column":5}},"type":"if","locations":[{"start":{"line":105,"column":4},"end":{"line":107,"column":5}}]},"15":{"loc":{"start":{"line":109,"column":4},"end":{"line":143,"column":5}},"type":"if","locations":[{"start":{"line":109,"column":4},"end":{"line":143,"column":5}},{"start":{"line":130,"column":11},"end":{"line":143,"column":5}}]},"16":{"loc":{"start":{"line":109,"column":8},"end":{"line":109,"column":78}},"type":"binary-expr","locations":[{"start":{"line":109,"column":8},"end":{"line":109,"column":37}},{"start":{"line":109,"column":41},"end":{"line":109,"column":54}},{"start":{"line":109,"column":58},"end":{"line":109,"column":78}}]},"17":{"loc":{"start":{"line":128,"column":79},"end":{"line":128,"column":131}},"type":"cond-expr","locations":[{"start":{"line":128,"column":102},"end":{"line":128,"column":113}},{"start":{"line":128,"column":116},"end":{"line":128,"column":131}}]},"18":{"loc":{"start":{"line":130,"column":11},"end":{"line":143,"column":5}},"type":"if","locations":[{"start":{"line":130,"column":11},"end":{"line":143,"column":5}}]},"19":{"loc":{"start":{"line":130,"column":15},"end":{"line":130,"column":90}},"type":"binary-expr","locations":[{"start":{"line":130,"column":15},"end":{"line":130,"column":45}},{"start":{"line":130,"column":49},"end":{"line":130,"column":65}},{"start":{"line":130,"column":69},"end":{"line":130,"column":90}}]},"20":{"loc":{"start":{"line":141,"column":79},"end":{"line":141,"column":131}},"type":"cond-expr","locations":[{"start":{"line":141,"column":102},"end":{"line":141,"column":113}},{"start":{"line":141,"column":116},"end":{"line":141,"column":131}}]}},"s":{"0":5,"1":6,"2":7,"3":5,"4":0,"5":0,"6":0,"7":0,"8":0,"9":0,"10":5,"11":4,"12":8,"13":4,"14":3,"15":1,"16":1,"17":6,"18":1,"19":5,"20":0,"21":0,"22":0,"23":0,"24":0,"25":5,"26":4,"27":8,"28":4,"29":4,"30":3,"31":1,"32":1,"33":7,"34":1,"35":6,"36":1,"37":5,"38":0,"39":0,"40":0,"41":0,"42":5,"43":4,"44":8,"45":4,"46":4,"47":1,"48":1,"49":1},"f":{"0":5,"1":6,"2":7,"3":5,"4":4,"5":6,"6":4,"7":7,"8":4},"b":{"0":[0,5],"1":[5,0,0],"2":[0,0],"3":[4],"4":[5,4,4],"5":[1,0],"6":[1],"7":[0,5],"8":[5,0,0],"9":[0,0],"10":[4],"11":[5,4,4],"12":[1,0],"13":[1],"14":[1],"15":[0,5],"16":[5,0,0],"17":[0,0],"18":[4],"19":[5,4,4],"20":[1,0]}}
,"C:\\Users\\Ega\\Desktop\\messenger-e2ee-module\\src\\algorithms\\kyber.ts": {"path":"C:\\Users\\Ega\\Desktop\\messenger-e2ee-module\\src\\algorithms\\kyber.ts","statementMap":{"0":{"start":{"line":4,"column":23},"end":{"line":4,"column":27}},"1":{"start":{"line":8,"column":20},"end":{"line":8,"column":54}},"2":{"start":{"line":9,"column":4},"end":{"line":9,"column":48}},"3":{"start":{"line":13,"column":20},"end":{"line":13,"column":54}},"4":{"start":{"line":14,"column":4},"end":{"line":14,"column":55}},"5":{"start":{"line":18,"column":20},"end":{"line":18,"column":54}},"6":{"start":{"line":19,"column":4},"end":{"line":19,"column":68}},"7":{"start":{"line":28,"column":4},"end":{"line":28,"column":28}},"8":{"start":{"line":28,"column":21},"end":{"line":28,"column":28}},"9":{"start":{"line":30,"column":4},"end":{"line":37,"column":5}},"10":{"start":{"line":31,"column":6},"end":{"line":31,"column":46}},"11":{"start":{"line":31,"column":20},"end":{"line":31,"column":45}},"12":{"start":{"line":32,"column":6},"end":{"line":34,"column":7}},"13":{"start":{"line":33,"column":8},"end":{"line":33,"column":104}},"14":{"start":{"line":36,"column":6},"end":{"line":36,"column":149}},"15":{"start":{"line":40,"column":31},"end":{"line":58,"column":null}},"16":{"start":{"line":41,"column":4},"end":{"line":41,"column":35}},"17":{"start":{"line":43,"column":4},"end":{"line":57,"column":5}},"18":{"start":{"line":44,"column":24},"end":{"line":44,"column":44}},"19":{"start":{"line":45,"column":6},"end":{"line":47,"column":7}},"20":{"start":{"line":46,"column":8},"end":{"line":46,"column":150}},"21":{"start":{"line":49,"column":22},"end":{"line":49,"column":41}},"22":{"start":{"line":51,"column":6},"end":{"line":54,"column":8}},"23":{"start":{"line":56,"column":6},"end":{"line":56,"column":129}},"24":{"start":{"line":61,"column":4},"end":{"line":80,"column":null}},"25":{"start":{"line":64,"column":4},"end":{"line":64,"column":35}},"26":{"start":{"line":66,"column":4},"end":{"line":79,"column":5}},"27":{"start":{"line":67,"column":24},"end":{"line":67,"column":44}},"28":{"start":{"line":68,"column":6},"end":{"line":70,"column":7}},"29":{"start":{"line":69,"column":8},"end":{"line":69,"column":150}},"30":{"start":{"line":71,"column":27},"end":{"line":71,"column":53}},"31":{"start":{"line":73,"column":6},"end":{"line":76,"column":8}},"32":{"start":{"line":78,"column":6},"end":{"line":78,"column":128}},"33":{"start":{"line":83,"column":4},"end":{"line":101,"column":null}},"34":{"start":{"line":87,"column":4},"end":{"line":87,"column":35}},"35":{"start":{"line":89,"column":4},"end":{"line":100,"column":5}},"36":{"start":{"line":90,"column":24},"end":{"line":90,"column":44}},"37":{"start":{"line":91,"column":6},"end":{"line":93,"column":7}},"38":{"start":{"line":92,"column":8},"end":{"line":92,"column":150}},"39":{"start":{"line":95,"column":27},"end":{"line":95,"column":66}},"40":{"start":{"line":97,"column":6},"end":{"line":97,"column":42}},"41":{"start":{"line":99,"column":6},"end":{"line":99,"column":128}},"42":{"start":{"line":6,"column":0},"end":{"line":6,"column":13}},"43":{"start":{"line":23,"column":18},"end":{"line":23,"column":40}},"44":{"start":{"line":24,"column":18},"end":{"line":24,"column":40}},"45":{"start":{"line":25,"column":18},"end":{"line":25,"column":42}}},"fnMap":{"0":{"name":"(anonymous_16)","decl":{"start":{"line":7,"column":8},"end":{"line":7,"column":23}},"loc":{"start":{"line":7,"column":54},"end":{"line":10,"column":null}}},"1":{"name":"(anonymous_18)","decl":{"start":{"line":12,"column":8},"end":{"line":12,"column":19}},"loc":{"start":{"line":12,"column":73},"end":{"line":15,"column":null}}},"2":{"name":"(anonymous_20)","decl":{"start":{"line":17,"column":8},"end":{"line":17,"column":19}},"loc":{"start":{"line":17,"column":98},"end":{"line":20,"column":null}}},"3":{"name":"(anonymous_22)","decl":{"start":{"line":27,"column":10},"end":{"line":27,"column":16}},"loc":{"start":{"line":27,"column":40},"end":{"line":38,"column":null}}},"4":{"name":"(anonymous_24)","decl":{"start":{"line":31,"column":20},"end":{"line":31,"column":33}},"loc":{"start":{"line":31,"column":20},"end":{"line":31,"column":45}}},"5":{"name":"(anonymous_25)","decl":{"start":{"line":40,"column":2},"end":{"line":40,"column":8}},"loc":{"start":{"line":40,"column":30},"end":{"line":58,"column":null}}},"6":{"name":"(anonymous_26)","decl":{"start":{"line":40,"column":31},"end":{"line":40,"column":49}},"loc":{"start":{"line":40,"column":63},"end":{"line":58,"column":3}}},"7":{"name":"(anonymous_27)","decl":{"start":{"line":60,"column":2},"end":{"line":60,"column":8}},"loc":{"start":{"line":60,"column":26},"end":{"line":80,"column":null}}},"8":{"name":"(anonymous_28)","decl":{"start":{"line":61,"column":4},"end":{"line":61,"column":25}},"loc":{"start":{"line":62,"column":36},"end":{"line":80,"column":3}}},"9":{"name":"(anonymous_29)","decl":{"start":{"line":82,"column":2},"end":{"line":82,"column":8}},"loc":{"start":{"line":82,"column":26},"end":{"line":101,"column":null}}},"10":{"name":"(anonymous_30)","decl":{"start":{"line":83,"column":4},"end":{"line":83,"column":26}},"loc":{"start":{"line":85,"column":36},"end":{"line":101,"column":3}}}},"branchMap":{"0":{"loc":{"start":{"line":8,"column":20},"end":{"line":8,"column":54}},"type":"binary-expr","locations":[{"start":{"line":8,"column":20},"end":{"line":8,"column":36}},{"start":{"line":8,"column":40},"end":{"line":8,"column":54}}]},"1":{"loc":{"start":{"line":8,"column":20},"end":{"line":8,"column":36}},"type":"cond-expr","locations":[{"start":{"line":8,"column":27},"end":{"line":8,"column":29}},{"start":{"line":8,"column":20},"end":{"line":8,"column":36}}]},"2":{"loc":{"start":{"line":8,"column":20},"end":{"line":8,"column":29}},"type":"binary-expr","locations":[{"start":{"line":8,"column":20},"end":{"line":8,"column":29}},{"start":{"line":8,"column":20},"end":{"line":8,"column":29}}]},"3":{"loc":{"start":{"line":13,"column":20},"end":{"line":13,"column":54}},"type":"binary-expr","locations":[{"start":{"line":13,"column":20},"end":{"line":13,"column":36}},{"start":{"line":13,"column":40},"end":{"line":13,"column":54}}]},"4":{"loc":{"start":{"line":13,"column":20},"end":{"line":13,"column":36}},"type":"cond-expr","locations":[{"start":{"line":13,"column":27},"end":{"line":13,"column":29}},{"start":{"line":13,"column":20},"end":{"line":13,"column":36}}]},"5":{"loc":{"start":{"line":13,"column":20},"end":{"line":13,"column":29}},"type":"binary-expr","locations":[{"start":{"line":13,"column":20},"end":{"line":13,"column":29}},{"start":{"line":13,"column":20},"end":{"line":13,"column":29}}]},"6":{"loc":{"start":{"line":18,"column":20},"end":{"line":18,"column":54}},"type":"binary-expr","locations":[{"start":{"line":18,"column":20},"end":{"line":18,"column":36}},{"start":{"line":18,"column":40},"end":{"line":18,"column":54}}]},"7":{"loc":{"start":{"line":18,"column":20},"end":{"line":18,"column":36}},"type":"cond-expr","locations":[{"start":{"line":18,"column":27},"end":{"line":18,"column":29}},{"start":{"line":18,"column":20},"end":{"line":18,"column":36}}]},"8":{"loc":{"start":{"line":18,"column":20},"end":{"line":18,"column":29}},"type":"binary-expr","locations":[{"start":{"line":18,"column":20},"end":{"line":18,"column":29}},{"start":{"line":18,"column":20},"end":{"line":18,"column":29}}]},"9":{"loc":{"start":{"line":28,"column":4},"end":{"line":28,"column":28}},"type":"if","locations":[{"start":{"line":28,"column":4},"end":{"line":28,"column":28}}]},"10":{"loc":{"start":{"line":32,"column":6},"end":{"line":34,"column":7}},"type":"if","locations":[{"start":{"line":32,"column":6},"end":{"line":34,"column":7}}]},"11":{"loc":{"start":{"line":32,"column":10},"end":{"line":32,"column":82}},"type":"binary-expr","locations":[{"start":{"line":32,"column":10},"end":{"line":32,"column":31}},{"start":{"line":32,"column":35},"end":{"line":32,"column":56}},{"start":{"line":32,"column":60},"end":{"line":32,"column":82}}]},"12":{"loc":{"start":{"line":36,"column":54},"end":{"line":36,"column":110}},"type":"cond-expr","locations":[{"start":{"line":36,"column":79},"end":{"line":36,"column":92}},{"start":{"line":36,"column":95},"end":{"line":36,"column":110}}]},"13":{"loc":{"start":{"line":40,"column":31},"end":{"line":40,"column":63}},"type":"default-arg","locations":[{"start":{"line":40,"column":49},"end":{"line":40,"column":63}}]},"14":{"loc":{"start":{"line":45,"column":6},"end":{"line":47,"column":7}},"type":"if","locations":[{"start":{"line":45,"column":6},"end":{"line":47,"column":7}}]},"15":{"loc":{"start":{"line":56,"column":69},"end":{"line":56,"column":125}},"type":"cond-expr","locations":[{"start":{"line":56,"column":94},"end":{"line":56,"column":107}},{"start":{"line":56,"column":110},"end":{"line":56,"column":125}}]},"16":{"loc":{"start":{"line":62,"column":4},"end":{"line":62,"column":36}},"type":"default-arg","locations":[{"start":{"line":62,"column":22},"end":{"line":62,"column":36}}]},"17":{"loc":{"start":{"line":68,"column":6},"end":{"line":70,"column":7}},"type":"if","locations":[{"start":{"line":68,"column":6},"end":{"line":70,"column":7}}]},"18":{"loc":{"start":{"line":78,"column":68},"end":{"line":78,"column":124}},"type":"cond-expr","locations":[{"start":{"line":78,"column":93},"end":{"line":78,"column":106}},{"start":{"line":78,"column":109},"end":{"line":78,"column":124}}]},"19":{"loc":{"start":{"line":85,"column":4},"end":{"line":85,"column":36}},"type":"default-arg","locations":[{"start":{"line":85,"column":22},"end":{"line":85,"column":36}}]},"20":{"loc":{"start":{"line":91,"column":6},"end":{"line":93,"column":7}},"type":"if","locations":[{"start":{"line":91,"column":6},"end":{"line":93,"column":7}}]},"21":{"loc":{"start":{"line":99,"column":68},"end":{"line":99,"column":124}},"type":"cond-expr","locations":[{"start":{"line":99,"column":93},"end":{"line":99,"column":106}},{"start":{"line":99,"column":109},"end":{"line":99,"column":124}}]}},"s":{"0":1,"1":7,"2":7,"3":4,"4":4,"5":4,"6":4,"7":15,"8":14,"9":1,"10":1,"11":1,"12":1,"13":0,"14":0,"15":7,"16":7,"17":7,"18":7,"19":7,"20":1,"21":6,"22":3,"23":4,"24":4,"25":4,"26":4,"27":4,"28":4,"29":1,"30":3,"31":1,"32":3,"33":4,"34":4,"35":4,"36":4,"37":4,"38":1,"39":3,"40":1,"41":3,"42":1,"43":1,"44":1,"45":1},"f":{"0":7,"1":4,"2":4,"3":15,"4":1,"5":7,"6":7,"7":4,"8":4,"9":4,"10":4},"b":{"0":[7,2],"1":[2,5],"2":[7,7],"3":[4,1],"4":[1,3],"5":[4,4],"6":[4,1],"7":[1,3],"8":[4,4],"9":[14],"10":[0],"11":[1,1,1],"12":[0,0],"13":[0],"14":[1],"15":[4,0],"16":[0],"17":[1],"18":[3,0],"19":[0],"20":[1],"21":[3,0]}}
,"C:\\Users\\Ega\\Desktop\\messenger-e2ee-module\\src\\utils\\crypto-utils.ts": {"path":"C:\\Users\\Ega\\Desktop\\messenger-e2ee-module\\src\\utils\\crypto-utils.ts","statementMap":{"0":{"start":{"line":9,"column":4},"end":{"line":16,"column":5}},"1":{"start":{"line":10,"column":20},"end":{"line":10,"column":42}},"2":{"start":{"line":11,"column":6},"end":{"line":11,"column":43}},"3":{"start":{"line":12,"column":6},"end":{"line":12,"column":19}},"4":{"start":{"line":13,"column":11},"end":{"line":16,"column":5}},"5":{"start":{"line":14,"column":21},"end":{"line":14,"column":43}},"6":{"start":{"line":15,"column":6},"end":{"line":15,"column":56}},"7":{"start":{"line":17,"column":4},"end":{"line":17,"column":71}},"8":{"start":{"line":24,"column":4},"end":{"line":33,"column":5}},"9":{"start":{"line":26,"column":21},"end":{"line":28,"column":17}},"10":{"start":{"line":27,"column":21},"end":{"line":27,"column":46}},"11":{"start":{"line":29,"column":6},"end":{"line":29,"column":26}},"12":{"start":{"line":30,"column":11},"end":{"line":33,"column":5}},"13":{"start":{"line":32,"column":6},"end":{"line":32,"column":50}},"14":{"start":{"line":34,"column":4},"end":{"line":34,"column":76}},"15":{"start":{"line":41,"column":4},"end":{"line":52,"column":5}},"16":{"start":{"line":43,"column":21},"end":{"line":43,"column":31}},"17":{"start":{"line":44,"column":20},"end":{"line":44,"column":49}},"18":{"start":{"line":45,"column":6},"end":{"line":47,"column":7}},"19":{"start":{"line":45,"column":19},"end":{"line":45,"column":20}},"20":{"start":{"line":46,"column":8},"end":{"line":46,"column":40}},"21":{"start":{"line":48,"column":6},"end":{"line":48,"column":19}},"22":{"start":{"line":49,"column":11},"end":{"line":52,"column":5}},"23":{"start":{"line":51,"column":6},"end":{"line":51,"column":57}},"24":{"start":{"line":53,"column":4},"end":{"line":53,"column":76}},"25":{"start":{"line":60,"column":4},"end":{"line":63,"column":6}},"26":{"start":{"line":70,"column":4},"end":{"line":73,"column":6}},"27":{"start":{"line":80,"column":51},"end":{"line":83,"column":6}},"28":{"start":{"line":85,"column":4},"end":{"line":87,"column":5}},"29":{"start":{"line":86,"column":6},"end":{"line":86,"column":57}},"30":{"start":{"line":89,"column":4},"end":{"line":89,"column":22}},"31":{"start":{"line":96,"column":37},"end":{"line":99,"column":6}},"32":{"start":{"line":101,"column":4},"end":{"line":103,"column":5}},"33":{"start":{"line":102,"column":6},"end":{"line":102,"column":59}},"34":{"start":{"line":105,"column":4},"end":{"line":105,"column":18}},"35":{"start":{"line":112,"column":4},"end":{"line":116,"column":5}},"36":{"start":{"line":113,"column":6},"end":{"line":113,"column":43}},"37":{"start":{"line":114,"column":11},"end":{"line":116,"column":5}},"38":{"start":{"line":115,"column":6},"end":{"line":115,"column":54}},"39":{"start":{"line":119,"column":18},"end":{"line":119,"column":44}},"40":{"start":{"line":120,"column":4},"end":{"line":122,"column":5}},"41":{"start":{"line":120,"column":17},"end":{"line":120,"column":18}},"42":{"start":{"line":121,"column":6},"end":{"line":121,"column":42}},"43":{"start":{"line":123,"column":4},"end":{"line":123,"column":17}},"44":{"start":{"line":130,"column":4},"end":{"line":134,"column":5}},"45":{"start":{"line":131,"column":6},"end":{"line":131,"column":52}},"46":{"start":{"line":132,"column":11},"end":{"line":134,"column":5}},"47":{"start":{"line":133,"column":6},"end":{"line":133,"column":49}},"48":{"start":{"line":137,"column":17},"end":{"line":137,"column":19}},"49":{"start":{"line":138,"column":4},"end":{"line":140,"column":5}},"50":{"start":{"line":138,"column":17},"end":{"line":138,"column":18}},"51":{"start":{"line":139,"column":6},"end":{"line":139,"column":46}},"52":{"start":{"line":141,"column":4},"end":{"line":141,"column":18}},"53":{"start":{"line":148,"column":4},"end":{"line":148,"column":44}},"54":{"start":{"line":148,"column":31},"end":{"line":148,"column":44}},"55":{"start":{"line":150,"column":17},"end":{"line":150,"column":18}},"56":{"start":{"line":151,"column":4},"end":{"line":153,"column":5}},"57":{"start":{"line":151,"column":17},"end":{"line":151,"column":18}},"58":{"start":{"line":152,"column":6},"end":{"line":152,"column":28}},"59":{"start":{"line":155,"column":4},"end":{"line":155,"column":24}},"60":{"start":{"line":4,"column":0},"end":{"line":4,"column":13}}},"fnMap":{"0":{"name":"(anonymous_16)","decl":{"start":{"line":8,"column":2},"end":{"line":8,"column":8}},"loc":{"start":{"line":8,"column":41},"end":{"line":18,"column":null}}},"1":{"name":"(anonymous_18)","decl":{"start":{"line":14,"column":21},"end":{"line":14,"column":34}},"loc":{"start":{"line":14,"column":21},"end":{"line":14,"column":43}}},"2":{"name":"(anonymous_19)","decl":{"start":{"line":23,"column":2},"end":{"line":23,"column":8}},"loc":{"start":{"line":23,"column":34},"end":{"line":35,"column":3}}},"3":{"name":"(anonymous_20)","decl":{"start":{"line":27,"column":13},"end":{"line":27,"column":17}},"loc":{"start":{"line":27,"column":21},"end":{"line":27,"column":46}}},"4":{"name":"(anonymous_21)","decl":{"start":{"line":40,"column":2},"end":{"line":40,"column":8}},"loc":{"start":{"line":40,"column":32},"end":{"line":54,"column":3}}},"5":{"name":"(anonymous_22)","decl":{"start":{"line":59,"column":2},"end":{"line":59,"column":8}},"loc":{"start":{"line":59,"column":42},"end":{"line":64,"column":3}}},"6":{"name":"(anonymous_23)","decl":{"start":{"line":69,"column":2},"end":{"line":69,"column":8}},"loc":{"start":{"line":69,"column":57},"end":{"line":74,"column":3}}},"7":{"name":"(anonymous_24)","decl":{"start":{"line":79,"column":2},"end":{"line":79,"column":8}},"loc":{"start":{"line":79,"column":59},"end":{"line":90,"column":3}}},"8":{"name":"(anonymous_25)","decl":{"start":{"line":95,"column":2},"end":{"line":95,"column":8}},"loc":{"start":{"line":95,"column":75},"end":{"line":106,"column":3}}},"9":{"name":"(anonymous_26)","decl":{"start":{"line":111,"column":2},"end":{"line":111,"column":8}},"loc":{"start":{"line":111,"column":34},"end":{"line":124,"column":3}}},"10":{"name":"(anonymous_27)","decl":{"start":{"line":129,"column":2},"end":{"line":129,"column":8}},"loc":{"start":{"line":129,"column":40},"end":{"line":142,"column":3}}},"11":{"name":"(anonymous_28)","decl":{"start":{"line":147,"column":2},"end":{"line":147,"column":8}},"loc":{"start":{"line":147,"column":55},"end":{"line":156,"column":3}}}},"branchMap":{"0":{"loc":{"start":{"line":9,"column":4},"end":{"line":16,"column":5}},"type":"if","locations":[{"start":{"line":9,"column":4},"end":{"line":16,"column":5}},{"start":{"line":13,"column":11},"end":{"line":16,"column":5}}]},"1":{"loc":{"start":{"line":9,"column":8},"end":{"line":9,"column":54}},"type":"binary-expr","locations":[{"start":{"line":9,"column":8},"end":{"line":9,"column":37}},{"start":{"line":9,"column":41},"end":{"line":9,"column":54}}]},"2":{"loc":{"start":{"line":13,"column":11},"end":{"line":16,"column":5}},"type":"if","locations":[{"start":{"line":13,"column":11},"end":{"line":16,"column":5}}]},"3":{"loc":{"start":{"line":13,"column":15},"end":{"line":13,"column":90}},"type":"binary-expr","locations":[{"start":{"line":13,"column":15},"end":{"line":13,"column":45}},{"start":{"line":13,"column":49},"end":{"line":13,"column":65}},{"start":{"line":13,"column":69},"end":{"line":13,"column":90}}]},"4":{"loc":{"start":{"line":24,"column":4},"end":{"line":33,"column":5}},"type":"if","locations":[{"start":{"line":24,"column":4},"end":{"line":33,"column":5}},{"start":{"line":30,"column":11},"end":{"line":33,"column":5}}]},"5":{"loc":{"start":{"line":30,"column":11},"end":{"line":33,"column":5}},"type":"if","locations":[{"start":{"line":30,"column":11},"end":{"line":33,"column":5}}]},"6":{"loc":{"start":{"line":41,"column":4},"end":{"line":52,"column":5}},"type":"if","locations":[{"start":{"line":41,"column":4},"end":{"line":52,"column":5}},{"start":{"line":49,"column":11},"end":{"line":52,"column":5}}]},"7":{"loc":{"start":{"line":49,"column":11},"end":{"line":52,"column":5}},"type":"if","locations":[{"start":{"line":49,"column":11},"end":{"line":52,"column":5}}]},"8":{"loc":{"start":{"line":85,"column":4},"end":{"line":87,"column":5}},"type":"if","locations":[{"start":{"line":85,"column":4},"end":{"line":87,"column":5}}]},"9":{"loc":{"start":{"line":101,"column":4},"end":{"line":103,"column":5}},"type":"if","locations":[{"start":{"line":101,"column":4},"end":{"line":103,"column":5}}]},"10":{"loc":{"start":{"line":112,"column":4},"end":{"line":116,"column":5}},"type":"if","locations":[{"start":{"line":112,"column":4},"end":{"line":116,"column":5}},{"start":{"line":114,"column":11},"end":{"line":116,"column":5}}]},"11":{"loc":{"start":{"line":114,"column":11},"end":{"line":116,"column":5}},"type":"if","locations":[{"start":{"line":114,"column":11},"end":{"line":116,"column":5}}]},"12":{"loc":{"start":{"line":130,"column":4},"end":{"line":134,"column":5}},"type":"if","locations":[{"start":{"line":130,"column":4},"end":{"line":134,"column":5}},{"start":{"line":132,"column":11},"end":{"line":134,"column":5}}]},"13":{"loc":{"start":{"line":132,"column":11},"end":{"line":134,"column":5}},"type":"if","locations":[{"start":{"line":132,"column":11},"end":{"line":134,"column":5}}]},"14":{"loc":{"start":{"line":148,"column":4},"end":{"line":148,"column":44}},"type":"if","locations":[{"start":{"line":148,"column":4},"end":{"line":148,"column":44}}]}},"s":{"0":56,"1":0,"2":0,"3":0,"4":56,"5":110,"6":55,"7":1,"8":11,"9":11,"10":37,"11":11,"12":0,"13":0,"14":0,"15":9,"16":9,"17":9,"18":9,"19":9,"20":31,"21":9,"22":0,"23":0,"24":0,"25":2,"26":1,"27":2,"28":2,"29":1,"30":2,"31":2,"32":2,"33":1,"34":2,"35":2,"36":2,"37":0,"38":0,"39":0,"40":0,"41":0,"42":0,"43":0,"44":2,"45":2,"46":0,"47":0,"48":0,"49":0,"50":0,"51":0,"52":0,"53":3,"54":1,"55":2,"56":2,"57":2,"58":6,"59":2,"60":6},"f":{"0":56,"1":55,"2":11,"3":37,"4":9,"5":2,"6":1,"7":2,"8":2,"9":2,"10":2,"11":3},"b":{"0":[0,56],"1":[56,0],"2":[55],"3":[56,55,55],"4":[11,0],"5":[0],"6":[9,0],"7":[0],"8":[1],"9":[1],"10":[2,0],"11":[0],"12":[2,0],"13":[0],"14":[1]}}
}
