{"D:\\Files\\js\\cryptolib\\messenger-e2ee-module\\dist\\algorithms\\aes.js": {"path":"D:\\Files\\js\\cryptolib\\messenger-e2ee-module\\dist\\algorithms\\aes.js","statementMap":{"0":{"start":{"line":2,"column":22},"end":{"line":12,"column":3}},"1":{"start":{"line":3,"column":4},"end":{"line":3,"column":33}},"2":{"start":{"line":3,"column":26},"end":{"line":3,"column":33}},"3":{"start":{"line":4,"column":15},"end":{"line":4,"column":52}},"4":{"start":{"line":5,"column":4},"end":{"line":7,"column":5}},"5":{"start":{"line":6,"column":6},"end":{"line":6,"column":68}},"6":{"start":{"line":6,"column":51},"end":{"line":6,"column":63}},"7":{"start":{"line":8,"column":4},"end":{"line":8,"column":39}},"8":{"start":{"line":10,"column":4},"end":{"line":10,"column":33}},"9":{"start":{"line":10,"column":26},"end":{"line":10,"column":33}},"10":{"start":{"line":11,"column":4},"end":{"line":11,"column":17}},"11":{"start":{"line":13,"column":25},"end":{"line":17,"column":2}},"12":{"start":{"line":14,"column":4},"end":{"line":14,"column":72}},"13":{"start":{"line":16,"column":4},"end":{"line":16,"column":21}},"14":{"start":{"line":18,"column":19},"end":{"line":34,"column":4}},"15":{"start":{"line":19,"column":18},"end":{"line":26,"column":5}},"16":{"start":{"line":20,"column":8},"end":{"line":24,"column":10}},"17":{"start":{"line":21,"column":21},"end":{"line":21,"column":23}},"18":{"start":{"line":22,"column":12},"end":{"line":22,"column":95}},"19":{"start":{"line":22,"column":29},"end":{"line":22,"column":95}},"20":{"start":{"line":22,"column":77},"end":{"line":22,"column":95}},"21":{"start":{"line":23,"column":12},"end":{"line":23,"column":22}},"22":{"start":{"line":25,"column":8},"end":{"line":25,"column":26}},"23":{"start":{"line":27,"column":4},"end":{"line":33,"column":6}},"24":{"start":{"line":28,"column":8},"end":{"line":28,"column":46}},"25":{"start":{"line":28,"column":35},"end":{"line":28,"column":46}},"26":{"start":{"line":29,"column":21},"end":{"line":29,"column":23}},"27":{"start":{"line":30,"column":8},"end":{"line":30,"column":137}},"28":{"start":{"line":30,"column":25},"end":{"line":30,"column":137}},"29":{"start":{"line":30,"column":38},"end":{"line":30,"column":50}},"30":{"start":{"line":30,"column":56},"end":{"line":30,"column":57}},"31":{"start":{"line":30,"column":78},"end":{"line":30,"column":137}},"32":{"start":{"line":30,"column":102},"end":{"line":30,"column":137}},"33":{"start":{"line":31,"column":8},"end":{"line":31,"column":40}},"34":{"start":{"line":32,"column":8},"end":{"line":32,"column":22}},"35":{"start":{"line":35,"column":16},"end":{"line":43,"column":1}},"36":{"start":{"line":36,"column":28},"end":{"line":36,"column":110}},"37":{"start":{"line":36,"column":91},"end":{"line":36,"column":106}},"38":{"start":{"line":37,"column":4},"end":{"line":42,"column":7}},"39":{"start":{"line":38,"column":36},"end":{"line":38,"column":97}},"40":{"start":{"line":38,"column":42},"end":{"line":38,"column":70}},"41":{"start":{"line":38,"column":85},"end":{"line":38,"column":95}},"42":{"start":{"line":39,"column":35},"end":{"line":39,"column":100}},"43":{"start":{"line":39,"column":41},"end":{"line":39,"column":73}},"44":{"start":{"line":39,"column":88},"end":{"line":39,"column":98}},"45":{"start":{"line":40,"column":32},"end":{"line":40,"column":116}},"46":{"start":{"line":41,"column":8},"end":{"line":41,"column":78}},"47":{"start":{"line":44,"column":0},"end":{"line":44,"column":62}},"48":{"start":{"line":45,"column":0},"end":{"line":45,"column":25}},"49":{"start":{"line":46,"column":23},"end":{"line":46,"column":55}},"50":{"start":{"line":49,"column":8},"end":{"line":51,"column":11}},"51":{"start":{"line":50,"column":12},"end":{"line":50,"column":45}},"52":{"start":{"line":54,"column":8},"end":{"line":56,"column":11}},"53":{"start":{"line":55,"column":12},"end":{"line":55,"column":62}},"54":{"start":{"line":59,"column":8},"end":{"line":61,"column":11}},"55":{"start":{"line":60,"column":12},"end":{"line":60,"column":67}},"56":{"start":{"line":64,"column":8},"end":{"line":81,"column":11}},"57":{"start":{"line":65,"column":12},"end":{"line":79,"column":13}},"58":{"start":{"line":66,"column":16},"end":{"line":74,"column":17}},"59":{"start":{"line":67,"column":32},"end":{"line":67,"column":135}},"60":{"start":{"line":68,"column":40},"end":{"line":68,"column":88}},"61":{"start":{"line":69,"column":20},"end":{"line":69,"column":55}},"62":{"start":{"line":72,"column":41},"end":{"line":72,"column":93}},"63":{"start":{"line":73,"column":20},"end":{"line":73,"column":82}},"64":{"start":{"line":76,"column":17},"end":{"line":79,"column":13}},"65":{"start":{"line":77,"column":33},"end":{"line":77,"column":41}},"66":{"start":{"line":78,"column":16},"end":{"line":78,"column":78}},"67":{"start":{"line":80,"column":12},"end":{"line":80,"column":79}},"68":{"start":{"line":84,"column":8},"end":{"line":124,"column":11}},"69":{"start":{"line":86,"column":12},"end":{"line":88,"column":13}},"70":{"start":{"line":87,"column":16},"end":{"line":87,"column":54}},"71":{"start":{"line":89,"column":23},"end":{"line":89,"column":71}},"72":{"start":{"line":90,"column":12},"end":{"line":122,"column":13}},"73":{"start":{"line":91,"column":16},"end":{"line":105,"column":17}},"74":{"start":{"line":92,"column":40},"end":{"line":92,"column":153}},"75":{"start":{"line":93,"column":35},"end":{"line":93,"column":74}},"76":{"start":{"line":94,"column":20},"end":{"line":95,"column":63}},"77":{"start":{"line":95,"column":24},"end":{"line":95,"column":63}},"78":{"start":{"line":96,"column":42},"end":{"line":96,"column":103}},"79":{"start":{"line":97,"column":43},"end":{"line":97,"column":72}},"80":{"start":{"line":98,"column":39},"end":{"line":98,"column":90}},"81":{"start":{"line":99,"column":36},"end":{"line":99,"column":84}},"82":{"start":{"line":100,"column":20},"end":{"line":100,"column":55}},"83":{"start":{"line":103,"column":41},"end":{"line":103,"column":93}},"84":{"start":{"line":104,"column":20},"end":{"line":104,"column":82}},"85":{"start":{"line":107,"column":17},"end":{"line":122,"column":13}},"86":{"start":{"line":108,"column":16},"end":{"line":121,"column":17}},"87":{"start":{"line":109,"column":35},"end":{"line":109,"column":102}},"88":{"start":{"line":109,"column":70},"end":{"line":109,"column":101}},"89":{"start":{"line":110,"column":35},"end":{"line":110,"column":120}},"90":{"start":{"line":111,"column":20},"end":{"line":112,"column":67}},"91":{"start":{"line":112,"column":24},"end":{"line":112,"column":67}},"92":{"start":{"line":113,"column":36},"end":{"line":113,"column":68}},"93":{"start":{"line":114,"column":20},"end":{"line":114,"column":75}},"94":{"start":{"line":115,"column":36},"end":{"line":115,"column":55}},"95":{"start":{"line":116,"column":20},"end":{"line":116,"column":107}},"96":{"start":{"line":119,"column":41},"end":{"line":119,"column":93}},"97":{"start":{"line":120,"column":20},"end":{"line":120,"column":82}},"98":{"start":{"line":123,"column":12},"end":{"line":123,"column":79}},"99":{"start":{"line":127,"column":8},"end":{"line":178,"column":11}},"100":{"start":{"line":129,"column":12},"end":{"line":131,"column":13}},"101":{"start":{"line":130,"column":16},"end":{"line":130,"column":54}},"102":{"start":{"line":132,"column":12},"end":{"line":134,"column":13}},"103":{"start":{"line":133,"column":16},"end":{"line":133,"column":53}},"104":{"start":{"line":135,"column":12},"end":{"line":137,"column":13}},"105":{"start":{"line":136,"column":16},"end":{"line":136,"column":62}},"106":{"start":{"line":138,"column":12},"end":{"line":140,"column":13}},"107":{"start":{"line":139,"column":16},"end":{"line":139,"column":89}},"108":{"start":{"line":141,"column":12},"end":{"line":143,"column":13}},"109":{"start":{"line":142,"column":16},"end":{"line":142,"column":58}},"110":{"start":{"line":144,"column":12},"end":{"line":176,"column":13}},"111":{"start":{"line":145,"column":16},"end":{"line":159,"column":17}},"112":{"start":{"line":146,"column":40},"end":{"line":146,"column":153}},"113":{"start":{"line":147,"column":45},"end":{"line":147,"column":115}},"114":{"start":{"line":148,"column":20},"end":{"line":148,"column":63}},"115":{"start":{"line":149,"column":20},"end":{"line":149,"column":89}},"116":{"start":{"line":150,"column":35},"end":{"line":150,"column":88}},"117":{"start":{"line":151,"column":20},"end":{"line":152,"column":63}},"118":{"start":{"line":152,"column":24},"end":{"line":152,"column":63}},"119":{"start":{"line":153,"column":42},"end":{"line":153,"column":115}},"120":{"start":{"line":154,"column":20},"end":{"line":154,"column":57}},"121":{"start":{"line":157,"column":41},"end":{"line":157,"column":93}},"122":{"start":{"line":158,"column":20},"end":{"line":158,"column":82}},"123":{"start":{"line":161,"column":17},"end":{"line":176,"column":13}},"124":{"start":{"line":162,"column":16},"end":{"line":175,"column":17}},"125":{"start":{"line":163,"column":35},"end":{"line":163,"column":102}},"126":{"start":{"line":163,"column":70},"end":{"line":163,"column":101}},"127":{"start":{"line":164,"column":37},"end":{"line":164,"column":134}},"128":{"start":{"line":165,"column":20},"end":{"line":165,"column":72}},"129":{"start":{"line":166,"column":20},"end":{"line":167,"column":69}},"130":{"start":{"line":167,"column":24},"end":{"line":167,"column":69}},"131":{"start":{"line":168,"column":36},"end":{"line":168,"column":86}},"132":{"start":{"line":169,"column":20},"end":{"line":169,"column":77}},"133":{"start":{"line":170,"column":20},"end":{"line":170,"column":53}},"134":{"start":{"line":173,"column":41},"end":{"line":173,"column":93}},"135":{"start":{"line":174,"column":20},"end":{"line":174,"column":82}},"136":{"start":{"line":177,"column":12},"end":{"line":177,"column":79}},"137":{"start":{"line":181,"column":0},"end":{"line":181,"column":26}}},"fnMap":{"0":{"name":"(anonymous_0)","decl":{"start":{"line":2,"column":74},"end":{"line":2,"column":83}},"loc":{"start":{"line":2,"column":94},"end":{"line":9,"column":1}}},"1":{"name":"(anonymous_1)","decl":{"start":{"line":6,"column":38},"end":{"line":6,"column":51}},"loc":{"start":{"line":6,"column":38},"end":{"line":6,"column":65}}},"2":{"name":"(anonymous_2)","decl":{"start":{"line":9,"column":6},"end":{"line":9,"column":15}},"loc":{"start":{"line":9,"column":26},"end":{"line":12,"column":1}}},"3":{"name":"(anonymous_3)","decl":{"start":{"line":13,"column":80},"end":{"line":13,"column":89}},"loc":{"start":{"line":13,"column":93},"end":{"line":15,"column":1}}},"4":{"name":"(anonymous_4)","decl":{"start":{"line":15,"column":5},"end":{"line":15,"column":14}},"loc":{"start":{"line":15,"column":18},"end":{"line":17,"column":1}}},"5":{"name":"(anonymous_5)","decl":{"start":{"line":18,"column":51},"end":{"line":18,"column":null}},"loc":{"start":{"line":18,"column":51},"end":{"line":34,"column":1}}},"6":{"name":"(anonymous_6)","decl":{"start":{"line":19,"column":18},"end":{"line":19,"column":27}},"loc":{"start":{"line":19,"column":28},"end":{"line":26,"column":5}}},"7":{"name":"(anonymous_7)","decl":{"start":{"line":20,"column":48},"end":{"line":20,"column":58}},"loc":{"start":{"line":20,"column":59},"end":{"line":24,"column":9}}},"8":{"name":"(anonymous_8)","decl":{"start":{"line":27,"column":11},"end":{"line":27,"column":21}},"loc":{"start":{"line":27,"column":24},"end":{"line":33,"column":5}}},"9":{"name":"(anonymous_9)","decl":{"start":{"line":35,"column":44},"end":{"line":35,"column":54}},"loc":{"start":{"line":35,"column":87},"end":{"line":43,"column":1}}},"10":{"name":"adopt","decl":{"start":{"line":36,"column":13},"end":{"line":36,"column":18}},"loc":{"start":{"line":36,"column":24},"end":{"line":36,"column":112}}},"11":{"name":"(anonymous_11)","decl":{"start":{"line":36,"column":70},"end":{"line":36,"column":80}},"loc":{"start":{"line":36,"column":87},"end":{"line":36,"column":108}}},"12":{"name":"(anonymous_12)","decl":{"start":{"line":37,"column":36},"end":{"line":37,"column":46}},"loc":{"start":{"line":37,"column":61},"end":{"line":42,"column":5}}},"13":{"name":"fulfilled","decl":{"start":{"line":38,"column":17},"end":{"line":38,"column":26}},"loc":{"start":{"line":38,"column":32},"end":{"line":38,"column":99}}},"14":{"name":"rejected","decl":{"start":{"line":39,"column":17},"end":{"line":39,"column":25}},"loc":{"start":{"line":39,"column":31},"end":{"line":39,"column":102}}},"15":{"name":"step","decl":{"start":{"line":40,"column":17},"end":{"line":40,"column":21}},"loc":{"start":{"line":40,"column":28},"end":{"line":40,"column":118}}},"16":{"name":"(anonymous_16)","decl":{"start":{"line":48,"column":4},"end":{"line":48,"column":15}},"loc":{"start":{"line":48,"column":15},"end":{"line":52,"column":5}}},"17":{"name":"(anonymous_17)","decl":{"start":{"line":49,"column":50},"end":{"line":49,"column":58}},"loc":{"start":{"line":49,"column":71},"end":{"line":51,"column":9}}},"18":{"name":"(anonymous_18)","decl":{"start":{"line":53,"column":4},"end":{"line":53,"column":11}},"loc":{"start":{"line":53,"column":37},"end":{"line":57,"column":5}}},"19":{"name":"(anonymous_19)","decl":{"start":{"line":54,"column":47},"end":{"line":54,"column":55}},"loc":{"start":{"line":54,"column":56},"end":{"line":56,"column":9}}},"20":{"name":"(anonymous_20)","decl":{"start":{"line":58,"column":4},"end":{"line":58,"column":11}},"loc":{"start":{"line":58,"column":42},"end":{"line":62,"column":5}}},"21":{"name":"(anonymous_21)","decl":{"start":{"line":59,"column":47},"end":{"line":59,"column":55}},"loc":{"start":{"line":59,"column":56},"end":{"line":61,"column":9}}},"22":{"name":"(anonymous_22)","decl":{"start":{"line":63,"column":4},"end":{"line":63,"column":10}},"loc":{"start":{"line":63,"column":22},"end":{"line":82,"column":5}}},"23":{"name":"(anonymous_23)","decl":{"start":{"line":64,"column":50},"end":{"line":64,"column":58}},"loc":{"start":{"line":64,"column":71},"end":{"line":81,"column":9}}},"24":{"name":"(anonymous_24)","decl":{"start":{"line":83,"column":4},"end":{"line":83,"column":10}},"loc":{"start":{"line":83,"column":44},"end":{"line":125,"column":5}}},"25":{"name":"(anonymous_25)","decl":{"start":{"line":84,"column":47},"end":{"line":84,"column":55}},"loc":{"start":{"line":84,"column":56},"end":{"line":124,"column":9}}},"26":{"name":"(anonymous_26)","decl":{"start":{"line":109,"column":64},"end":{"line":109,"column":67}},"loc":{"start":{"line":109,"column":70},"end":{"line":109,"column":101}}},"27":{"name":"(anonymous_27)","decl":{"start":{"line":126,"column":4},"end":{"line":126,"column":10}},"loc":{"start":{"line":126,"column":49},"end":{"line":179,"column":5}}},"28":{"name":"(anonymous_28)","decl":{"start":{"line":127,"column":47},"end":{"line":127,"column":55}},"loc":{"start":{"line":127,"column":56},"end":{"line":178,"column":9}}},"29":{"name":"(anonymous_29)","decl":{"start":{"line":163,"column":64},"end":{"line":163,"column":67}},"loc":{"start":{"line":163,"column":70},"end":{"line":163,"column":101}}}},"branchMap":{"0":{"loc":{"start":{"line":2,"column":22},"end":{"line":12,"column":3}},"type":"binary-expr","locations":[{"start":{"line":2,"column":23},"end":{"line":2,"column":27}},{"start":{"line":2,"column":31},"end":{"line":2,"column":51}},{"start":{"line":2,"column":57},"end":{"line":12,"column":2}}]},"1":{"loc":{"start":{"line":2,"column":57},"end":{"line":12,"column":2}},"type":"cond-expr","locations":[{"start":{"line":2,"column":74},"end":{"line":9,"column":1}},{"start":{"line":9,"column":6},"end":{"line":12,"column":1}}]},"2":{"loc":{"start":{"line":3,"column":4},"end":{"line":3,"column":33}},"type":"if","locations":[{"start":{"line":3,"column":4},"end":{"line":3,"column":33}}]},"3":{"loc":{"start":{"line":5,"column":4},"end":{"line":7,"column":5}},"type":"if","locations":[{"start":{"line":5,"column":4},"end":{"line":7,"column":5}}]},"4":{"loc":{"start":{"line":5,"column":8},"end":{"line":5,"column":85}},"type":"binary-expr","locations":[{"start":{"line":5,"column":8},"end":{"line":5,"column":13}},{"start":{"line":5,"column":18},"end":{"line":5,"column":84}}]},"5":{"loc":{"start":{"line":5,"column":18},"end":{"line":5,"column":84}},"type":"cond-expr","locations":[{"start":{"line":5,"column":34},"end":{"line":5,"column":47}},{"start":{"line":5,"column":50},"end":{"line":5,"column":84}}]},"6":{"loc":{"start":{"line":5,"column":50},"end":{"line":5,"column":84}},"type":"binary-expr","locations":[{"start":{"line":5,"column":50},"end":{"line":5,"column":63}},{"start":{"line":5,"column":67},"end":{"line":5,"column":84}}]},"7":{"loc":{"start":{"line":10,"column":4},"end":{"line":10,"column":33}},"type":"if","locations":[{"start":{"line":10,"column":4},"end":{"line":10,"column":33}}]},"8":{"loc":{"start":{"line":13,"column":25},"end":{"line":17,"column":2}},"type":"binary-expr","locations":[{"start":{"line":13,"column":26},"end":{"line":13,"column":30}},{"start":{"line":13,"column":34},"end":{"line":13,"column":57}},{"start":{"line":13,"column":63},"end":{"line":17,"column":1}}]},"9":{"loc":{"start":{"line":13,"column":63},"end":{"line":17,"column":1}},"type":"cond-expr","locations":[{"start":{"line":13,"column":80},"end":{"line":15,"column":1}},{"start":{"line":15,"column":5},"end":{"line":17,"column":1}}]},"10":{"loc":{"start":{"line":18,"column":19},"end":{"line":34,"column":4}},"type":"binary-expr","locations":[{"start":{"line":18,"column":20},"end":{"line":18,"column":24}},{"start":{"line":18,"column":28},"end":{"line":18,"column":45}},{"start":{"line":18,"column":50},"end":{"line":34,"column":4}}]},"11":{"loc":{"start":{"line":20,"column":18},"end":{"line":24,"column":9}},"type":"binary-expr","locations":[{"start":{"line":20,"column":18},"end":{"line":20,"column":44}},{"start":{"line":20,"column":48},"end":{"line":24,"column":9}}]},"12":{"loc":{"start":{"line":22,"column":29},"end":{"line":22,"column":95}},"type":"if","locations":[{"start":{"line":22,"column":29},"end":{"line":22,"column":95}}]},"13":{"loc":{"start":{"line":28,"column":8},"end":{"line":28,"column":46}},"type":"if","locations":[{"start":{"line":28,"column":8},"end":{"line":28,"column":46}}]},"14":{"loc":{"start":{"line":28,"column":12},"end":{"line":28,"column":33}},"type":"binary-expr","locations":[{"start":{"line":28,"column":12},"end":{"line":28,"column":15}},{"start":{"line":28,"column":19},"end":{"line":28,"column":33}}]},"15":{"loc":{"start":{"line":30,"column":8},"end":{"line":30,"column":137}},"type":"if","locations":[{"start":{"line":30,"column":8},"end":{"line":30,"column":137}}]},"16":{"loc":{"start":{"line":30,"column":78},"end":{"line":30,"column":137}},"type":"if","locations":[{"start":{"line":30,"column":78},"end":{"line":30,"column":137}}]},"17":{"loc":{"start":{"line":35,"column":16},"end":{"line":43,"column":1}},"type":"binary-expr","locations":[{"start":{"line":35,"column":17},"end":{"line":35,"column":21}},{"start":{"line":35,"column":25},"end":{"line":35,"column":39}},{"start":{"line":35,"column":44},"end":{"line":43,"column":1}}]},"18":{"loc":{"start":{"line":36,"column":35},"end":{"line":36,"column":109}},"type":"cond-expr","locations":[{"start":{"line":36,"column":56},"end":{"line":36,"column":61}},{"start":{"line":36,"column":64},"end":{"line":36,"column":109}}]},"19":{"loc":{"start":{"line":37,"column":16},"end":{"line":37,"column":34}},"type":"binary-expr","locations":[{"start":{"line":37,"column":16},"end":{"line":37,"column":17}},{"start":{"line":37,"column":22},"end":{"line":37,"column":33}}]},"20":{"loc":{"start":{"line":40,"column":32},"end":{"line":40,"column":115}},"type":"cond-expr","locations":[{"start":{"line":40,"column":46},"end":{"line":40,"column":67}},{"start":{"line":40,"column":70},"end":{"line":40,"column":115}}]},"21":{"loc":{"start":{"line":41,"column":51},"end":{"line":41,"column":67}},"type":"binary-expr","locations":[{"start":{"line":41,"column":51},"end":{"line":41,"column":61}},{"start":{"line":41,"column":65},"end":{"line":41,"column":67}}]},"22":{"loc":{"start":{"line":49,"column":61},"end":{"line":49,"column":71}},"type":"default-arg","locations":[{"start":{"line":49,"column":68},"end":{"line":49,"column":71}}]},"23":{"loc":{"start":{"line":64,"column":61},"end":{"line":64,"column":71}},"type":"default-arg","locations":[{"start":{"line":64,"column":68},"end":{"line":64,"column":71}}]},"24":{"loc":{"start":{"line":65,"column":12},"end":{"line":79,"column":13}},"type":"if","locations":[{"start":{"line":65,"column":12},"end":{"line":79,"column":13}},{"start":{"line":76,"column":17},"end":{"line":79,"column":13}}]},"25":{"loc":{"start":{"line":65,"column":16},"end":{"line":65,"column":86}},"type":"binary-expr","locations":[{"start":{"line":65,"column":16},"end":{"line":65,"column":45}},{"start":{"line":65,"column":49},"end":{"line":65,"column":62}},{"start":{"line":65,"column":66},"end":{"line":65,"column":86}}]},"26":{"loc":{"start":{"line":72,"column":41},"end":{"line":72,"column":93}},"type":"cond-expr","locations":[{"start":{"line":72,"column":64},"end":{"line":72,"column":75}},{"start":{"line":72,"column":78},"end":{"line":72,"column":93}}]},"27":{"loc":{"start":{"line":76,"column":17},"end":{"line":79,"column":13}},"type":"if","locations":[{"start":{"line":76,"column":17},"end":{"line":79,"column":13}}]},"28":{"loc":{"start":{"line":76,"column":21},"end":{"line":76,"column":96}},"type":"binary-expr","locations":[{"start":{"line":76,"column":21},"end":{"line":76,"column":51}},{"start":{"line":76,"column":55},"end":{"line":76,"column":71}},{"start":{"line":76,"column":75},"end":{"line":76,"column":96}}]},"29":{"loc":{"start":{"line":86,"column":12},"end":{"line":88,"column":13}},"type":"if","locations":[{"start":{"line":86,"column":12},"end":{"line":88,"column":13}}]},"30":{"loc":{"start":{"line":90,"column":12},"end":{"line":122,"column":13}},"type":"if","locations":[{"start":{"line":90,"column":12},"end":{"line":122,"column":13}},{"start":{"line":107,"column":17},"end":{"line":122,"column":13}}]},"31":{"loc":{"start":{"line":90,"column":16},"end":{"line":90,"column":86}},"type":"binary-expr","locations":[{"start":{"line":90,"column":16},"end":{"line":90,"column":45}},{"start":{"line":90,"column":49},"end":{"line":90,"column":62}},{"start":{"line":90,"column":66},"end":{"line":90,"column":86}}]},"32":{"loc":{"start":{"line":94,"column":20},"end":{"line":95,"column":63}},"type":"if","locations":[{"start":{"line":94,"column":20},"end":{"line":95,"column":63}}]},"33":{"loc":{"start":{"line":103,"column":41},"end":{"line":103,"column":93}},"type":"cond-expr","locations":[{"start":{"line":103,"column":64},"end":{"line":103,"column":75}},{"start":{"line":103,"column":78},"end":{"line":103,"column":93}}]},"34":{"loc":{"start":{"line":107,"column":17},"end":{"line":122,"column":13}},"type":"if","locations":[{"start":{"line":107,"column":17},"end":{"line":122,"column":13}}]},"35":{"loc":{"start":{"line":107,"column":21},"end":{"line":107,"column":96}},"type":"binary-expr","locations":[{"start":{"line":107,"column":21},"end":{"line":107,"column":51}},{"start":{"line":107,"column":55},"end":{"line":107,"column":71}},{"start":{"line":107,"column":75},"end":{"line":107,"column":96}}]},"36":{"loc":{"start":{"line":111,"column":20},"end":{"line":112,"column":67}},"type":"if","locations":[{"start":{"line":111,"column":20},"end":{"line":112,"column":67}}]},"37":{"loc":{"start":{"line":119,"column":41},"end":{"line":119,"column":93}},"type":"cond-expr","locations":[{"start":{"line":119,"column":64},"end":{"line":119,"column":75}},{"start":{"line":119,"column":78},"end":{"line":119,"column":93}}]},"38":{"loc":{"start":{"line":129,"column":12},"end":{"line":131,"column":13}},"type":"if","locations":[{"start":{"line":129,"column":12},"end":{"line":131,"column":13}}]},"39":{"loc":{"start":{"line":132,"column":12},"end":{"line":134,"column":13}},"type":"if","locations":[{"start":{"line":132,"column":12},"end":{"line":134,"column":13}}]},"40":{"loc":{"start":{"line":135,"column":12},"end":{"line":137,"column":13}},"type":"if","locations":[{"start":{"line":135,"column":12},"end":{"line":137,"column":13}}]},"41":{"loc":{"start":{"line":138,"column":12},"end":{"line":140,"column":13}},"type":"if","locations":[{"start":{"line":138,"column":12},"end":{"line":140,"column":13}}]},"42":{"loc":{"start":{"line":141,"column":12},"end":{"line":143,"column":13}},"type":"if","locations":[{"start":{"line":141,"column":12},"end":{"line":143,"column":13}}]},"43":{"loc":{"start":{"line":144,"column":12},"end":{"line":176,"column":13}},"type":"if","locations":[{"start":{"line":144,"column":12},"end":{"line":176,"column":13}},{"start":{"line":161,"column":17},"end":{"line":176,"column":13}}]},"44":{"loc":{"start":{"line":144,"column":16},"end":{"line":144,"column":86}},"type":"binary-expr","locations":[{"start":{"line":144,"column":16},"end":{"line":144,"column":45}},{"start":{"line":144,"column":49},"end":{"line":144,"column":62}},{"start":{"line":144,"column":66},"end":{"line":144,"column":86}}]},"45":{"loc":{"start":{"line":151,"column":20},"end":{"line":152,"column":63}},"type":"if","locations":[{"start":{"line":151,"column":20},"end":{"line":152,"column":63}}]},"46":{"loc":{"start":{"line":157,"column":41},"end":{"line":157,"column":93}},"type":"cond-expr","locations":[{"start":{"line":157,"column":64},"end":{"line":157,"column":75}},{"start":{"line":157,"column":78},"end":{"line":157,"column":93}}]},"47":{"loc":{"start":{"line":161,"column":17},"end":{"line":176,"column":13}},"type":"if","locations":[{"start":{"line":161,"column":17},"end":{"line":176,"column":13}}]},"48":{"loc":{"start":{"line":161,"column":21},"end":{"line":161,"column":96}},"type":"binary-expr","locations":[{"start":{"line":161,"column":21},"end":{"line":161,"column":51}},{"start":{"line":161,"column":55},"end":{"line":161,"column":71}},{"start":{"line":161,"column":75},"end":{"line":161,"column":96}}]},"49":{"loc":{"start":{"line":166,"column":20},"end":{"line":167,"column":69}},"type":"if","locations":[{"start":{"line":166,"column":20},"end":{"line":167,"column":69}}]},"50":{"loc":{"start":{"line":173,"column":41},"end":{"line":173,"column":93}},"type":"cond-expr","locations":[{"start":{"line":173,"column":64},"end":{"line":173,"column":75}},{"start":{"line":173,"column":78},"end":{"line":173,"column":93}}]}},"s":{"0":1,"1":1349,"2":1349,"3":1349,"4":1349,"5":1330,"6":19,"7":1349,"8":0,"9":0,"10":0,"11":1,"12":19,"13":0,"14":1,"15":1,"16":1,"17":0,"18":0,"19":0,"20":0,"21":0,"22":1,"23":1,"24":19,"25":0,"26":19,"27":19,"28":19,"29":19,"30":19,"31":1349,"32":1349,"33":19,"34":19,"35":1,"36":53,"37":0,"38":53,"39":52,"40":52,"41":2,"42":1,"43":1,"44":1,"45":95,"46":53,"47":1,"48":1,"49":1,"50":1,"51":1,"52":2,"53":2,"54":1,"55":1,"56":22,"57":22,"58":0,"59":0,"60":0,"61":0,"62":0,"63":0,"64":22,"65":21,"66":21,"67":1,"68":14,"69":14,"70":1,"71":13,"72":12,"73":0,"74":0,"75":0,"76":0,"77":0,"78":0,"79":0,"80":0,"81":0,"82":0,"83":0,"84":0,"85":12,"86":12,"87":12,"88":12,"89":12,"90":12,"91":3,"92":12,"93":12,"94":12,"95":12,"96":0,"97":0,"98":0,"99":13,"100":13,"101":1,"102":12,"103":1,"104":11,"105":1,"106":10,"107":1,"108":9,"109":1,"110":8,"111":0,"112":0,"113":0,"114":0,"115":0,"116":0,"117":0,"118":0,"119":0,"120":0,"121":0,"122":0,"123":8,"124":7,"125":7,"126":7,"127":7,"128":7,"129":7,"130":2,"131":7,"132":7,"133":5,"134":2,"135":2,"136":1,"137":1},"f":{"0":1349,"1":19,"2":0,"3":19,"4":0,"5":1,"6":1,"7":0,"8":19,"9":53,"10":53,"11":0,"12":53,"13":52,"14":1,"15":95,"16":1,"17":1,"18":2,"19":2,"20":1,"21":1,"22":22,"23":22,"24":14,"25":14,"26":12,"27":13,"28":13,"29":7},"b":{"0":[1,1,1],"1":[1,0],"2":[1349],"3":[1330],"4":[1349,1349],"5":[133,1216],"6":[1216,19],"7":[0],"8":[1,1,1],"9":[1,0],"10":[1,1,1],"11":[1,0],"12":[0],"13":[0],"14":[19,19],"15":[19],"16":[1349],"17":[1,1,1],"18":[53,0],"19":[53,53],"20":[42,53],"21":[53,30],"22":[0],"23":[1],"24":[0,22],"25":[22,0,0],"26":[0,0],"27":[21],"28":[22,21,21],"29":[1],"30":[0,12],"31":[12,0,0],"32":[0],"33":[0,0],"34":[12],"35":[12,12,12],"36":[3],"37":[0,0],"38":[1],"39":[1],"40":[1],"41":[1],"42":[1],"43":[0,8],"44":[8,0,0],"45":[0],"46":[0,0],"47":[7],"48":[8,7,7],"49":[2],"50":[0,2]}}
,"D:\\Files\\js\\cryptolib\\messenger-e2ee-module\\dist\\algorithms\\ecdh.js": {"path":"D:\\Files\\js\\cryptolib\\messenger-e2ee-module\\dist\\algorithms\\ecdh.js","statementMap":{"0":{"start":{"line":2,"column":22},"end":{"line":12,"column":3}},"1":{"start":{"line":3,"column":4},"end":{"line":3,"column":33}},"2":{"start":{"line":3,"column":26},"end":{"line":3,"column":33}},"3":{"start":{"line":4,"column":15},"end":{"line":4,"column":52}},"4":{"start":{"line":5,"column":4},"end":{"line":7,"column":5}},"5":{"start":{"line":6,"column":6},"end":{"line":6,"column":68}},"6":{"start":{"line":6,"column":51},"end":{"line":6,"column":63}},"7":{"start":{"line":8,"column":4},"end":{"line":8,"column":39}},"8":{"start":{"line":10,"column":4},"end":{"line":10,"column":33}},"9":{"start":{"line":10,"column":26},"end":{"line":10,"column":33}},"10":{"start":{"line":11,"column":4},"end":{"line":11,"column":17}},"11":{"start":{"line":13,"column":25},"end":{"line":17,"column":2}},"12":{"start":{"line":14,"column":4},"end":{"line":14,"column":72}},"13":{"start":{"line":16,"column":4},"end":{"line":16,"column":21}},"14":{"start":{"line":18,"column":19},"end":{"line":34,"column":4}},"15":{"start":{"line":19,"column":18},"end":{"line":26,"column":5}},"16":{"start":{"line":20,"column":8},"end":{"line":24,"column":10}},"17":{"start":{"line":21,"column":21},"end":{"line":21,"column":23}},"18":{"start":{"line":22,"column":12},"end":{"line":22,"column":95}},"19":{"start":{"line":22,"column":29},"end":{"line":22,"column":95}},"20":{"start":{"line":22,"column":77},"end":{"line":22,"column":95}},"21":{"start":{"line":23,"column":12},"end":{"line":23,"column":22}},"22":{"start":{"line":25,"column":8},"end":{"line":25,"column":26}},"23":{"start":{"line":27,"column":4},"end":{"line":33,"column":6}},"24":{"start":{"line":28,"column":8},"end":{"line":28,"column":46}},"25":{"start":{"line":28,"column":35},"end":{"line":28,"column":46}},"26":{"start":{"line":29,"column":21},"end":{"line":29,"column":23}},"27":{"start":{"line":30,"column":8},"end":{"line":30,"column":137}},"28":{"start":{"line":30,"column":25},"end":{"line":30,"column":137}},"29":{"start":{"line":30,"column":38},"end":{"line":30,"column":50}},"30":{"start":{"line":30,"column":56},"end":{"line":30,"column":57}},"31":{"start":{"line":30,"column":78},"end":{"line":30,"column":137}},"32":{"start":{"line":30,"column":102},"end":{"line":30,"column":137}},"33":{"start":{"line":31,"column":8},"end":{"line":31,"column":40}},"34":{"start":{"line":32,"column":8},"end":{"line":32,"column":22}},"35":{"start":{"line":35,"column":16},"end":{"line":43,"column":1}},"36":{"start":{"line":36,"column":28},"end":{"line":36,"column":110}},"37":{"start":{"line":36,"column":91},"end":{"line":36,"column":106}},"38":{"start":{"line":37,"column":4},"end":{"line":42,"column":7}},"39":{"start":{"line":38,"column":36},"end":{"line":38,"column":97}},"40":{"start":{"line":38,"column":42},"end":{"line":38,"column":70}},"41":{"start":{"line":38,"column":85},"end":{"line":38,"column":95}},"42":{"start":{"line":39,"column":35},"end":{"line":39,"column":100}},"43":{"start":{"line":39,"column":41},"end":{"line":39,"column":73}},"44":{"start":{"line":39,"column":88},"end":{"line":39,"column":98}},"45":{"start":{"line":40,"column":32},"end":{"line":40,"column":116}},"46":{"start":{"line":41,"column":8},"end":{"line":41,"column":78}},"47":{"start":{"line":44,"column":0},"end":{"line":44,"column":62}},"48":{"start":{"line":45,"column":0},"end":{"line":45,"column":22}},"49":{"start":{"line":46,"column":0},"end":{"line":46,"column":48}},"50":{"start":{"line":47,"column":0},"end":{"line":47,"column":52}},"51":{"start":{"line":48,"column":15},"end":{"line":48,"column":44}},"52":{"start":{"line":49,"column":17},"end":{"line":49,"column":48}},"53":{"start":{"line":50,"column":25},"end":{"line":50,"column":52}},"54":{"start":{"line":51,"column":23},"end":{"line":55,"column":2}},"55":{"start":{"line":58,"column":8},"end":{"line":61,"column":11}},"56":{"start":{"line":59,"column":26},"end":{"line":59,"column":102}},"57":{"start":{"line":60,"column":12},"end":{"line":60,"column":53}},"58":{"start":{"line":64,"column":8},"end":{"line":66,"column":11}},"59":{"start":{"line":65,"column":12},"end":{"line":65,"column":94}},"60":{"start":{"line":69,"column":8},"end":{"line":106,"column":11}},"61":{"start":{"line":70,"column":12},"end":{"line":72,"column":13}},"62":{"start":{"line":71,"column":16},"end":{"line":71,"column":118}},"63":{"start":{"line":73,"column":12},"end":{"line":104,"column":13}},"64":{"start":{"line":74,"column":16},"end":{"line":88,"column":17}},"65":{"start":{"line":75,"column":36},"end":{"line":78,"column":57}},"66":{"start":{"line":79,"column":46},"end":{"line":79,"column":108}},"67":{"start":{"line":80,"column":47},"end":{"line":80,"column":112}},"68":{"start":{"line":81,"column":20},"end":{"line":84,"column":22}},"69":{"start":{"line":87,"column":20},"end":{"line":87,"column":147}},"70":{"start":{"line":90,"column":17},"end":{"line":104,"column":13}},"71":{"start":{"line":91,"column":16},"end":{"line":103,"column":17}},"72":{"start":{"line":92,"column":42},"end":{"line":92,"column":72}},"73":{"start":{"line":93,"column":35},"end":{"line":93,"column":102}},"74":{"start":{"line":93,"column":70},"end":{"line":93,"column":101}},"75":{"start":{"line":94,"column":33},"end":{"line":94,"column":65}},"76":{"start":{"line":95,"column":20},"end":{"line":95,"column":40}},"77":{"start":{"line":96,"column":20},"end":{"line":99,"column":22}},"78":{"start":{"line":102,"column":20},"end":{"line":102,"column":147}},"79":{"start":{"line":105,"column":12},"end":{"line":105,"column":79}},"80":{"start":{"line":109,"column":8},"end":{"line":147,"column":11}},"81":{"start":{"line":110,"column":12},"end":{"line":112,"column":13}},"82":{"start":{"line":111,"column":16},"end":{"line":111,"column":118}},"83":{"start":{"line":113,"column":34},"end":{"line":113,"column":64}},"84":{"start":{"line":114,"column":12},"end":{"line":145,"column":13}},"85":{"start":{"line":115,"column":16},"end":{"line":132,"column":17}},"86":{"start":{"line":116,"column":47},"end":{"line":119,"column":58}},"87":{"start":{"line":120,"column":46},"end":{"line":123,"column":33}},"88":{"start":{"line":124,"column":45},"end":{"line":127,"column":47}},"89":{"start":{"line":128,"column":20},"end":{"line":128,"column":60}},"90":{"start":{"line":131,"column":20},"end":{"line":131,"column":151}},"91":{"start":{"line":134,"column":17},"end":{"line":145,"column":13}},"92":{"start":{"line":135,"column":16},"end":{"line":144,"column":17}},"93":{"start":{"line":136,"column":35},"end":{"line":136,"column":102}},"94":{"start":{"line":136,"column":70},"end":{"line":136,"column":101}},"95":{"start":{"line":137,"column":33},"end":{"line":137,"column":65}},"96":{"start":{"line":138,"column":20},"end":{"line":138,"column":64}},"97":{"start":{"line":139,"column":41},"end":{"line":139,"column":87}},"98":{"start":{"line":140,"column":20},"end":{"line":140,"column":56}},"99":{"start":{"line":143,"column":20},"end":{"line":143,"column":151}},"100":{"start":{"line":146,"column":12},"end":{"line":146,"column":79}},"101":{"start":{"line":150,"column":0},"end":{"line":150,"column":20}},"102":{"start":{"line":152,"column":4},"end":{"line":154,"column":5}},"103":{"start":{"line":153,"column":8},"end":{"line":153,"column":85}},"104":{"start":{"line":155,"column":4},"end":{"line":155,"column":79}},"105":{"start":{"line":158,"column":4},"end":{"line":164,"column":7}},"106":{"start":{"line":159,"column":8},"end":{"line":161,"column":9}},"107":{"start":{"line":160,"column":12},"end":{"line":160,"column":92}},"108":{"start":{"line":162,"column":29},"end":{"line":162,"column":92}},"109":{"start":{"line":163,"column":8},"end":{"line":163,"column":71}}},"fnMap":{"0":{"name":"(anonymous_0)","decl":{"start":{"line":2,"column":74},"end":{"line":2,"column":83}},"loc":{"start":{"line":2,"column":94},"end":{"line":9,"column":1}}},"1":{"name":"(anonymous_1)","decl":{"start":{"line":6,"column":38},"end":{"line":6,"column":51}},"loc":{"start":{"line":6,"column":38},"end":{"line":6,"column":65}}},"2":{"name":"(anonymous_2)","decl":{"start":{"line":9,"column":6},"end":{"line":9,"column":15}},"loc":{"start":{"line":9,"column":26},"end":{"line":12,"column":1}}},"3":{"name":"(anonymous_3)","decl":{"start":{"line":13,"column":80},"end":{"line":13,"column":89}},"loc":{"start":{"line":13,"column":93},"end":{"line":15,"column":1}}},"4":{"name":"(anonymous_4)","decl":{"start":{"line":15,"column":5},"end":{"line":15,"column":14}},"loc":{"start":{"line":15,"column":18},"end":{"line":17,"column":1}}},"5":{"name":"(anonymous_5)","decl":{"start":{"line":18,"column":51},"end":{"line":18,"column":null}},"loc":{"start":{"line":18,"column":51},"end":{"line":34,"column":1}}},"6":{"name":"(anonymous_6)","decl":{"start":{"line":19,"column":18},"end":{"line":19,"column":27}},"loc":{"start":{"line":19,"column":28},"end":{"line":26,"column":5}}},"7":{"name":"(anonymous_7)","decl":{"start":{"line":20,"column":48},"end":{"line":20,"column":58}},"loc":{"start":{"line":20,"column":59},"end":{"line":24,"column":9}}},"8":{"name":"(anonymous_8)","decl":{"start":{"line":27,"column":11},"end":{"line":27,"column":21}},"loc":{"start":{"line":27,"column":24},"end":{"line":33,"column":5}}},"9":{"name":"(anonymous_9)","decl":{"start":{"line":35,"column":44},"end":{"line":35,"column":54}},"loc":{"start":{"line":35,"column":87},"end":{"line":43,"column":1}}},"10":{"name":"adopt","decl":{"start":{"line":36,"column":13},"end":{"line":36,"column":18}},"loc":{"start":{"line":36,"column":24},"end":{"line":36,"column":112}}},"11":{"name":"(anonymous_11)","decl":{"start":{"line":36,"column":70},"end":{"line":36,"column":80}},"loc":{"start":{"line":36,"column":87},"end":{"line":36,"column":108}}},"12":{"name":"(anonymous_12)","decl":{"start":{"line":37,"column":36},"end":{"line":37,"column":46}},"loc":{"start":{"line":37,"column":61},"end":{"line":42,"column":5}}},"13":{"name":"fulfilled","decl":{"start":{"line":38,"column":17},"end":{"line":38,"column":26}},"loc":{"start":{"line":38,"column":32},"end":{"line":38,"column":99}}},"14":{"name":"rejected","decl":{"start":{"line":39,"column":17},"end":{"line":39,"column":25}},"loc":{"start":{"line":39,"column":31},"end":{"line":39,"column":102}}},"15":{"name":"step","decl":{"start":{"line":40,"column":17},"end":{"line":40,"column":21}},"loc":{"start":{"line":40,"column":28},"end":{"line":40,"column":118}}},"16":{"name":"(anonymous_16)","decl":{"start":{"line":57,"column":4},"end":{"line":57,"column":19}},"loc":{"start":{"line":57,"column":27},"end":{"line":62,"column":5}}},"17":{"name":"(anonymous_17)","decl":{"start":{"line":58,"column":47},"end":{"line":58,"column":55}},"loc":{"start":{"line":58,"column":56},"end":{"line":61,"column":9}}},"18":{"name":"(anonymous_18)","decl":{"start":{"line":63,"column":4},"end":{"line":63,"column":22}},"loc":{"start":{"line":63,"column":55},"end":{"line":67,"column":5}}},"19":{"name":"(anonymous_19)","decl":{"start":{"line":64,"column":47},"end":{"line":64,"column":55}},"loc":{"start":{"line":64,"column":56},"end":{"line":66,"column":9}}},"20":{"name":"(anonymous_20)","decl":{"start":{"line":68,"column":4},"end":{"line":68,"column":10}},"loc":{"start":{"line":68,"column":26},"end":{"line":107,"column":5}}},"21":{"name":"(anonymous_21)","decl":{"start":{"line":69,"column":50},"end":{"line":69,"column":58}},"loc":{"start":{"line":69,"column":76},"end":{"line":106,"column":9}}},"22":{"name":"(anonymous_22)","decl":{"start":{"line":93,"column":64},"end":{"line":93,"column":67}},"loc":{"start":{"line":93,"column":70},"end":{"line":93,"column":101}}},"23":{"name":"(anonymous_23)","decl":{"start":{"line":108,"column":4},"end":{"line":108,"column":10}},"loc":{"start":{"line":108,"column":59},"end":{"line":148,"column":5}}},"24":{"name":"(anonymous_24)","decl":{"start":{"line":109,"column":50},"end":{"line":109,"column":58}},"loc":{"start":{"line":109,"column":103},"end":{"line":147,"column":9}}},"25":{"name":"(anonymous_25)","decl":{"start":{"line":136,"column":64},"end":{"line":136,"column":67}},"loc":{"start":{"line":136,"column":70},"end":{"line":136,"column":101}}},"26":{"name":"deriveSymmetricKey","decl":{"start":{"line":151,"column":9},"end":{"line":151,"column":27}},"loc":{"start":{"line":151,"column":105},"end":{"line":156,"column":1}}},"27":{"name":"deriveAESKeyFromECDH","decl":{"start":{"line":157,"column":9},"end":{"line":157,"column":29}},"loc":{"start":{"line":157,"column":59},"end":{"line":165,"column":1}}},"28":{"name":"(anonymous_28)","decl":{"start":{"line":158,"column":46},"end":{"line":158,"column":54}},"loc":{"start":{"line":158,"column":127},"end":{"line":164,"column":5}}}},"branchMap":{"0":{"loc":{"start":{"line":2,"column":22},"end":{"line":12,"column":3}},"type":"binary-expr","locations":[{"start":{"line":2,"column":23},"end":{"line":2,"column":27}},{"start":{"line":2,"column":31},"end":{"line":2,"column":51}},{"start":{"line":2,"column":57},"end":{"line":12,"column":2}}]},"1":{"loc":{"start":{"line":2,"column":57},"end":{"line":12,"column":2}},"type":"cond-expr","locations":[{"start":{"line":2,"column":74},"end":{"line":9,"column":1}},{"start":{"line":9,"column":6},"end":{"line":12,"column":1}}]},"2":{"loc":{"start":{"line":3,"column":4},"end":{"line":3,"column":33}},"type":"if","locations":[{"start":{"line":3,"column":4},"end":{"line":3,"column":33}}]},"3":{"loc":{"start":{"line":5,"column":4},"end":{"line":7,"column":5}},"type":"if","locations":[{"start":{"line":5,"column":4},"end":{"line":7,"column":5}}]},"4":{"loc":{"start":{"line":5,"column":8},"end":{"line":5,"column":85}},"type":"binary-expr","locations":[{"start":{"line":5,"column":8},"end":{"line":5,"column":13}},{"start":{"line":5,"column":18},"end":{"line":5,"column":84}}]},"5":{"loc":{"start":{"line":5,"column":18},"end":{"line":5,"column":84}},"type":"cond-expr","locations":[{"start":{"line":5,"column":34},"end":{"line":5,"column":47}},{"start":{"line":5,"column":50},"end":{"line":5,"column":84}}]},"6":{"loc":{"start":{"line":5,"column":50},"end":{"line":5,"column":84}},"type":"binary-expr","locations":[{"start":{"line":5,"column":50},"end":{"line":5,"column":63}},{"start":{"line":5,"column":67},"end":{"line":5,"column":84}}]},"7":{"loc":{"start":{"line":10,"column":4},"end":{"line":10,"column":33}},"type":"if","locations":[{"start":{"line":10,"column":4},"end":{"line":10,"column":33}}]},"8":{"loc":{"start":{"line":13,"column":25},"end":{"line":17,"column":2}},"type":"binary-expr","locations":[{"start":{"line":13,"column":26},"end":{"line":13,"column":30}},{"start":{"line":13,"column":34},"end":{"line":13,"column":57}},{"start":{"line":13,"column":63},"end":{"line":17,"column":1}}]},"9":{"loc":{"start":{"line":13,"column":63},"end":{"line":17,"column":1}},"type":"cond-expr","locations":[{"start":{"line":13,"column":80},"end":{"line":15,"column":1}},{"start":{"line":15,"column":5},"end":{"line":17,"column":1}}]},"10":{"loc":{"start":{"line":18,"column":19},"end":{"line":34,"column":4}},"type":"binary-expr","locations":[{"start":{"line":18,"column":20},"end":{"line":18,"column":24}},{"start":{"line":18,"column":28},"end":{"line":18,"column":45}},{"start":{"line":18,"column":50},"end":{"line":34,"column":4}}]},"11":{"loc":{"start":{"line":20,"column":18},"end":{"line":24,"column":9}},"type":"binary-expr","locations":[{"start":{"line":20,"column":18},"end":{"line":20,"column":44}},{"start":{"line":20,"column":48},"end":{"line":24,"column":9}}]},"12":{"loc":{"start":{"line":22,"column":29},"end":{"line":22,"column":95}},"type":"if","locations":[{"start":{"line":22,"column":29},"end":{"line":22,"column":95}}]},"13":{"loc":{"start":{"line":28,"column":8},"end":{"line":28,"column":46}},"type":"if","locations":[{"start":{"line":28,"column":8},"end":{"line":28,"column":46}}]},"14":{"loc":{"start":{"line":28,"column":12},"end":{"line":28,"column":33}},"type":"binary-expr","locations":[{"start":{"line":28,"column":12},"end":{"line":28,"column":15}},{"start":{"line":28,"column":19},"end":{"line":28,"column":33}}]},"15":{"loc":{"start":{"line":30,"column":8},"end":{"line":30,"column":137}},"type":"if","locations":[{"start":{"line":30,"column":8},"end":{"line":30,"column":137}}]},"16":{"loc":{"start":{"line":30,"column":78},"end":{"line":30,"column":137}},"type":"if","locations":[{"start":{"line":30,"column":78},"end":{"line":30,"column":137}}]},"17":{"loc":{"start":{"line":35,"column":16},"end":{"line":43,"column":1}},"type":"binary-expr","locations":[{"start":{"line":35,"column":17},"end":{"line":35,"column":21}},{"start":{"line":35,"column":25},"end":{"line":35,"column":39}},{"start":{"line":35,"column":44},"end":{"line":43,"column":1}}]},"18":{"loc":{"start":{"line":36,"column":35},"end":{"line":36,"column":109}},"type":"cond-expr","locations":[{"start":{"line":36,"column":56},"end":{"line":36,"column":61}},{"start":{"line":36,"column":64},"end":{"line":36,"column":109}}]},"19":{"loc":{"start":{"line":37,"column":16},"end":{"line":37,"column":34}},"type":"binary-expr","locations":[{"start":{"line":37,"column":16},"end":{"line":37,"column":17}},{"start":{"line":37,"column":22},"end":{"line":37,"column":33}}]},"20":{"loc":{"start":{"line":40,"column":32},"end":{"line":40,"column":115}},"type":"cond-expr","locations":[{"start":{"line":40,"column":46},"end":{"line":40,"column":67}},{"start":{"line":40,"column":70},"end":{"line":40,"column":115}}]},"21":{"loc":{"start":{"line":41,"column":51},"end":{"line":41,"column":67}},"type":"binary-expr","locations":[{"start":{"line":41,"column":51},"end":{"line":41,"column":61}},{"start":{"line":41,"column":65},"end":{"line":41,"column":67}}]},"22":{"loc":{"start":{"line":59,"column":26},"end":{"line":59,"column":102}},"type":"binary-expr","locations":[{"start":{"line":59,"column":27},"end":{"line":59,"column":90}},{"start":{"line":59,"column":95},"end":{"line":59,"column":102}}]},"23":{"loc":{"start":{"line":59,"column":27},"end":{"line":59,"column":90}},"type":"cond-expr","locations":[{"start":{"line":59,"column":68},"end":{"line":59,"column":74}},{"start":{"line":59,"column":77},"end":{"line":59,"column":90}}]},"24":{"loc":{"start":{"line":59,"column":27},"end":{"line":59,"column":65}},"type":"binary-expr","locations":[{"start":{"line":59,"column":27},"end":{"line":59,"column":43}},{"start":{"line":59,"column":47},"end":{"line":59,"column":65}}]},"25":{"loc":{"start":{"line":65,"column":76},"end":{"line":65,"column":92}},"type":"binary-expr","locations":[{"start":{"line":65,"column":76},"end":{"line":65,"column":81}},{"start":{"line":65,"column":85},"end":{"line":65,"column":92}}]},"26":{"loc":{"start":{"line":69,"column":61},"end":{"line":69,"column":76}},"type":"default-arg","locations":[{"start":{"line":69,"column":69},"end":{"line":69,"column":76}}]},"27":{"loc":{"start":{"line":70,"column":12},"end":{"line":72,"column":13}},"type":"if","locations":[{"start":{"line":70,"column":12},"end":{"line":72,"column":13}}]},"28":{"loc":{"start":{"line":73,"column":12},"end":{"line":104,"column":13}},"type":"if","locations":[{"start":{"line":73,"column":12},"end":{"line":104,"column":13}},{"start":{"line":90,"column":17},"end":{"line":104,"column":13}}]},"29":{"loc":{"start":{"line":73,"column":16},"end":{"line":73,"column":86}},"type":"binary-expr","locations":[{"start":{"line":73,"column":16},"end":{"line":73,"column":45}},{"start":{"line":73,"column":49},"end":{"line":73,"column":62}},{"start":{"line":73,"column":66},"end":{"line":73,"column":86}}]},"30":{"loc":{"start":{"line":87,"column":91},"end":{"line":87,"column":143}},"type":"cond-expr","locations":[{"start":{"line":87,"column":114},"end":{"line":87,"column":125}},{"start":{"line":87,"column":128},"end":{"line":87,"column":143}}]},"31":{"loc":{"start":{"line":90,"column":17},"end":{"line":104,"column":13}},"type":"if","locations":[{"start":{"line":90,"column":17},"end":{"line":104,"column":13}}]},"32":{"loc":{"start":{"line":90,"column":21},"end":{"line":90,"column":96}},"type":"binary-expr","locations":[{"start":{"line":90,"column":21},"end":{"line":90,"column":51}},{"start":{"line":90,"column":55},"end":{"line":90,"column":71}},{"start":{"line":90,"column":75},"end":{"line":90,"column":96}}]},"33":{"loc":{"start":{"line":92,"column":42},"end":{"line":92,"column":72}},"type":"binary-expr","locations":[{"start":{"line":92,"column":42},"end":{"line":92,"column":63}},{"start":{"line":92,"column":67},"end":{"line":92,"column":72}}]},"34":{"loc":{"start":{"line":102,"column":91},"end":{"line":102,"column":143}},"type":"cond-expr","locations":[{"start":{"line":102,"column":114},"end":{"line":102,"column":125}},{"start":{"line":102,"column":128},"end":{"line":102,"column":143}}]},"35":{"loc":{"start":{"line":109,"column":88},"end":{"line":109,"column":103}},"type":"default-arg","locations":[{"start":{"line":109,"column":96},"end":{"line":109,"column":103}}]},"36":{"loc":{"start":{"line":110,"column":12},"end":{"line":112,"column":13}},"type":"if","locations":[{"start":{"line":110,"column":12},"end":{"line":112,"column":13}}]},"37":{"loc":{"start":{"line":113,"column":34},"end":{"line":113,"column":64}},"type":"binary-expr","locations":[{"start":{"line":113,"column":34},"end":{"line":113,"column":55}},{"start":{"line":113,"column":59},"end":{"line":113,"column":64}}]},"38":{"loc":{"start":{"line":114,"column":12},"end":{"line":145,"column":13}},"type":"if","locations":[{"start":{"line":114,"column":12},"end":{"line":145,"column":13}},{"start":{"line":134,"column":17},"end":{"line":145,"column":13}}]},"39":{"loc":{"start":{"line":114,"column":16},"end":{"line":114,"column":86}},"type":"binary-expr","locations":[{"start":{"line":114,"column":16},"end":{"line":114,"column":45}},{"start":{"line":114,"column":49},"end":{"line":114,"column":62}},{"start":{"line":114,"column":66},"end":{"line":114,"column":86}}]},"40":{"loc":{"start":{"line":131,"column":95},"end":{"line":131,"column":147}},"type":"cond-expr","locations":[{"start":{"line":131,"column":118},"end":{"line":131,"column":129}},{"start":{"line":131,"column":132},"end":{"line":131,"column":147}}]},"41":{"loc":{"start":{"line":134,"column":17},"end":{"line":145,"column":13}},"type":"if","locations":[{"start":{"line":134,"column":17},"end":{"line":145,"column":13}}]},"42":{"loc":{"start":{"line":134,"column":21},"end":{"line":134,"column":96}},"type":"binary-expr","locations":[{"start":{"line":134,"column":21},"end":{"line":134,"column":51}},{"start":{"line":134,"column":55},"end":{"line":134,"column":71}},{"start":{"line":134,"column":75},"end":{"line":134,"column":96}}]},"43":{"loc":{"start":{"line":143,"column":95},"end":{"line":143,"column":147}},"type":"cond-expr","locations":[{"start":{"line":143,"column":118},"end":{"line":143,"column":129}},{"start":{"line":143,"column":132},"end":{"line":143,"column":147}}]},"44":{"loc":{"start":{"line":151,"column":42},"end":{"line":151,"column":66}},"type":"default-arg","locations":[{"start":{"line":151,"column":49},"end":{"line":151,"column":66}}]},"45":{"loc":{"start":{"line":151,"column":68},"end":{"line":151,"column":92}},"type":"default-arg","locations":[{"start":{"line":151,"column":75},"end":{"line":151,"column":92}}]},"46":{"loc":{"start":{"line":151,"column":94},"end":{"line":151,"column":105}},"type":"default-arg","locations":[{"start":{"line":151,"column":103},"end":{"line":151,"column":105}}]},"47":{"loc":{"start":{"line":152,"column":4},"end":{"line":154,"column":5}},"type":"if","locations":[{"start":{"line":152,"column":4},"end":{"line":154,"column":5}}]},"48":{"loc":{"start":{"line":158,"column":84},"end":{"line":158,"column":99}},"type":"default-arg","locations":[{"start":{"line":158,"column":92},"end":{"line":158,"column":99}}]},"49":{"loc":{"start":{"line":158,"column":113},"end":{"line":158,"column":127}},"type":"default-arg","locations":[{"start":{"line":158,"column":125},"end":{"line":158,"column":127}}]},"50":{"loc":{"start":{"line":159,"column":8},"end":{"line":161,"column":9}},"type":"if","locations":[{"start":{"line":159,"column":8},"end":{"line":161,"column":9}}]}},"s":{"0":1,"1":429,"2":429,"3":429,"4":429,"5":423,"6":9,"7":429,"8":0,"9":0,"10":0,"11":1,"12":9,"13":0,"14":1,"15":1,"16":1,"17":0,"18":0,"19":0,"20":0,"21":0,"22":1,"23":1,"24":9,"25":0,"26":9,"27":9,"28":9,"29":9,"30":9,"31":429,"32":429,"33":9,"34":9,"35":1,"36":22,"37":0,"38":27,"39":18,"40":18,"41":0,"42":4,"43":4,"44":4,"45":40,"46":27,"47":1,"48":1,"49":1,"50":1,"51":1,"52":1,"53":1,"54":1,"55":5,"56":5,"57":5,"58":5,"59":5,"60":5,"61":5,"62":1,"63":4,"64":0,"65":0,"66":0,"67":0,"68":0,"69":0,"70":4,"71":3,"72":3,"73":3,"74":3,"75":3,"76":3,"77":3,"78":0,"79":1,"80":8,"81":8,"82":1,"83":7,"84":7,"85":0,"86":0,"87":0,"88":0,"89":0,"90":0,"91":7,"92":6,"93":6,"94":6,"95":6,"96":6,"97":6,"98":6,"99":0,"100":1,"101":1,"102":5,"103":1,"104":4,"105":4,"106":4,"107":1,"108":3,"109":3},"f":{"0":429,"1":9,"2":0,"3":9,"4":0,"5":1,"6":1,"7":0,"8":9,"9":27,"10":22,"11":0,"12":27,"13":18,"14":4,"15":40,"16":5,"17":5,"18":5,"19":5,"20":5,"21":5,"22":3,"23":8,"24":8,"25":6,"26":5,"27":4,"28":4},"b":{"0":[1,1,1],"1":[1,0],"2":[429],"3":[423],"4":[429,429],"5":[42,387],"6":[387,6],"7":[0],"8":[1,1,1],"9":[1,0],"10":[1,1,1],"11":[1,0],"12":[0],"13":[0],"14":[9,9],"15":[9],"16":[429],"17":[1,1,1],"18":[22,0],"19":[27,27],"20":[18,22],"21":[27,10],"22":[5,1],"23":[1,4],"24":[5,5],"25":[5,1],"26":[0],"27":[1],"28":[0,4],"29":[4,0,0],"30":[0,0],"31":[3],"32":[4,3,3],"33":[3,0],"34":[0,0],"35":[0],"36":[1],"37":[7,0],"38":[0,7],"39":[7,0,0],"40":[0,0],"41":[6],"42":[7,6,6],"43":[0,0],"44":[3],"45":[3],"46":[0],"47":[1],"48":[0],"49":[2],"50":[1]}}
,"D:\\Files\\js\\cryptolib\\messenger-e2ee-module\\dist\\algorithms\\ed25519.js": {"path":"D:\\Files\\js\\cryptolib\\messenger-e2ee-module\\dist\\algorithms\\ed25519.js","statementMap":{"0":{"start":{"line":2,"column":22},"end":{"line":12,"column":3}},"1":{"start":{"line":3,"column":4},"end":{"line":3,"column":33}},"2":{"start":{"line":3,"column":26},"end":{"line":3,"column":33}},"3":{"start":{"line":4,"column":15},"end":{"line":4,"column":52}},"4":{"start":{"line":5,"column":4},"end":{"line":7,"column":5}},"5":{"start":{"line":6,"column":6},"end":{"line":6,"column":68}},"6":{"start":{"line":6,"column":51},"end":{"line":6,"column":63}},"7":{"start":{"line":8,"column":4},"end":{"line":8,"column":39}},"8":{"start":{"line":10,"column":4},"end":{"line":10,"column":33}},"9":{"start":{"line":10,"column":26},"end":{"line":10,"column":33}},"10":{"start":{"line":11,"column":4},"end":{"line":11,"column":17}},"11":{"start":{"line":13,"column":25},"end":{"line":17,"column":2}},"12":{"start":{"line":14,"column":4},"end":{"line":14,"column":72}},"13":{"start":{"line":16,"column":4},"end":{"line":16,"column":21}},"14":{"start":{"line":18,"column":19},"end":{"line":34,"column":4}},"15":{"start":{"line":19,"column":18},"end":{"line":26,"column":5}},"16":{"start":{"line":20,"column":8},"end":{"line":24,"column":10}},"17":{"start":{"line":21,"column":21},"end":{"line":21,"column":23}},"18":{"start":{"line":22,"column":12},"end":{"line":22,"column":95}},"19":{"start":{"line":22,"column":29},"end":{"line":22,"column":95}},"20":{"start":{"line":22,"column":77},"end":{"line":22,"column":95}},"21":{"start":{"line":23,"column":12},"end":{"line":23,"column":22}},"22":{"start":{"line":25,"column":8},"end":{"line":25,"column":26}},"23":{"start":{"line":27,"column":4},"end":{"line":33,"column":6}},"24":{"start":{"line":28,"column":8},"end":{"line":28,"column":46}},"25":{"start":{"line":28,"column":35},"end":{"line":28,"column":46}},"26":{"start":{"line":29,"column":21},"end":{"line":29,"column":23}},"27":{"start":{"line":30,"column":8},"end":{"line":30,"column":137}},"28":{"start":{"line":30,"column":25},"end":{"line":30,"column":137}},"29":{"start":{"line":30,"column":38},"end":{"line":30,"column":50}},"30":{"start":{"line":30,"column":56},"end":{"line":30,"column":57}},"31":{"start":{"line":30,"column":78},"end":{"line":30,"column":137}},"32":{"start":{"line":30,"column":102},"end":{"line":30,"column":137}},"33":{"start":{"line":31,"column":8},"end":{"line":31,"column":40}},"34":{"start":{"line":32,"column":8},"end":{"line":32,"column":22}},"35":{"start":{"line":35,"column":16},"end":{"line":43,"column":1}},"36":{"start":{"line":36,"column":28},"end":{"line":36,"column":110}},"37":{"start":{"line":36,"column":91},"end":{"line":36,"column":106}},"38":{"start":{"line":37,"column":4},"end":{"line":42,"column":7}},"39":{"start":{"line":38,"column":36},"end":{"line":38,"column":97}},"40":{"start":{"line":38,"column":42},"end":{"line":38,"column":70}},"41":{"start":{"line":38,"column":85},"end":{"line":38,"column":95}},"42":{"start":{"line":39,"column":35},"end":{"line":39,"column":100}},"43":{"start":{"line":39,"column":41},"end":{"line":39,"column":73}},"44":{"start":{"line":39,"column":88},"end":{"line":39,"column":98}},"45":{"start":{"line":40,"column":32},"end":{"line":40,"column":116}},"46":{"start":{"line":41,"column":8},"end":{"line":41,"column":78}},"47":{"start":{"line":44,"column":0},"end":{"line":44,"column":62}},"48":{"start":{"line":45,"column":0},"end":{"line":45,"column":25}},"49":{"start":{"line":48,"column":8},"end":{"line":50,"column":11}},"50":{"start":{"line":49,"column":12},"end":{"line":49,"column":45}},"51":{"start":{"line":53,"column":8},"end":{"line":55,"column":11}},"52":{"start":{"line":54,"column":12},"end":{"line":54,"column":53}},"53":{"start":{"line":58,"column":8},"end":{"line":60,"column":11}},"54":{"start":{"line":59,"column":12},"end":{"line":59,"column":65}},"55":{"start":{"line":63,"column":8},"end":{"line":97,"column":11}},"56":{"start":{"line":64,"column":12},"end":{"line":95,"column":13}},"57":{"start":{"line":65,"column":16},"end":{"line":78,"column":17}},"58":{"start":{"line":66,"column":36},"end":{"line":68,"column":48}},"59":{"start":{"line":69,"column":46},"end":{"line":69,"column":108}},"60":{"start":{"line":70,"column":47},"end":{"line":70,"column":112}},"61":{"start":{"line":71,"column":20},"end":{"line":74,"column":22}},"62":{"start":{"line":77,"column":20},"end":{"line":77,"column":149}},"63":{"start":{"line":80,"column":17},"end":{"line":95,"column":13}},"64":{"start":{"line":81,"column":16},"end":{"line":94,"column":17}},"65":{"start":{"line":82,"column":35},"end":{"line":82,"column":102}},"66":{"start":{"line":82,"column":70},"end":{"line":82,"column":101}},"67":{"start":{"line":83,"column":54},"end":{"line":86,"column":22}},"68":{"start":{"line":87,"column":20},"end":{"line":90,"column":22}},"69":{"start":{"line":93,"column":20},"end":{"line":93,"column":149}},"70":{"start":{"line":96,"column":12},"end":{"line":96,"column":123}},"71":{"start":{"line":100,"column":8},"end":{"line":132,"column":11}},"72":{"start":{"line":101,"column":12},"end":{"line":103,"column":13}},"73":{"start":{"line":102,"column":16},"end":{"line":102,"column":131}},"74":{"start":{"line":104,"column":12},"end":{"line":130,"column":13}},"75":{"start":{"line":105,"column":16},"end":{"line":114,"column":17}},"76":{"start":{"line":106,"column":47},"end":{"line":108,"column":39}},"77":{"start":{"line":109,"column":38},"end":{"line":109,"column":119}},"78":{"start":{"line":110,"column":20},"end":{"line":110,"column":53}},"79":{"start":{"line":113,"column":20},"end":{"line":113,"column":142}},"80":{"start":{"line":116,"column":17},"end":{"line":130,"column":13}},"81":{"start":{"line":117,"column":16},"end":{"line":129,"column":17}},"82":{"start":{"line":118,"column":35},"end":{"line":118,"column":102}},"83":{"start":{"line":118,"column":70},"end":{"line":118,"column":101}},"84":{"start":{"line":119,"column":32},"end":{"line":123,"column":22}},"85":{"start":{"line":124,"column":38},"end":{"line":124,"column":82}},"86":{"start":{"line":125,"column":20},"end":{"line":125,"column":53}},"87":{"start":{"line":128,"column":20},"end":{"line":128,"column":142}},"88":{"start":{"line":131,"column":12},"end":{"line":131,"column":116}},"89":{"start":{"line":135,"column":8},"end":{"line":168,"column":11}},"90":{"start":{"line":136,"column":12},"end":{"line":138,"column":13}},"91":{"start":{"line":137,"column":16},"end":{"line":137,"column":119}},"92":{"start":{"line":139,"column":12},"end":{"line":141,"column":13}},"93":{"start":{"line":140,"column":16},"end":{"line":140,"column":129}},"94":{"start":{"line":142,"column":12},"end":{"line":166,"column":13}},"95":{"start":{"line":143,"column":16},"end":{"line":151,"column":17}},"96":{"start":{"line":144,"column":46},"end":{"line":146,"column":41}},"97":{"start":{"line":147,"column":20},"end":{"line":147,"column":121}},"98":{"start":{"line":150,"column":20},"end":{"line":150,"column":147}},"99":{"start":{"line":153,"column":17},"end":{"line":166,"column":13}},"100":{"start":{"line":154,"column":16},"end":{"line":165,"column":17}},"101":{"start":{"line":155,"column":35},"end":{"line":155,"column":102}},"102":{"start":{"line":155,"column":70},"end":{"line":155,"column":101}},"103":{"start":{"line":156,"column":32},"end":{"line":160,"column":22}},"104":{"start":{"line":161,"column":20},"end":{"line":161,"column":98}},"105":{"start":{"line":164,"column":20},"end":{"line":164,"column":147}},"106":{"start":{"line":167,"column":12},"end":{"line":167,"column":121}},"107":{"start":{"line":171,"column":0},"end":{"line":171,"column":26}}},"fnMap":{"0":{"name":"(anonymous_0)","decl":{"start":{"line":2,"column":74},"end":{"line":2,"column":83}},"loc":{"start":{"line":2,"column":94},"end":{"line":9,"column":1}}},"1":{"name":"(anonymous_1)","decl":{"start":{"line":6,"column":38},"end":{"line":6,"column":51}},"loc":{"start":{"line":6,"column":38},"end":{"line":6,"column":65}}},"2":{"name":"(anonymous_2)","decl":{"start":{"line":9,"column":6},"end":{"line":9,"column":15}},"loc":{"start":{"line":9,"column":26},"end":{"line":12,"column":1}}},"3":{"name":"(anonymous_3)","decl":{"start":{"line":13,"column":80},"end":{"line":13,"column":89}},"loc":{"start":{"line":13,"column":93},"end":{"line":15,"column":1}}},"4":{"name":"(anonymous_4)","decl":{"start":{"line":15,"column":5},"end":{"line":15,"column":14}},"loc":{"start":{"line":15,"column":18},"end":{"line":17,"column":1}}},"5":{"name":"(anonymous_5)","decl":{"start":{"line":18,"column":51},"end":{"line":18,"column":null}},"loc":{"start":{"line":18,"column":51},"end":{"line":34,"column":1}}},"6":{"name":"(anonymous_6)","decl":{"start":{"line":19,"column":18},"end":{"line":19,"column":27}},"loc":{"start":{"line":19,"column":28},"end":{"line":26,"column":5}}},"7":{"name":"(anonymous_7)","decl":{"start":{"line":20,"column":48},"end":{"line":20,"column":58}},"loc":{"start":{"line":20,"column":59},"end":{"line":24,"column":9}}},"8":{"name":"(anonymous_8)","decl":{"start":{"line":27,"column":11},"end":{"line":27,"column":21}},"loc":{"start":{"line":27,"column":24},"end":{"line":33,"column":5}}},"9":{"name":"(anonymous_9)","decl":{"start":{"line":35,"column":44},"end":{"line":35,"column":54}},"loc":{"start":{"line":35,"column":87},"end":{"line":43,"column":1}}},"10":{"name":"adopt","decl":{"start":{"line":36,"column":13},"end":{"line":36,"column":18}},"loc":{"start":{"line":36,"column":24},"end":{"line":36,"column":112}}},"11":{"name":"(anonymous_11)","decl":{"start":{"line":36,"column":70},"end":{"line":36,"column":80}},"loc":{"start":{"line":36,"column":87},"end":{"line":36,"column":108}}},"12":{"name":"(anonymous_12)","decl":{"start":{"line":37,"column":36},"end":{"line":37,"column":46}},"loc":{"start":{"line":37,"column":61},"end":{"line":42,"column":5}}},"13":{"name":"fulfilled","decl":{"start":{"line":38,"column":17},"end":{"line":38,"column":26}},"loc":{"start":{"line":38,"column":32},"end":{"line":38,"column":99}}},"14":{"name":"rejected","decl":{"start":{"line":39,"column":17},"end":{"line":39,"column":25}},"loc":{"start":{"line":39,"column":31},"end":{"line":39,"column":102}}},"15":{"name":"step","decl":{"start":{"line":40,"column":17},"end":{"line":40,"column":21}},"loc":{"start":{"line":40,"column":28},"end":{"line":40,"column":118}}},"16":{"name":"(anonymous_16)","decl":{"start":{"line":47,"column":4},"end":{"line":47,"column":19}},"loc":{"start":{"line":47,"column":19},"end":{"line":51,"column":5}}},"17":{"name":"(anonymous_17)","decl":{"start":{"line":48,"column":47},"end":{"line":48,"column":55}},"loc":{"start":{"line":48,"column":56},"end":{"line":50,"column":9}}},"18":{"name":"(anonymous_18)","decl":{"start":{"line":52,"column":4},"end":{"line":52,"column":8}},"loc":{"start":{"line":52,"column":28},"end":{"line":56,"column":5}}},"19":{"name":"(anonymous_19)","decl":{"start":{"line":53,"column":47},"end":{"line":53,"column":55}},"loc":{"start":{"line":53,"column":56},"end":{"line":55,"column":9}}},"20":{"name":"(anonymous_20)","decl":{"start":{"line":57,"column":4},"end":{"line":57,"column":10}},"loc":{"start":{"line":57,"column":40},"end":{"line":61,"column":5}}},"21":{"name":"(anonymous_21)","decl":{"start":{"line":58,"column":47},"end":{"line":58,"column":55}},"loc":{"start":{"line":58,"column":56},"end":{"line":60,"column":9}}},"22":{"name":"(anonymous_22)","decl":{"start":{"line":62,"column":4},"end":{"line":62,"column":10}},"loc":{"start":{"line":62,"column":26},"end":{"line":98,"column":5}}},"23":{"name":"(anonymous_23)","decl":{"start":{"line":63,"column":47},"end":{"line":63,"column":55}},"loc":{"start":{"line":63,"column":56},"end":{"line":97,"column":9}}},"24":{"name":"(anonymous_24)","decl":{"start":{"line":82,"column":64},"end":{"line":82,"column":67}},"loc":{"start":{"line":82,"column":70},"end":{"line":82,"column":101}}},"25":{"name":"(anonymous_25)","decl":{"start":{"line":99,"column":4},"end":{"line":99,"column":10}},"loc":{"start":{"line":99,"column":35},"end":{"line":133,"column":5}}},"26":{"name":"(anonymous_26)","decl":{"start":{"line":100,"column":47},"end":{"line":100,"column":55}},"loc":{"start":{"line":100,"column":56},"end":{"line":132,"column":9}}},"27":{"name":"(anonymous_27)","decl":{"start":{"line":118,"column":64},"end":{"line":118,"column":67}},"loc":{"start":{"line":118,"column":70},"end":{"line":118,"column":101}}},"28":{"name":"(anonymous_28)","decl":{"start":{"line":134,"column":4},"end":{"line":134,"column":10}},"loc":{"start":{"line":134,"column":47},"end":{"line":169,"column":5}}},"29":{"name":"(anonymous_29)","decl":{"start":{"line":135,"column":47},"end":{"line":135,"column":55}},"loc":{"start":{"line":135,"column":56},"end":{"line":168,"column":9}}},"30":{"name":"(anonymous_30)","decl":{"start":{"line":155,"column":64},"end":{"line":155,"column":67}},"loc":{"start":{"line":155,"column":70},"end":{"line":155,"column":101}}}},"branchMap":{"0":{"loc":{"start":{"line":2,"column":22},"end":{"line":12,"column":3}},"type":"binary-expr","locations":[{"start":{"line":2,"column":23},"end":{"line":2,"column":27}},{"start":{"line":2,"column":31},"end":{"line":2,"column":51}},{"start":{"line":2,"column":57},"end":{"line":12,"column":2}}]},"1":{"loc":{"start":{"line":2,"column":57},"end":{"line":12,"column":2}},"type":"cond-expr","locations":[{"start":{"line":2,"column":74},"end":{"line":9,"column":1}},{"start":{"line":9,"column":6},"end":{"line":12,"column":1}}]},"2":{"loc":{"start":{"line":3,"column":4},"end":{"line":3,"column":33}},"type":"if","locations":[{"start":{"line":3,"column":4},"end":{"line":3,"column":33}}]},"3":{"loc":{"start":{"line":5,"column":4},"end":{"line":7,"column":5}},"type":"if","locations":[{"start":{"line":5,"column":4},"end":{"line":7,"column":5}}]},"4":{"loc":{"start":{"line":5,"column":8},"end":{"line":5,"column":85}},"type":"binary-expr","locations":[{"start":{"line":5,"column":8},"end":{"line":5,"column":13}},{"start":{"line":5,"column":18},"end":{"line":5,"column":84}}]},"5":{"loc":{"start":{"line":5,"column":18},"end":{"line":5,"column":84}},"type":"cond-expr","locations":[{"start":{"line":5,"column":34},"end":{"line":5,"column":47}},{"start":{"line":5,"column":50},"end":{"line":5,"column":84}}]},"6":{"loc":{"start":{"line":5,"column":50},"end":{"line":5,"column":84}},"type":"binary-expr","locations":[{"start":{"line":5,"column":50},"end":{"line":5,"column":63}},{"start":{"line":5,"column":67},"end":{"line":5,"column":84}}]},"7":{"loc":{"start":{"line":10,"column":4},"end":{"line":10,"column":33}},"type":"if","locations":[{"start":{"line":10,"column":4},"end":{"line":10,"column":33}}]},"8":{"loc":{"start":{"line":13,"column":25},"end":{"line":17,"column":2}},"type":"binary-expr","locations":[{"start":{"line":13,"column":26},"end":{"line":13,"column":30}},{"start":{"line":13,"column":34},"end":{"line":13,"column":57}},{"start":{"line":13,"column":63},"end":{"line":17,"column":1}}]},"9":{"loc":{"start":{"line":13,"column":63},"end":{"line":17,"column":1}},"type":"cond-expr","locations":[{"start":{"line":13,"column":80},"end":{"line":15,"column":1}},{"start":{"line":15,"column":5},"end":{"line":17,"column":1}}]},"10":{"loc":{"start":{"line":18,"column":19},"end":{"line":34,"column":4}},"type":"binary-expr","locations":[{"start":{"line":18,"column":20},"end":{"line":18,"column":24}},{"start":{"line":18,"column":28},"end":{"line":18,"column":45}},{"start":{"line":18,"column":50},"end":{"line":34,"column":4}}]},"11":{"loc":{"start":{"line":20,"column":18},"end":{"line":24,"column":9}},"type":"binary-expr","locations":[{"start":{"line":20,"column":18},"end":{"line":20,"column":44}},{"start":{"line":20,"column":48},"end":{"line":24,"column":9}}]},"12":{"loc":{"start":{"line":22,"column":29},"end":{"line":22,"column":95}},"type":"if","locations":[{"start":{"line":22,"column":29},"end":{"line":22,"column":95}}]},"13":{"loc":{"start":{"line":28,"column":8},"end":{"line":28,"column":46}},"type":"if","locations":[{"start":{"line":28,"column":8},"end":{"line":28,"column":46}}]},"14":{"loc":{"start":{"line":28,"column":12},"end":{"line":28,"column":33}},"type":"binary-expr","locations":[{"start":{"line":28,"column":12},"end":{"line":28,"column":15}},{"start":{"line":28,"column":19},"end":{"line":28,"column":33}}]},"15":{"loc":{"start":{"line":30,"column":8},"end":{"line":30,"column":137}},"type":"if","locations":[{"start":{"line":30,"column":8},"end":{"line":30,"column":137}}]},"16":{"loc":{"start":{"line":30,"column":78},"end":{"line":30,"column":137}},"type":"if","locations":[{"start":{"line":30,"column":78},"end":{"line":30,"column":137}}]},"17":{"loc":{"start":{"line":35,"column":16},"end":{"line":43,"column":1}},"type":"binary-expr","locations":[{"start":{"line":35,"column":17},"end":{"line":35,"column":21}},{"start":{"line":35,"column":25},"end":{"line":35,"column":39}},{"start":{"line":35,"column":44},"end":{"line":43,"column":1}}]},"18":{"loc":{"start":{"line":36,"column":35},"end":{"line":36,"column":109}},"type":"cond-expr","locations":[{"start":{"line":36,"column":56},"end":{"line":36,"column":61}},{"start":{"line":36,"column":64},"end":{"line":36,"column":109}}]},"19":{"loc":{"start":{"line":37,"column":16},"end":{"line":37,"column":34}},"type":"binary-expr","locations":[{"start":{"line":37,"column":16},"end":{"line":37,"column":17}},{"start":{"line":37,"column":22},"end":{"line":37,"column":33}}]},"20":{"loc":{"start":{"line":40,"column":32},"end":{"line":40,"column":115}},"type":"cond-expr","locations":[{"start":{"line":40,"column":46},"end":{"line":40,"column":67}},{"start":{"line":40,"column":70},"end":{"line":40,"column":115}}]},"21":{"loc":{"start":{"line":41,"column":51},"end":{"line":41,"column":67}},"type":"binary-expr","locations":[{"start":{"line":41,"column":51},"end":{"line":41,"column":61}},{"start":{"line":41,"column":65},"end":{"line":41,"column":67}}]},"22":{"loc":{"start":{"line":64,"column":12},"end":{"line":95,"column":13}},"type":"if","locations":[{"start":{"line":64,"column":12},"end":{"line":95,"column":13}},{"start":{"line":80,"column":17},"end":{"line":95,"column":13}}]},"23":{"loc":{"start":{"line":64,"column":16},"end":{"line":64,"column":86}},"type":"binary-expr","locations":[{"start":{"line":64,"column":16},"end":{"line":64,"column":45}},{"start":{"line":64,"column":49},"end":{"line":64,"column":62}},{"start":{"line":64,"column":66},"end":{"line":64,"column":86}}]},"24":{"loc":{"start":{"line":77,"column":93},"end":{"line":77,"column":145}},"type":"cond-expr","locations":[{"start":{"line":77,"column":116},"end":{"line":77,"column":127}},{"start":{"line":77,"column":130},"end":{"line":77,"column":145}}]},"25":{"loc":{"start":{"line":80,"column":17},"end":{"line":95,"column":13}},"type":"if","locations":[{"start":{"line":80,"column":17},"end":{"line":95,"column":13}}]},"26":{"loc":{"start":{"line":80,"column":21},"end":{"line":80,"column":96}},"type":"binary-expr","locations":[{"start":{"line":80,"column":21},"end":{"line":80,"column":51}},{"start":{"line":80,"column":55},"end":{"line":80,"column":71}},{"start":{"line":80,"column":75},"end":{"line":80,"column":96}}]},"27":{"loc":{"start":{"line":93,"column":93},"end":{"line":93,"column":145}},"type":"cond-expr","locations":[{"start":{"line":93,"column":116},"end":{"line":93,"column":127}},{"start":{"line":93,"column":130},"end":{"line":93,"column":145}}]},"28":{"loc":{"start":{"line":101,"column":12},"end":{"line":103,"column":13}},"type":"if","locations":[{"start":{"line":101,"column":12},"end":{"line":103,"column":13}}]},"29":{"loc":{"start":{"line":104,"column":12},"end":{"line":130,"column":13}},"type":"if","locations":[{"start":{"line":104,"column":12},"end":{"line":130,"column":13}},{"start":{"line":116,"column":17},"end":{"line":130,"column":13}}]},"30":{"loc":{"start":{"line":104,"column":16},"end":{"line":104,"column":86}},"type":"binary-expr","locations":[{"start":{"line":104,"column":16},"end":{"line":104,"column":45}},{"start":{"line":104,"column":49},"end":{"line":104,"column":62}},{"start":{"line":104,"column":66},"end":{"line":104,"column":86}}]},"31":{"loc":{"start":{"line":113,"column":86},"end":{"line":113,"column":138}},"type":"cond-expr","locations":[{"start":{"line":113,"column":109},"end":{"line":113,"column":120}},{"start":{"line":113,"column":123},"end":{"line":113,"column":138}}]},"32":{"loc":{"start":{"line":116,"column":17},"end":{"line":130,"column":13}},"type":"if","locations":[{"start":{"line":116,"column":17},"end":{"line":130,"column":13}}]},"33":{"loc":{"start":{"line":116,"column":21},"end":{"line":116,"column":96}},"type":"binary-expr","locations":[{"start":{"line":116,"column":21},"end":{"line":116,"column":51}},{"start":{"line":116,"column":55},"end":{"line":116,"column":71}},{"start":{"line":116,"column":75},"end":{"line":116,"column":96}}]},"34":{"loc":{"start":{"line":128,"column":86},"end":{"line":128,"column":138}},"type":"cond-expr","locations":[{"start":{"line":128,"column":109},"end":{"line":128,"column":120}},{"start":{"line":128,"column":123},"end":{"line":128,"column":138}}]},"35":{"loc":{"start":{"line":136,"column":12},"end":{"line":138,"column":13}},"type":"if","locations":[{"start":{"line":136,"column":12},"end":{"line":138,"column":13}}]},"36":{"loc":{"start":{"line":139,"column":12},"end":{"line":141,"column":13}},"type":"if","locations":[{"start":{"line":139,"column":12},"end":{"line":141,"column":13}}]},"37":{"loc":{"start":{"line":142,"column":12},"end":{"line":166,"column":13}},"type":"if","locations":[{"start":{"line":142,"column":12},"end":{"line":166,"column":13}},{"start":{"line":153,"column":17},"end":{"line":166,"column":13}}]},"38":{"loc":{"start":{"line":142,"column":16},"end":{"line":142,"column":86}},"type":"binary-expr","locations":[{"start":{"line":142,"column":16},"end":{"line":142,"column":45}},{"start":{"line":142,"column":49},"end":{"line":142,"column":62}},{"start":{"line":142,"column":66},"end":{"line":142,"column":86}}]},"39":{"loc":{"start":{"line":150,"column":91},"end":{"line":150,"column":143}},"type":"cond-expr","locations":[{"start":{"line":150,"column":114},"end":{"line":150,"column":125}},{"start":{"line":150,"column":128},"end":{"line":150,"column":143}}]},"40":{"loc":{"start":{"line":153,"column":17},"end":{"line":166,"column":13}},"type":"if","locations":[{"start":{"line":153,"column":17},"end":{"line":166,"column":13}}]},"41":{"loc":{"start":{"line":153,"column":21},"end":{"line":153,"column":96}},"type":"binary-expr","locations":[{"start":{"line":153,"column":21},"end":{"line":153,"column":51}},{"start":{"line":153,"column":55},"end":{"line":153,"column":71}},{"start":{"line":153,"column":75},"end":{"line":153,"column":96}}]},"42":{"loc":{"start":{"line":164,"column":91},"end":{"line":164,"column":143}},"type":"cond-expr","locations":[{"start":{"line":164,"column":114},"end":{"line":164,"column":125}},{"start":{"line":164,"column":128},"end":{"line":164,"column":143}}]}},"s":{"0":1,"1":456,"2":456,"3":456,"4":456,"5":450,"6":20,"7":456,"8":0,"9":0,"10":0,"11":1,"12":12,"13":0,"14":1,"15":1,"16":1,"17":0,"18":0,"19":0,"20":0,"21":0,"22":1,"23":1,"24":12,"25":0,"26":12,"27":12,"28":12,"29":12,"30":12,"31":456,"32":456,"33":12,"34":12,"35":1,"36":12,"37":0,"38":36,"39":12,"40":12,"41":3,"42":0,"43":0,"44":0,"45":39,"46":36,"47":1,"48":1,"49":5,"50":5,"51":6,"52":6,"53":7,"54":7,"55":5,"56":5,"57":0,"58":0,"59":0,"60":0,"61":0,"62":0,"63":5,"64":4,"65":4,"66":4,"67":4,"68":3,"69":1,"70":1,"71":6,"72":6,"73":1,"74":5,"75":0,"76":0,"77":0,"78":0,"79":0,"80":5,"81":4,"82":4,"83":4,"84":4,"85":4,"86":3,"87":1,"88":1,"89":7,"90":7,"91":1,"92":6,"93":1,"94":5,"95":0,"96":0,"97":0,"98":0,"99":5,"100":4,"101":4,"102":4,"103":4,"104":4,"105":1,"106":1,"107":1},"f":{"0":456,"1":20,"2":0,"3":12,"4":0,"5":1,"6":1,"7":0,"8":12,"9":36,"10":12,"11":0,"12":36,"13":12,"14":0,"15":39,"16":5,"17":5,"18":6,"19":6,"20":7,"21":7,"22":5,"23":5,"24":4,"25":6,"26":6,"27":4,"28":7,"29":7,"30":4},"b":{"0":[1,1,1],"1":[1,0],"2":[456],"3":[450],"4":[456,456],"5":[42,414],"6":[414,6],"7":[0],"8":[1,1,1],"9":[1,0],"10":[1,1,1],"11":[1,0],"12":[0],"13":[0],"14":[12,12],"15":[12],"16":[456],"17":[1,1,1],"18":[12,0],"19":[36,36],"20":[27,12],"21":[36,36],"22":[0,5],"23":[5,0,0],"24":[0,0],"25":[4],"26":[5,4,4],"27":[1,0],"28":[1],"29":[0,5],"30":[5,0,0],"31":[0,0],"32":[4],"33":[5,4,4],"34":[1,0],"35":[1],"36":[1],"37":[0,5],"38":[5,0,0],"39":[0,0],"40":[4],"41":[5,4,4],"42":[1,0]}}
[...]
}},"4":{"start":{"line":15,"column":4},"end":{"line":15,"column":55}},"5":{"start":{"line":19,"column":20},"end":{"line":19,"column":54}},"6":{"start":{"line":20,"column":4},"end":{"line":20,"column":68}},"7":{"start":{"line":30,"column":4},"end":{"line":30,"column":28}},"8":{"start":{"line":30,"column":21},"end":{"line":30,"column":28}},"9":{"start":{"line":32,"column":4},"end":{"line":37,"column":5}},"10":{"start":{"line":34,"column":6},"end":{"line":34,"column":41}},"11":{"start":{"line":36,"column":6},"end":{"line":36,"column":149}},"12":{"start":{"line":40,"column":4},"end":{"line":42,"column":5}},"13":{"start":{"line":41,"column":6},"end":{"line":41,"column":102}},"14":{"start":{"line":45,"column":31},"end":{"line":64,"column":null}},"15":{"start":{"line":47,"column":4},"end":{"line":47,"column":29}},"16":{"start":{"line":49,"column":22},"end":{"line":49,"column":42}},"17":{"start":{"line":50,"column":4},"end":{"line":52,"column":5}},"18":{"start":{"line":51,"column":6},"end":{"line":51,"column":102}},"19":{"start":{"line":54,"column":4},"end":{"line":63,"column":5}},"20":{"start":{"line":55,"column":22},"end":{"line":55,"column":41}},"21":{"start":{"line":57,"column":6},"end":{"line":60,"column":8}},"22":{"start":{"line":62,"column":6},"end":{"line":62,"column":129}},"23":{"start":{"line":67,"column":4},"end":{"line":88,"column":null}},"24":{"start":{"line":71,"column":4},"end":{"line":71,"column":29}},"25":{"start":{"line":73,"column":22},"end":{"line":73,"column":42}},"26":{"start":{"line":74,"column":4},"end":{"line":76,"column":5}},"27":{"start":{"line":75,"column":6},"end":{"line":75,"column":148}},"28":{"start":{"line":78,"column":4},"end":{"line":87,"column":5}},"29":{"start":{"line":79,"column":27},"end":{"line":79,"column":53}},"30":{"start":{"line":81,"column":6},"end":{"line":84,"column":8}},"31":{"start":{"line":86,"column":6},"end":{"line":86,"column":128}},"32":{"start":{"line":91,"column":4},"end":{"line":110,"column":null}},"33":{"start":{"line":96,"column":4},"end":{"line":96,"column":29}},"34":{"start":{"line":98,"column":22},"end":{"line":98,"column":42}},"35":{"start":{"line":99,"column":4},"end":{"line":101,"column":5}},"36":{"start":{"line":100,"column":6},"end":{"line":100,"column":148}},"37":{"start":{"line":103,"column":4},"end":{"line":109,"column":5}},"38":{"start":{"line":104,"column":27},"end":{"line":104,"column":66}},"39":{"start":{"line":106,"column":6},"end":{"line":106,"column":42}},"40":{"start":{"line":108,"column":6},"end":{"line":108,"column":128}},"41":{"start":{"line":7,"column":0},"end":{"line":7,"column":13}},"42":{"start":{"line":24,"column":18},"end":{"line":24,"column":40}},"43":{"start":{"line":25,"column":18},"end":{"line":25,"column":40}},"44":{"start":{"line":26,"column":18},"end":{"line":26,"column":42}}},"fnMap":{"0":{"name":"(anonymous_7)","decl":{"start":{"line":8,"column":8},"end":{"line":8,"column":23}},"loc":{"start":{"line":8,"column":54},"end":{"line":11,"column":null}}},"1":{"name":"(anonymous_9)","decl":{"start":{"line":13,"column":8},"end":{"line":13,"column":19}},"loc":{"start":{"line":13,"column":73},"end":{"line":16,"column":null}}},"2":{"name":"(anonymous_11)","decl":{"start":{"line":18,"column":8},"end":{"line":18,"column":19}},"loc":{"start":{"line":18,"column":98},"end":{"line":21,"column":null}}},"3":{"name":"(anonymous_13)","decl":{"start":{"line":29,"column":10},"end":{"line":29,"column":16}},"loc":{"start":{"line":29,"column":34},"end":{"line":43,"column":3}}},"4":{"name":"(anonymous_14)","decl":{"start":{"line":45,"column":2},"end":{"line":45,"column":8}},"loc":{"start":{"line":45,"column":30},"end":{"line":64,"column":null}}},"5":{"name":"(anonymous_15)","decl":{"start":{"line":45,"column":31},"end":{"line":45,"column":49}},"loc":{"start":{"line":45,"column":63},"end":{"line":64,"column":3}}},"6":{"name":"(anonymous_16)","decl":{"start":{"line":66,"column":2},"end":{"line":66,"column":8}},"loc":{"start":{"line":66,"column":26},"end":{"line":88,"column":null}}},"7":{"name":"(anonymous_17)","decl":{"start":{"line":67,"column":4},"end":{"line":67,"column":25}},"loc":{"start":{"line":68,"column":36},"end":{"line":88,"column":3}}},"8":{"name":"(anonymous_18)","decl":{"start":{"line":90,"column":2},"end":{"line":90,"column":8}},"loc":{"start":{"line":90,"column":26},"end":{"line":110,"column":null}}},"9":{"name":"(anonymous_19)","decl":{"start":{"line":91,"column":4},"end":{"line":91,"column":26}},"loc":{"start":{"line":93,"column":36},"end":{"line":110,"column":3}}}},"branchMap":{"0":{"loc":{"start":{"line":9,"column":20},"end":{"line":9,"column":54}},"type":"binary-expr","locations":[{"start":{"line":9,"column":20},"end":{"line":9,"column":36}},{"start":{"line":9,"column":40},"end":{"line":9,"column":54}}]},"1":{"loc":{"start":{"line":9,"column":20},"end":{"line":9,"column":36}},"type":"cond-expr","locations":[{"start":{"line":9,"column":27},"end":{"line":9,"column":29}},{"start":{"line":9,"column":20},"end":{"line":9,"column":36}}]},"2":{"loc":{"start":{"line":9,"column":20},"end":{"line":9,"column":29}},"type":"binary-expr","locations":[{"start":{"line":9,"column":20},"end":{"line":9,"column":29}},{"start":{"line":9,"column":20},"end":{"line":9,"column":29}}]},"3":{"loc":{"start":{"line":14,"column":20},"end":{"line":14,"column":54}},"type":"binary-expr","locations":[{"start":{"line":14,"column":20},"end":{"line":14,"column":36}},{"start":{"line":14,"column":40},"end":{"line":14,"column":54}}]},"4":{"loc":{"start":{"line":14,"column":20},"end":{"line":14,"column":36}},"type":"cond-expr","locations":[{"start":{"line":14,"column":27},"end":{"line":14,"column":29}},{"start":{"line":14,"column":20},"end":{"line":14,"column":36}}]},"5":{"loc":{"start":{"line":14,"column":20},"end":{"line":14,"column":29}},"type":"binary-expr","locations":[{"start":{"line":14,"column":20},"end":{"line":14,"column":29}},{"start":{"line":14,"column":20},"end":{"line":14,"column":29}}]},"6":{"loc":{"start":{"line":19,"column":20},"end":{"line":19,"column":54}},"type":"binary-expr","locations":[{"start":{"line":19,"column":20},"end":{"line":19,"column":36}},{"start":{"line":19,"column":40},"end":{"line":19,"column":54}}]},"7":{"loc":{"start":{"line":19,"column":20},"end":{"line":19,"column":36}},"type":"cond-expr","locations":[{"start":{"line":19,"column":27},"end":{"line":19,"column":29}},{"start":{"line":19,"column":20},"end":{"line":19,"column":36}}]},"8":{"loc":{"start":{"line":19,"column":20},"end":{"line":19,"column":29}},"type":"binary-expr","locations":[{"start":{"line":19,"column":20},"end":{"line":19,"column":29}},{"start":{"line":19,"column":20},"end":{"line":19,"column":29}}]},"9":{"loc":{"start":{"line":30,"column":4},"end":{"line":30,"column":28}},"type":"if","locations":[{"start":{"line":30,"column":4},"end":{"line":30,"column":28}}]},"10":{"loc":{"start":{"line":36,"column":54},"end":{"line":36,"column":110}},"type":"cond-expr","locations":[{"start":{"line":36,"column":79},"end":{"line":36,"column":92}},{"start":{"line":36,"column":95},"end":{"line":36,"column":110}}]},"11":{"loc":{"start":{"line":40,"column":4},"end":{"line":42,"column":5}},"type":"if","locations":[{"start":{"line":40,"column":4},"end":{"line":42,"column":5}}]},"12":{"loc":{"start":{"line":40,"column":8},"end":{"line":40,"column":80}},"type":"binary-expr","locations":[{"start":{"line":40,"column":8},"end":{"line":40,"column":29}},{"start":{"line":40,"column":33},"end":{"line":40,"column":54}},{"start":{"line":40,"column":58},"end":{"line":40,"column":80}}]},"13":{"loc":{"start":{"line":45,"column":31},"end":{"line":45,"column":63}},"type":"default-arg","locations":[{"start":{"line":45,"column":49},"end":{"line":45,"column":63}}]},"14":{"loc":{"start":{"line":50,"column":4},"end":{"line":52,"column":5}},"type":"if","locations":[{"start":{"line":50,"column":4},"end":{"line":52,"column":5}}]},"15":{"loc":{"start":{"line":62,"column":69},"end":{"line":62,"column":125}},"type":"cond-expr","locations":[{"start":{"line":62,"column":94},"end":{"line":62,"column":107}},{"start":{"line":62,"column":110},"end":{"line":62,"column":125}}]},"16":{"loc":{"start":{"line":68,"column":4},"end":{"line":68,"column":36}},"type":"default-arg","locations":[{"start":{"line":68,"column":22},"end":{"line":68,"column":36}}]},"17":{"loc":{"start":{"line":74,"column":4},"end":{"line":76,"column":5}},"type":"if","locations":[{"start":{"line":74,"column":4},"end":{"line":76,"column":5}}]},"18":{"loc":{"start":{"line":86,"column":68},"end":{"line":86,"column":124}},"type":"cond-expr","locations":[{"start":{"line":86,"column":93},"end":{"line":86,"column":106}},{"start":{"line":86,"column":109},"end":{"line":86,"column":124}}]},"19":{"loc":{"start":{"line":93,"column":4},"end":{"line":93,"column":36}},"type":"default-arg","locations":[{"start":{"line":93,"column":22},"end":{"line":93,"column":36}}]},"20":{"loc":{"start":{"line":99,"column":4},"end":{"line":101,"column":5}},"type":"if","locations":[{"start":{"line":99,"column":4},"end":{"line":101,"column":5}}]},"21":{"loc":{"start":{"line":108,"column":68},"end":{"line":108,"column":124}},"type":"cond-expr","locations":[{"start":{"line":108,"column":93},"end":{"line":108,"column":106}},{"start":{"line":108,"column":109},"end":{"line":108,"column":124}}]}},"s":{"0":1,"1":7,"2":7,"3":4,"4":4,"5":4,"6":4,"7":15,"8":14,"9":1,"10":1,"11":0,"12":1,"13":0,"14":7,"15":7,"16":7,"17":7,"18":1,"19":6,"20":6,"21":3,"22":3,"23":4,"24":4,"25":4,"26":4,"27":1,"28":3,"29":3,"30":1,"31":2,"32":4,"33":4,"34":4,"35":4,"36":1,"37":3,"38":3,"39":1,"40":2,"41":1,"42":1,"43":1,"44":1},"f":{"0":7,"1":4,"2":4,"3":15,"4":7,"5":7,"6":4,"7":4,"8":4,"9":4},"b":{"0":[7,1],"1":[1,6],"2":[7,7],"3":[4,1],"4":[1,3],"5":[4,4],"6":[4,1],"7":[1,3],"8":[4,4],"9":[14],"10":[0,0],"11":[0],"12":[1,1,1],"13":[0],"14":[1],"15":[3,0],"16":[0],"17":[1],"18":[2,0],"19":[0],"20":[1],"21":[2,0]}}
,"D:\\Files\\js\\cryptolib\\messenger-e2ee-module\\src\\utils\\crypto-utils.ts": {"path":"D:\\Files\\js\\cryptolib\\messenger-e2ee-module\\src\\utils\\crypto-utils.ts","statementMap":{"0":{"start":{"line":9,"column":4},"end":{"line":16,"column":5}},"1":{"start":{"line":10,"column":20},"end":{"line":10,"column":42}},"2":{"start":{"line":11,"column":6},"end":{"line":11,"column":43}},"3":{"start":{"line":12,"column":6},"end":{"line":12,"column":19}},"4":{"start":{"line":13,"column":11},"end":{"line":16,"column":5}},"5":{"start":{"line":14,"column":21},"end":{"line":14,"column":43}},"6":{"start":{"line":15,"column":6},"end":{"line":15,"column":56}},"7":{"start":{"line":17,"column":4},"end":{"line":17,"column":71}},"8":{"start":{"line":24,"column":4},"end":{"line":33,"column":5}},"9":{"start":{"line":26,"column":21},"end":{"line":28,"column":17}},"10":{"start":{"line":27,"column":21},"end":{"line":27,"column":46}},"11":{"start":{"line":29,"column":6},"end":{"line":29,"column":26}},"12":{"start":{"line":30,"column":11},"end":{"line":33,"column":5}},"13":{"start":{"line":32,"column":6},"end":{"line":32,"column":50}},"14":{"start":{"line":34,"column":4},"end":{"line":34,"column":76}},"15":{"start":{"line":41,"column":4},"end":{"line":52,"column":5}},"16":{"start":{"line":43,"column":21},"end":{"line":43,"column":31}},"17":{"start":{"line":44,"column":20},"end":{"line":44,"column":49}},"18":{"start":{"line":45,"column":6},"end":{"line":47,"column":7}},"19":{"start":{"line":45,"column":19},"end":{"line":45,"column":20}},"20":{"start":{"line":46,"column":8},"end":{"line":46,"column":40}},"21":{"start":{"line":48,"column":6},"end":{"line":48,"column":19}},"22":{"start":{"line":49,"column":11},"end":{"line":52,"column":5}},"23":{"start":{"line":51,"column":6},"end":{"line":51,"column":57}},"24":{"start":{"line":53,"column":4},"end":{"line":53,"column":76}},"25":{"start":{"line":60,"column":4},"end":{"line":63,"column":6}},"26":{"start":{"line":70,"column":4},"end":{"line":73,"column":6}},"27":{"start":{"line":80,"column":51},"end":{"line":83,"column":6}},"28":{"start":{"line":85,"column":4},"end":{"line":87,"column":5}},"29":{"start":{"line":86,"column":6},"end":{"line":86,"column":57}},"30":{"start":{"line":89,"column":4},"end":{"line":89,"column":22}},"31":{"start":{"line":96,"column":37},"end":{"line":99,"column":6}},"32":{"start":{"line":101,"column":4},"end":{"line":103,"column":5}},"33":{"start":{"line":102,"column":6},"end":{"line":102,"column":59}},"34":{"start":{"line":105,"column":4},"end":{"line":105,"column":18}},"35":{"start":{"line":112,"column":4},"end":{"line":116,"column":5}},"36":{"start":{"line":113,"column":6},"end":{"line":113,"column":43}},"37":{"start":{"line":114,"column":11},"end":{"line":116,"column":5}},"38":{"start":{"line":115,"column":6},"end":{"line":115,"column":54}},"39":{"start":{"line":119,"column":18},"end":{"line":119,"column":44}},"40":{"start":{"line":120,"column":4},"end":{"line":122,"column":5}},"41":{"start":{"line":120,"column":17},"end":{"line":120,"column":18}},"42":{"start":{"line":121,"column":6},"end":{"line":121,"column":42}},"43":{"start":{"line":123,"column":4},"end":{"line":123,"column":17}},"44":{"start":{"line":130,"column":4},"end":{"line":134,"column":5}},"45":{"start":{"line":131,"column":6},"end":{"line":131,"column":52}},"46":{"start":{"line":132,"column":11},"end":{"line":134,"column":5}},"47":{"start":{"line":133,"column":6},"end":{"line":133,"column":49}},"48":{"start":{"line":137,"column":17},"end":{"line":137,"column":19}},"49":{"start":{"line":138,"column":4},"end":{"line":140,"column":5}},"50":{"start":{"line":138,"column":17},"end":{"line":138,"column":18}},"51":{"start":{"line":139,"column":6},"end":{"line":139,"column":46}},"52":{"start":{"line":141,"column":4},"end":{"line":141,"column":18}},"53":{"start":{"line":148,"column":4},"end":{"line":148,"column":44}},"54":{"start":{"line":148,"column":31},"end":{"line":148,"column":44}},"55":{"start":{"line":150,"column":17},"end":{"line":150,"column":18}},"56":{"start":{"line":151,"column":4},"end":{"line":153,"column":5}},"57":{"start":{"line":151,"column":17},"end":{"line":151,"column":18}},"58":{"start":{"line":152,"column":6},"end":{"line":152,"column":28}},"59":{"start":{"line":155,"column":4},"end":{"line":155,"column":24}},"60":{"start":{"line":4,"column":0},"end":{"line":4,"column":13}}},"fnMap":{"0":{"name":"(anonymous_16)","decl":{"start":{"line":8,"column":2},"end":{"line":8,"column":8}},"loc":{"start":{"line":8,"column":41},"end":{"line":18,"column":null}}},"1":{"name":"(anonymous_18)","decl":{"start":{"line":14,"column":21},"end":{"line":14,"column":34}},"loc":{"start":{"line":14,"column":21},"end":{"line":14,"column":43}}},"2":{"name":"(anonymous_19)","decl":{"start":{"line":23,"column":2},"end":{"line":23,"column":8}},"loc":{"start":{"line":23,"column":34},"end":{"line":35,"column":3}}},"3":{"name":"(anonymous_20)","decl":{"start":{"line":27,"column":13},"end":{"line":27,"column":17}},"loc":{"start":{"line":27,"column":21},"end":{"line":27,"column":46}}},"4":{"name":"(anonymous_21)","decl":{"start":{"line":40,"column":2},"end":{"line":40,"column":8}},"loc":{"start":{"line":40,"column":32},"end":{"line":54,"column":3}}},"5":{"name":"(anonymous_22)","decl":{"start":{"line":59,"column":2},"end":{"line":59,"column":8}},"loc":{"start":{"line":59,"column":42},"end":{"line":64,"column":3}}},"6":{"name":"(anonymous_23)","decl":{"start":{"line":69,"column":2},"end":{"line":69,"column":8}},"loc":{"start":{"line":69,"column":57},"end":{"line":74,"column":3}}},"7":{"name":"(anonymous_24)","decl":{"start":{"line":79,"column":2},"end":{"line":79,"column":8}},"loc":{"start":{"line":79,"column":59},"end":{"line":90,"column":3}}},"8":{"name":"(anonymous_25)","decl":{"start":{"line":95,"column":2},"end":{"line":95,"column":8}},"loc":{"start":{"line":95,"column":75},"end":{"line":106,"column":3}}},"9":{"name":"(anonymous_26)","decl":{"start":{"line":111,"column":2},"end":{"line":111,"column":8}},"loc":{"start":{"line":111,"column":34},"end":{"line":124,"column":3}}},"10":{"name":"(anonymous_27)","decl":{"start":{"line":129,"column":2},"end":{"line":129,"column":8}},"loc":{"start":{"line":129,"column":40},"end":{"line":142,"column":3}}},"11":{"name":"(anonymous_28)","decl":{"start":{"line":147,"column":2},"end":{"line":147,"column":8}},"loc":{"start":{"line":147,"column":55},"end":{"line":156,"column":3}}}},"branchMap":{"0":{"loc":{"start":{"line":9,"column":4},"end":{"line":16,"column":5}},"type":"if","locations":[{"start":{"line":9,"column":4},"end":{"line":16,"column":5}},{"start":{"line":13,"column":11},"end":{"line":16,"column":5}}]},"1":{"loc":{"start":{"line":9,"column":8},"end":{"line":9,"column":54}},"type":"binary-expr","locations":[{"start":{"line":9,"column":8},"end":{"line":9,"column":37}},{"start":{"line":9,"column":41},"end":{"line":9,"column":54}}]},"2":{"loc":{"start":{"line":13,"column":11},"end":{"line":16,"column":5}},"type":"if","locations":[{"start":{"line":13,"column":11},"end":{"line":16,"column":5}}]},"3":{"loc":{"start":{"line":13,"column":15},"end":{"line":13,"column":90}},"type":"binary-expr","locations":[{"start":{"line":13,"column":15},"end":{"line":13,"column":45}},{"start":{"line":13,"column":49},"end":{"line":13,"column":65}},{"start":{"line":13,"column":69},"end":{"line":13,"column":90}}]},"4":{"loc":{"start":{"line":24,"column":4},"end":{"line":33,"column":5}},"type":"if","locations":[{"start":{"line":24,"column":4},"end":{"line":33,"column":5}},{"start":{"line":30,"column":11},"end":{"line":33,"column":5}}]},"5":{"loc":{"start":{"line":30,"column":11},"end":{"line":33,"column":5}},"type":"if","locations":[{"start":{"line":30,"column":11},"end":{"line":33,"column":5}}]},"6":{"loc":{"start":{"line":41,"column":4},"end":{"line":52,"column":5}},"type":"if","locations":[{"start":{"line":41,"column":4},"end":{"line":52,"column":5}},{"start":{"line":49,"column":11},"end":{"line":52,"column":5}}]},"7":{"loc":{"start":{"line":49,"column":11},"end":{"line":52,"column":5}},"type":"if","locations":[{"start":{"line":49,"column":11},"end":{"line":52,"column":5}}]},"8":{"loc":{"start":{"line":85,"column":4},"end":{"line":87,"column":5}},"type":"if","locations":[{"start":{"line":85,"column":4},"end":{"line":87,"column":5}}]},"9":{"loc":{"start":{"line":101,"column":4},"end":{"line":103,"column":5}},"type":"if","locations":[{"start":{"line":101,"column":4},"end":{"line":103,"column":5}}]},"10":{"loc":{"start":{"line":112,"column":4},"end":{"line":116,"column":5}},"type":"if","locations":[{"start":{"line":112,"column":4},"end":{"line":116,"column":5}},{"start":{"line":114,"column":11},"end":{"line":116,"column":5}}]},"11":{"loc":{"start":{"line":114,"column":11},"end":{"line":116,"column":5}},"type":"if","locations":[{"start":{"line":114,"column":11},"end":{"line":116,"column":5}}]},"12":{"loc":{"start":{"line":130,"column":4},"end":{"line":134,"column":5}},"type":"if","locations":[{"start":{"line":130,"column":4},"end":{"line":134,"column":5}},{"start":{"line":132,"column":11},"end":{"line":134,"column":5}}]},"13":{"loc":{"start":{"line":132,"column":11},"end":{"line":134,"column":5}},"type":"if","locations":[{"start":{"line":132,"column":11},"end":{"line":134,"column":5}}]},"14":{"loc":{"start":{"line":148,"column":4},"end":{"line":148,"column":44}},"type":"if","locations":[{"start":{"line":148,"column":4},"end":{"line":148,"column":44}}]}},"s":{"0":35,"1":0,"2":0,"3":0,"4":35,"5":68,"6":34,"7":1,"8":11,"9":11,"10":37,"11":11,"12":0,"13":0,"14":0,"15":9,"16":9,"17":9,"18":9,"19":9,"20":31,"21":9,"22":0,"23":0,"24":0,"25":2,"26":1,"27":2,"28":2,"29":1,"30":2,"31":2,"32":2,"33":1,"34":2,"35":2,"36":2,"37":0,"38":0,"39":0,"40":0,"41":0,"42":0,"43":0,"44":2,"45":2,"46":0,"47":0,"48":0,"49":0,"50":0,"51":0,"52":0,"53":3,"54":1,"55":2,"56":2,"57":2,"58":6,"59":2,"60":2},"f":{"0":35,"1":34,"2":11,"3":37,"4":9,"5":2,"6":1,"7":2,"8":2,"9":2,"10":2,"11":3},"b":{"0":[0,35],"1":[35,0],"2":[34],"3":[35,34,34],"4":[11,0],"5":[0],"6":[9,0],"7":[0],"8":[1],"9":[1],"10":[2,0],"11":[0],"12":[2,0],"13":[0],"14":[1]}}
}
