TN:
SF:dist\algorithms\aes.js
FN:2,(anonymous_0)
FN:6,(anonymous_1)
FN:9,(anonymous_2)
FN:13,(anonymous_3)
FN:15,(anonymous_4)
FN:18,(anonymous_5)
FN:19,(anonymous_6)
FN:20,(anonymous_7)
FN:27,(anonymous_8)
FN:35,(anonymous_9)
FN:36,adopt
FN:36,(anonymous_11)
FN:37,(anonymous_12)
FN:38,fulfilled
FN:39,rejected
FN:40,step
FN:48,(anonymous_16)
FN:49,(anonymous_17)
FN:53,(anonymous_18)
FN:54,(anonymous_19)
FN:58,(anonymous_20)
FN:59,(anonymous_21)
FN:63,(anonymous_22)
FN:64,(anonymous_23)
FN:83,(anonymous_24)
FN:84,(anonymous_25)
FN:109,(anonymous_26)
FN:126,(anonymous_27)
FN:127,(anonymous_28)
FN:163,(anonymous_29)
FNF:30
FNH:26
FNDA:1349,(anonymous_0)
FNDA:19,(anonymous_1)
FNDA:0,(anonymous_2)
FNDA:19,(anonymous_3)
FNDA:0,(anonymous_4)
FNDA:1,(anonymous_5)
FNDA:1,(anonymous_6)
FNDA:0,(anonymous_7)
FNDA:19,(anonymous_8)
FNDA:53,(anonymous_9)
FNDA:53,adopt
FNDA:0,(anonymous_11)
FNDA:53,(anonymous_12)
FNDA:52,fulfilled
FNDA:1,rejected
FNDA:95,step
FNDA:1,(anonymous_16)
FNDA:1,(anonymous_17)
FNDA:2,(anonymous_18)
FNDA:2,(anonymous_19)
FNDA:1,(anonymous_20)
FNDA:1,(anonymous_21)
FNDA:22,(anonymous_22)
FNDA:22,(anonymous_23)
FNDA:14,(anonymous_24)
FNDA:14,(anonymous_25)
FNDA:12,(anonymous_26)
FNDA:13,(anonymous_27)
FNDA:13,(anonymous_28)
FNDA:7,(anonymous_29)
DA:2,1
DA:3,1349
DA:4,1349
DA:5,1349
DA:6,1330
DA:8,1349
DA:10,0
DA:11,0
DA:13,1
DA:14,19
DA:16,0
DA:18,1
DA:19,1
DA:20,1
DA:21,0
DA:22,0
DA:23,0
DA:25,1
DA:27,1
DA:28,19
DA:29,19
DA:30,1349
DA:31,19
DA:32,19
DA:35,1
DA:36,53
DA:37,53
DA:38,52
DA:39,1
DA:40,95
DA:41,53
DA:44,1
DA:45,1
DA:46,1
DA:49,1
DA:50,1
DA:54,2
DA:55,2
DA:59,1
DA:60,1
DA:64,22
DA:65,22
DA:66,0
DA:67,0
DA:68,0
DA:69,0
DA:72,0
DA:73,0
DA:76,22
DA:77,21
DA:78,21
DA:80,1
DA:84,14
DA:86,14
DA:87,1
DA:89,13
DA:90,12
DA:91,0
DA:92,0
DA:93,0
DA:94,0
DA:95,0
DA:96,0
DA:97,0
DA:98,0
DA:99,0
DA:100,0
DA:103,0
DA:104,0
DA:107,12
DA:108,12
DA:109,12
DA:110,12
DA:111,12
DA:112,3
DA:113,12
DA:114,12
DA:115,12
DA:116,12
DA:119,0
DA:120,0
DA:123,0
DA:127,13
DA:129,13
DA:130,1
DA:132,12
DA:133,1
DA:135,11
DA:136,1
DA:138,10
DA:139,1
DA:141,9
DA:142,1
DA:144,8
DA:145,0
DA:146,0
DA:147,0
DA:148,0
DA:149,0
DA:150,0
DA:151,0
DA:152,0
DA:153,0
DA:154,0
DA:157,0
DA:158,0
DA:161,8
DA:162,7
DA:163,7
DA:164,7
DA:165,7
DA:166,7
DA:167,2
DA:168,7
DA:169,7
DA:170,5
DA:173,2
DA:174,2
DA:177,1
DA:181,1
LF:120
LH:81
BRDA:2,0,0,1
BRDA:2,0,1,1
BRDA:2,0,2,1
BRDA:2,1,0,1
BRDA:2,1,1,0
BRDA:3,2,0,1349
BRDA:5,3,0,1330
BRDA:5,4,0,1349
BRDA:5,4,1,1349
BRDA:5,5,0,133
BRDA:5,5,1,1216
BRDA:5,6,0,1216
BRDA:5,6,1,19
BRDA:10,7,0,0
BRDA:13,8,0,1
BRDA:13,8,1,1
BRDA:13,8,2,1
BRDA:13,9,0,1
BRDA:13,9,1,0
BRDA:18,10,0,1
BRDA:18,10,1,1
BRDA:18,10,2,1
BRDA:20,11,0,1
BRDA:20,11,1,0
BRDA:22,12,0,0
BRDA:28,13,0,0
BRDA:28,14,0,19
BRDA:28,14,1,19
BRDA:30,15,0,19
BRDA:30,16,0,1349
BRDA:35,17,0,1
BRDA:35,17,1,1
BRDA:35,17,2,1
BRDA:36,18,0,53
BRDA:36,18,1,0
BRDA:37,19,0,53
BRDA:37,19,1,53
BRDA:40,20,0,42
BRDA:40,20,1,53
BRDA:41,21,0,53
BRDA:41,21,1,30
BRDA:49,22,0,0
BRDA:64,23,0,1
BRDA:65,24,0,0
BRDA:65,24,1,22
BRDA:65,25,0,22
BRDA:65,25,1,0
BRDA:65,25,2,0
BRDA:72,26,0,0
BRDA:72,26,1,0
BRDA:76,27,0,21
BRDA:76,28,0,22
BRDA:76,28,1,21
BRDA:76,28,2,21
BRDA:86,29,0,1
BRDA:90,30,0,0
BRDA:90,30,1,12
BRDA:90,31,0,12
BRDA:90,31,1,0
BRDA:90,31,2,0
BRDA:94,32,0,0
BRDA:103,33,0,0
BRDA:103,33,1,0
BRDA:107,34,0,12
BRDA:107,35,0,12
BRDA:107,35,1,12
BRDA:107,35,2,12
BRDA:111,36,0,3
BRDA:119,37,0,0
BRDA:119,37,1,0
BRDA:129,38,0,1
BRDA:132,39,0,1
BRDA:135,40,0,1
BRDA:138,41,0,1
BRDA:141,42,0,1
BRDA:144,43,0,0
BRDA:144,43,1,8
BRDA:144,44,0,8
BRDA:144,44,1,0
BRDA:144,44,2,0
BRDA:151,45,0,0
BRDA:157,46,0,0
BRDA:157,46,1,0
BRDA:161,47,0,7
BRDA:161,48,0,8
BRDA:161,48,1,7
BRDA:161,48,2,7
BRDA:166,49,0,2
BRDA:173,50,0,0
BRDA:173,50,1,2
BRF:90
BRH:62
end_of_record
TN:
SF:dist\algorithms\blowfish.js
FN:2,(anonymous_0)
FN:6,(anonymous_1)
FN:9,(anonymous_2)
FN:13,(anonymous_3)
FN:15,(anonymous_4)
FN:18,(anonymous_5)
FN:19,(anonymous_6)
FN:20,(anonymous_7)
FN:27,(anonymous_8)
FN:35,(anonymous_9)
FN:36,adopt
FN:36,(anonymous_11)
FN:37,(anonymous_12)
FN:38,fulfilled
FN:39,rejected
FN:40,step
FN:48,(anonymous_16)
FN:49,(anonymous_17)
FN:54,(anonymous_18)
FN:55,(anonymous_19)
FN:62,(anonymous_20)
FN:63,(anonymous_21)
FN:67,(anonymous_22)
FN:68,(anonymous_23)
FN:76,(anonymous_24)
FN:77,(anonymous_25)
FN:81,(anonymous_26)
FN:92,(anonymous_27)
FN:100,(anonymous_28)
FN:101,(anonymous_29)
FN:105,(anonymous_30)
FN:111,(anonymous_31)
FN:121,(anonymous_32)
FNF:33
FNH:21
FNDA:0,(anonymous_0)
FNDA:0,(anonymous_1)
FNDA:0,(anonymous_2)
FNDA:0,(anonymous_3)
FNDA:0,(anonymous_4)
FNDA:1,(anonymous_5)
FNDA:0,(anonymous_6)
FNDA:0,(anonymous_7)
FNDA:0,(anonymous_8)
FNDA:22,(anonymous_9)
FNDA:3,adopt
FNDA:0,(anonymous_11)
FNDA:22,(anonymous_12)
FNDA:3,fulfilled
FNDA:0,rejected
FNDA:21,step
FNDA:4,(anonymous_16)
FNDA:4,(anonymous_17)
FNDA:4,(anonymous_18)
FNDA:4,(anonymous_19)
FNDA:3,(anonymous_20)
FNDA:3,(anonymous_21)
FNDA:4,(anonymous_22)
FNDA:4,(anonymous_23)
FNDA:4,(anonymous_24)
FNDA:4,(anonymous_25)
FNDA:0,(anonymous_26)
FNDA:40,(anonymous_27)
FNDA:3,(anonymous_28)
FNDA:3,(anonymous_29)
FNDA:0,(anonymous_30)
FNDA:30,(anonymous_31)
FNDA:20,(anonymous_32)
DA:2,1
DA:3,0
DA:4,0
DA:5,0
DA:6,0
DA:8,0
DA:10,0
DA:11,0
DA:13,1
DA:14,0
DA:16,0
DA:18,1
DA:19,1
DA:20,0
DA:21,0
DA:22,0
DA:23,0
DA:25,0
DA:27,1
DA:28,0
DA:29,0
DA:30,0
DA:31,0
DA:32,0
DA:35,1
DA:36,3
DA:37,22
DA:38,3
DA:39,0
DA:40,21
DA:41,22
DA:44,1
DA:45,1
DA:46,1
DA:49,4
DA:50,4
DA:51,4
DA:55,4
DA:56,4
DA:57,3
DA:59,4
DA:63,3
DA:64,3
DA:68,4
DA:69,4
DA:70,1
DA:72,3
DA:73,3
DA:77,4
DA:78,4
DA:80,4
DA:81,0
DA:84,4
DA:86,4
DA:87,4
DA:88,4
DA:89,4
DA:90,3
DA:91,3
DA:92,40
DA:93,3
DA:96,1
DA:101,3
DA:102,3
DA:104,3
DA:105,0
DA:108,3
DA:110,3
DA:111,30
DA:113,3
DA:114,3
DA:115,3
DA:116,3
DA:119,1
DA:120,1
DA:121,20
DA:124,2
DA:129,1
LF:78
LH:56
BRDA:2,0,0,1
BRDA:2,0,1,1
BRDA:2,0,2,1
BRDA:2,1,0,1
BRDA:2,1,1,0
BRDA:3,2,0,0
BRDA:5,3,0,0
BRDA:5,4,0,0
BRDA:5,4,1,0
BRDA:5,5,0,0
BRDA:5,5,1,0
BRDA:5,6,0,0
BRDA:5,6,1,0
BRDA:10,7,0,0
BRDA:13,8,0,1
BRDA:13,8,1,1
BRDA:13,8,2,1
BRDA:13,9,0,1
BRDA:13,9,1,0
BRDA:18,10,0,1
BRDA:18,10,1,1
BRDA:18,10,2,1
BRDA:20,11,0,0
BRDA:20,11,1,0
BRDA:22,12,0,0
BRDA:28,13,0,0
BRDA:28,14,0,0
BRDA:28,14,1,0
BRDA:30,15,0,0
BRDA:30,16,0,0
BRDA:35,17,0,1
BRDA:35,17,1,1
BRDA:35,17,2,1
BRDA:36,18,0,3
BRDA:36,18,1,0
BRDA:37,19,0,22
BRDA:37,19,1,22
BRDA:40,20,0,18
BRDA:40,20,1,3
BRDA:41,21,0,22
BRDA:41,21,1,18
BRDA:50,22,0,4
BRDA:50,22,1,1
BRDA:50,23,0,1
BRDA:50,23,1,3
BRDA:50,24,0,4
BRDA:50,24,1,4
BRDA:56,25,0,3
BRDA:68,26,0,0
BRDA:69,27,0,1
BRDA:69,28,0,4
BRDA:69,28,1,4
BRDA:69,28,2,3
BRDA:80,29,0,0
BRDA:80,29,1,4
BRDA:96,30,0,1
BRDA:96,30,1,0
BRDA:104,31,0,0
BRDA:104,31,1,3
BRDA:124,32,0,2
BRDA:124,32,1,0
BRF:61
BRH:36
end_of_record
TN:
SF:dist\algorithms\chacha20.js
FN:2,(anonymous_0)
FN:6,(anonymous_1)
FN:9,(anonymous_2)
FN:13,(anonymous_3)
FN:15,(anonymous_4)
FN:18,(anonymous_5)
FN:19,(anonymous_6)
FN:20,(anonymous_7)
FN:27,(anonymous_8)
FN:35,(anonymous_9)
FN:36,adopt
FN:36,(anonymous_11)
FN:37,(anonymous_12)
FN:38,fulfilled
FN:39,rejected
FN:40,step
FN:49,(anonymous_16)
FN:50,(anonymous_17)
FN:54,(anonymous_18)
FN:55,(anonymous_19)
FN:59,(anonymous_20)
FN:60,(anonymous_21)
FN:64,(anonymous_22)
FN:65,(anonymous_23)
FN:69,(anonymous_24)
FN:81,(anonymous_25)
FN:82,(anonymous_26)
FN:86,(anonymous_27)
FN:87,(anonymous_28)
FN:105,(anonymous_29)
FN:106,(anonymous_30)
FNF:31
FNH:26
FNDA:3,(anonymous_0)
FNDA:0,(anonymous_1)
FNDA:0,(anonymous_2)
FNDA:1,(anonymous_3)
FNDA:0,(anonymous_4)
FNDA:2,(anonymous_5)
FNDA:1,(anonymous_6)
FNDA:0,(anonymous_7)
FNDA:1,(anonymous_8)
FNDA:27,(anonymous_9)
FNDA:20,adopt
FNDA:0,(anonymous_11)
FNDA:27,(anonymous_12)
FNDA:18,fulfilled
FNDA:2,rejected
FNDA:45,step
FNDA:1,(anonymous_16)
FNDA:1,(anonymous_17)
FNDA:1,(anonymous_18)
FNDA:1,(anonymous_19)
FNDA:1,(anonymous_20)
FNDA:1,(anonymous_21)
FNDA:7,(anonymous_22)
FNDA:7,(anonymous_23)
FNDA:2,(anonymous_24)
FNDA:10,(anonymous_25)
FNDA:10,(anonymous_26)
FNDA:5,(anonymous_27)
FNDA:5,(anonymous_28)
FNDA:2,(anonymous_29)
FNDA:2,(anonymous_30)
DA:2,2
DA:3,3
DA:4,3
DA:5,3
DA:6,2
DA:8,3
DA:10,0
DA:11,0
DA:13,2
DA:14,1
DA:16,0
DA:18,2
DA:19,2
DA:20,1
DA:21,0
DA:22,0
DA:23,0
DA:25,1
DA:27,2
DA:28,1
DA:29,1
DA:30,3
DA:31,1
DA:32,1
DA:35,2
DA:36,20
DA:37,27
DA:38,18
DA:39,2
DA:40,45
DA:41,27
DA:44,2
DA:45,2
DA:46,2
DA:47,2
DA:50,1
DA:51,1
DA:55,1
DA:56,1
DA:60,1
DA:61,1
DA:65,7
DA:66,7
DA:67,5
DA:68,2
DA:69,2
DA:71,1
DA:74,1
DA:75,1
DA:77,0
DA:82,10
DA:83,10
DA:87,5
DA:88,5
DA:89,4
DA:90,4
DA:92,4
DA:93,4
DA:94,4
DA:95,4
DA:98,0
DA:99,0
DA:101,0
DA:106,2
DA:107,2
DA:108,2
DA:109,2
DA:110,2
DA:111,2
DA:112,2
DA:115,0
DA:116,0
DA:118,0
DA:123,2
LF:74
LH:61
BRDA:2,0,0,2
BRDA:2,0,1,2
BRDA:2,0,2,2
BRDA:2,1,0,2
BRDA:2,1,1,0
BRDA:3,2,0,3
BRDA:5,3,0,2
BRDA:5,4,0,3
BRDA:5,4,1,3
BRDA:5,5,0,0
BRDA:5,5,1,3
BRDA:5,6,0,3
BRDA:5,6,1,3
BRDA:10,7,0,0
BRDA:13,8,0,2
BRDA:13,8,1,2
BRDA:13,8,2,2
BRDA:13,9,0,2
BRDA:13,9,1,0
BRDA:18,10,0,2
BRDA:18,10,1,2
BRDA:18,10,2,2
BRDA:20,11,0,1
BRDA:20,11,1,0
BRDA:22,12,0,0
BRDA:28,13,0,0
BRDA:28,14,0,1
BRDA:28,14,1,1
BRDA:30,15,0,1
BRDA:30,16,0,3
BRDA:35,17,0,2
BRDA:35,17,1,2
BRDA:35,17,2,2
BRDA:36,18,0,20
BRDA:36,18,1,0
BRDA:37,19,0,27
BRDA:37,19,1,27
BRDA:40,20,0,25
BRDA:40,20,1,20
BRDA:41,21,0,27
BRDA:41,21,1,27
BRDA:66,22,0,5
BRDA:71,23,0,1
BRDA:71,23,1,0
BRDA:74,24,0,1
BRDA:90,25,0,4
BRDA:90,25,1,1
BRDA:98,26,0,0
BRDA:115,27,0,0
BRF:49
BRH:38
end_of_record
TN:
SF:dist\algorithms\ecdh.js
FN:2,(anonymous_0)
FN:6,(anonymous_1)
FN:9,(anonymous_2)
FN:13,(anonymous_3)
FN:15,(anonymous_4)
FN:18,(anonymous_5)
FN:19,(anonymous_6)
FN:20,(anonymous_7)
FN:27,(anonymous_8)
FN:35,(anonymous_9)
FN:36,adopt
FN:36,(anonymous_11)
FN:37,(anonymous_12)
FN:38,fulfilled
FN:39,rejected
FN:40,step
FN:57,(anonymous_16)
FN:58,(anonymous_17)
FN:63,(anonymous_18)
FN:64,(anonymous_19)
FN:68,(anonymous_20)
FN:69,(anonymous_21)
FN:93,(anonymous_22)
FN:108,(anonymous_23)
FN:109,(anonymous_24)
FN:136,(anonymous_25)
FN:151,deriveSymmetricKey
FN:157,deriveAESKeyFromECDH
FN:158,(anonymous_28)
FNF:29
FNH:25
FNDA:429,(anonymous_0)
FNDA:9,(anonymous_1)
FNDA:0,(anonymous_2)
FNDA:9,(anonymous_3)
FNDA:0,(anonymous_4)
FNDA:1,(anonymous_5)
FNDA:1,(anonymous_6)
FNDA:0,(anonymous_7)
FNDA:9,(anonymous_8)
FNDA:27,(anonymous_9)
FNDA:22,adopt
FNDA:0,(anonymous_11)
FNDA:27,(anonymous_12)
FNDA:18,fulfilled
FNDA:4,rejected
FNDA:40,step
FNDA:5,(anonymous_16)
FNDA:5,(anonymous_17)
FNDA:5,(anonymous_18)
FNDA:5,(anonymous_19)
FNDA:5,(anonymous_20)
FNDA:5,(anonymous_21)
FNDA:3,(anonymous_22)
FNDA:8,(anonymous_23)
FNDA:8,(anonymous_24)
FNDA:6,(anonymous_25)
FNDA:5,deriveSymmetricKey
FNDA:4,deriveAESKeyFromECDH
FNDA:4,(anonymous_28)
DA:2,1
DA:3,429
DA:4,429
DA:5,429
DA:6,423
DA:8,429
DA:10,0
DA:11,0
DA:13,1
DA:14,9
DA:16,0
DA:18,1
DA:19,1
DA:20,1
DA:21,0
DA:22,0
DA:23,0
DA:25,1
DA:27,1
DA:28,9
DA:29,9
DA:30,429
DA:31,9
DA:32,9
DA:35,1
DA:36,22
DA:37,27
DA:38,18
DA:39,4
DA:40,40
DA:41,27
DA:44,1
DA:45,1
DA:46,1
DA:47,1
DA:48,1
DA:49,1
DA:50,1
DA:51,1
DA:58,5
DA:59,5
DA:60,5
DA:64,5
DA:65,5
DA:69,5
DA:70,5
DA:71,1
DA:73,4
DA:74,0
DA:75,0
DA:79,0
DA:80,0
DA:81,0
DA:87,0
DA:90,4
DA:91,3
DA:92,3
DA:93,3
DA:94,3
DA:95,3
DA:96,3
DA:102,0
DA:105,1
DA:109,8
DA:110,8
DA:111,1
DA:113,7
DA:114,7
DA:115,0
DA:116,0
DA:120,0
DA:124,0
DA:128,0
DA:131,0
DA:134,7
DA:135,6
DA:136,6
DA:137,6
DA:138,6
DA:139,6
DA:140,6
DA:143,0
DA:146,1
DA:150,1
DA:152,5
DA:153,1
DA:155,4
DA:158,4
DA:159,4
DA:160,1
DA:162,3
DA:163,3
LF:92
LH:72
BRDA:2,0,0,1
BRDA:2,0,1,1
BRDA:2,0,2,1
BRDA:2,1,0,1
BRDA:2,1,1,0
BRDA:3,2,0,429
BRDA:5,3,0,423
BRDA:5,4,0,429
BRDA:5,4,1,429
BRDA:5,5,0,42
BRDA:5,5,1,387
BRDA:5,6,0,387
BRDA:5,6,1,6
BRDA:10,7,0,0
BRDA:13,8,0,1
BRDA:13,8,1,1
BRDA:13,8,2,1
BRDA:13,9,0,1
BRDA:13,9,1,0
BRDA:18,10,0,1
BRDA:18,10,1,1
BRDA:18,10,2,1
BRDA:20,11,0,1
BRDA:20,11,1,0
BRDA:22,12,0,0
BRDA:28,13,0,0
BRDA:28,14,0,9
BRDA:28,14,1,9
BRDA:30,15,0,9
BRDA:30,16,0,429
BRDA:35,17,0,1
BRDA:35,17,1,1
BRDA:35,17,2,1
BRDA:36,18,0,22
BRDA:36,18,1,0
BRDA:37,19,0,27
BRDA:37,19,1,27
BRDA:40,20,0,18
BRDA:40,20,1,22
BRDA:41,21,0,27
BRDA:41,21,1,10
BRDA:59,22,0,5
BRDA:59,22,1,1
BRDA:59,23,0,1
BRDA:59,23,1,4
BRDA:59,24,0,5
BRDA:59,24,1,5
BRDA:65,25,0,5
BRDA:65,25,1,1
BRDA:69,26,0,0
BRDA:70,27,0,1
BRDA:73,28,0,0
BRDA:73,28,1,4
BRDA:73,29,0,4
BRDA:73,29,1,0
BRDA:73,29,2,0
BRDA:87,30,0,0
BRDA:87,30,1,0
BRDA:90,31,0,3
BRDA:90,32,0,4
BRDA:90,32,1,3
BRDA:90,32,2,3
BRDA:92,33,0,3
BRDA:92,33,1,0
BRDA:102,34,0,0
BRDA:102,34,1,0
BRDA:109,35,0,0
BRDA:110,36,0,1
BRDA:113,37,0,7
BRDA:113,37,1,0
BRDA:114,38,0,0
BRDA:114,38,1,7
BRDA:114,39,0,7
BRDA:114,39,1,0
BRDA:114,39,2,0
BRDA:131,40,0,0
BRDA:131,40,1,0
BRDA:134,41,0,6
BRDA:134,42,0,7
BRDA:134,42,1,6
BRDA:134,42,2,6
BRDA:143,43,0,0
BRDA:143,43,1,0
BRDA:151,44,0,3
BRDA:151,45,0,3
BRDA:151,46,0,0
BRDA:152,47,0,1
BRDA:158,48,0,0
BRDA:158,49,0,2
BRDA:159,50,0,1
BRF:90
BRH:63
end_of_record
TN:
SF:dist\algorithms\ed25519.js
FN:2,(anonymous_0)
FN:6,(anonymous_1)
FN:9,(anonymous_2)
FN:13,(anonymous_3)
FN:15,(anonymous_4)
FN:18,(anonymous_5)
FN:19,(anonymous_6)
FN:20,(anonymous_7)
FN:27,(anonymous_8)
FN:35,(anonymous_9)
FN:36,adopt
FN:36,(anonymous_11)
FN:37,(anonymous_12)
FN:38,fulfilled
FN:39,rejected
FN:40,step
FN:47,(anonymous_16)
FN:48,(anonymous_17)
FN:52,(anonymous_18)
FN:53,(anonymous_19)
FN:57,(anonymous_20)
FN:58,(anonymous_21)
FN:62,(anonymous_22)
FN:63,(anonymous_23)
FN:82,(anonymous_24)
FN:99,(anonymous_25)
FN:100,(anonymous_26)
FN:118,(anonymous_27)
FN:134,(anonymous_28)
FN:135,(anonymous_29)
FN:155,(anonymous_30)
FNF:31
FNH:26
FNDA:456,(anonymous_0)
FNDA:20,(anonymous_1)
FNDA:0,(anonymous_2)
FNDA:12,(anonymous_3)
FNDA:0,(anonymous_4)
FNDA:1,(anonymous_5)
FNDA:1,(anonymous_6)
FNDA:0,(anonymous_7)
FNDA:12,(anonymous_8)
FNDA:36,(anonymous_9)
FNDA:12,adopt
FNDA:0,(anonymous_11)
FNDA:36,(anonymous_12)
FNDA:12,fulfilled
FNDA:0,rejected
FNDA:39,step
FNDA:5,(anonymous_16)
FNDA:5,(anonymous_17)
FNDA:6,(anonymous_18)
FNDA:6,(anonymous_19)
FNDA:7,(anonymous_20)
FNDA:7,(anonymous_21)
FNDA:5,(anonymous_22)
FNDA:5,(anonymous_23)
FNDA:4,(anonymous_24)
FNDA:6,(anonymous_25)
FNDA:6,(anonymous_26)
FNDA:4,(anonymous_27)
FNDA:7,(anonymous_28)
FNDA:7,(anonymous_29)
FNDA:4,(anonymous_30)
DA:2,1
DA:3,456
DA:4,456
DA:5,456
DA:6,450
DA:8,456
DA:10,0
DA:11,0
DA:13,1
DA:14,12
DA:16,0
DA:18,1
DA:19,1
DA:20,1
DA:21,0
DA:22,0
DA:23,0
DA:25,1
DA:27,1
DA:28,12
DA:29,12
DA:30,456
DA:31,12
DA:32,12
DA:35,1
DA:36,12
DA:37,36
DA:38,12
DA:39,0
DA:40,39
DA:41,36
DA:44,1
DA:45,1
DA:48,5
DA:49,5
DA:53,6
DA:54,6
DA:58,7
DA:59,7
DA:63,5
DA:64,5
DA:65,0
DA:66,0
DA:69,0
DA:70,0
DA:71,0
DA:77,0
DA:80,5
DA:81,4
DA:82,4
DA:83,4
DA:87,3
DA:93,1
DA:96,1
DA:100,6
DA:101,6
DA:102,1
DA:104,5
DA:105,0
DA:106,0
DA:109,0
DA:110,0
DA:113,0
DA:116,5
DA:117,4
DA:118,4
DA:119,4
DA:124,4
DA:125,3
DA:128,1
DA:131,1
DA:135,7
DA:136,7
DA:137,1
DA:139,6
DA:140,1
DA:142,5
DA:143,0
DA:144,0
DA:147,0
DA:150,0
DA:153,5
DA:154,4
DA:155,4
DA:156,4
DA:161,4
DA:164,1
DA:167,1
DA:171,1
LF:89
LH:67
BRDA:2,0,0,1
BRDA:2,0,1,1
BRDA:2,0,2,1
BRDA:2,1,0,1
BRDA:2,1,1,0
BRDA:3,2,0,456
BRDA:5,3,0,450
BRDA:5,4,0,456
BRDA:5,4,1,456
BRDA:5,5,0,42
BRDA:5,5,1,414
BRDA:5,6,0,414
BRDA:5,6,1,6
BRDA:10,7,0,0
BRDA:13,8,0,1
BRDA:13,8,1,1
BRDA:13,8,2,1
BRDA:13,9,0,1
BRDA:13,9,1,0
BRDA:18,10,0,1
BRDA:18,10,1,1
BRDA:18,10,2,1
BRDA:20,11,0,1
BRDA:20,11,1,0
BRDA:22,12,0,0
BRDA:28,13,0,0
BRDA:28,14,0,12
BRDA:28,14,1,12
BRDA:30,15,0,12
BRDA:30,16,0,456
BRDA:35,17,0,1
BRDA:35,17,1,1
BRDA:35,17,2,1
BRDA:36,18,0,12
BRDA:36,18,1,0
BRDA:37,19,0,36
BRDA:37,19,1,36
BRDA:40,20,0,27
BRDA:40,20,1,12
BRDA:41,21,0,36
BRDA:41,21,1,36
BRDA:64,22,0,0
BRDA:64,22,1,5
BRDA:64,23,0,5
BRDA:64,23,1,0
BRDA:64,23,2,0
BRDA:77,24,0,0
BRDA:77,24,1,0
BRDA:80,25,0,4
BRDA:80,26,0,5
BRDA:80,26,1,4
BRDA:80,26,2,4
BRDA:93,27,0,1
BRDA:93,27,1,0
BRDA:101,28,0,1
BRDA:104,29,0,0
BRDA:104,29,1,5
BRDA:104,30,0,5
BRDA:104,30,1,0
BRDA:104,30,2,0
BRDA:113,31,0,0
BRDA:113,31,1,0
BRDA:116,32,0,4
BRDA:116,33,0,5
BRDA:116,33,1,4
BRDA:116,33,2,4
BRDA:128,34,0,1
BRDA:128,34,1,0
BRDA:136,35,0,1
BRDA:139,36,0,1
BRDA:142,37,0,0
BRDA:142,37,1,5
BRDA:142,38,0,5
BRDA:142,38,1,0
BRDA:142,38,2,0
BRDA:150,39,0,0
BRDA:150,39,1,0
BRDA:153,40,0,4
BRDA:153,41,0,5
BRDA:153,41,1,4
BRDA:153,41,2,4
BRDA:164,42,0,1
BRDA:164,42,1,0
BRF:83
BRH:58
end_of_record
TN:
SF:dist\algorithms\kyber.js
FN:2,(anonymous_0)
FN:3,adopt
FN:3,(anonymous_2)
FN:4,(anonymous_3)
FN:5,fulfilled
FN:6,rejected
FN:7,step
FN:16,(anonymous_7)
FN:17,(anonymous_8)
FN:22,(anonymous_9)
FN:23,(anonymous_10)
FN:28,(anonymous_11)
FN:29,(anonymous_12)
FN:35,(anonymous_13)
FN:50,(anonymous_14)
FN:51,(anonymous_15)
FN:70,(anonymous_16)
FN:71,(anonymous_17)
FN:90,(anonymous_18)
FN:91,(anonymous_19)
FNF:20
FNH:19
FNDA:30,(anonymous_0)
FNDA:15,adopt
FNDA:0,(anonymous_2)
FNDA:30,(anonymous_3)
FNDA:5,fulfilled
FNDA:10,rejected
FNDA:25,step
FNDA:7,(anonymous_7)
FNDA:7,(anonymous_8)
FNDA:4,(anonymous_9)
FNDA:4,(anonymous_10)
FNDA:4,(anonymous_11)
FNDA:4,(anonymous_12)
FNDA:15,(anonymous_13)
FNDA:7,(anonymous_14)
FNDA:7,(anonymous_15)
FNDA:4,(anonymous_16)
FNDA:4,(anonymous_17)
FNDA:4,(anonymous_18)
FNDA:4,(anonymous_19)
DA:2,1
DA:3,15
DA:4,30
DA:5,5
DA:6,10
DA:7,25
DA:8,30
DA:11,1
DA:12,1
DA:14,1
DA:17,7
DA:18,7
DA:19,7
DA:23,4
DA:24,4
DA:25,4
DA:29,4
DA:30,4
DA:31,4
DA:36,15
DA:37,14
DA:38,1
DA:40,1
DA:43,0
DA:46,1
DA:47,0
DA:51,7
DA:53,7
DA:54,7
DA:55,7
DA:56,1
DA:58,6
DA:59,6
DA:60,3
DA:66,3
DA:71,4
DA:73,4
DA:74,4
DA:75,4
DA:76,1
DA:78,3
DA:79,3
DA:80,1
DA:86,2
DA:91,4
DA:93,4
DA:94,4
DA:95,4
DA:96,1
DA:98,3
DA:99,3
DA:100,1
DA:103,2
DA:108,1
DA:110,1
DA:111,1
DA:112,1
LF:57
LH:55
BRDA:2,0,0,1
BRDA:2,0,1,1
BRDA:2,0,2,1
BRDA:3,1,0,15
BRDA:3,1,1,0
BRDA:4,2,0,30
BRDA:4,2,1,30
BRDA:7,3,0,10
BRDA:7,3,1,15
BRDA:8,4,0,30
BRDA:8,4,1,15
BRDA:18,5,0,7
BRDA:18,5,1,1
BRDA:18,6,0,1
BRDA:18,6,1,6
BRDA:18,7,0,7
BRDA:18,7,1,7
BRDA:24,8,0,4
BRDA:24,8,1,1
BRDA:24,9,0,1
BRDA:24,9,1,3
BRDA:24,10,0,4
BRDA:24,10,1,4
BRDA:30,11,0,4
BRDA:30,11,1,1
BRDA:30,12,0,1
BRDA:30,12,1,3
BRDA:30,13,0,4
BRDA:30,13,1,4
BRDA:36,14,0,14
BRDA:43,15,0,0
BRDA:43,15,1,0
BRDA:46,16,0,0
BRDA:46,17,0,1
BRDA:46,17,1,1
BRDA:46,17,2,1
BRDA:51,18,0,0
BRDA:55,19,0,1
BRDA:66,20,0,3
BRDA:66,20,1,0
BRDA:71,21,0,0
BRDA:75,22,0,1
BRDA:86,23,0,2
BRDA:86,23,1,0
BRDA:91,24,0,0
BRDA:95,25,0,1
BRDA:103,26,0,2
BRDA:103,26,1,0
BRF:48
BRH:38
end_of_record
TN:
SF:dist\utils\crypto-utils.js
FN:2,(anonymous_0)
FN:6,(anonymous_1)
FN:9,(anonymous_2)
FN:13,(anonymous_3)
FN:15,(anonymous_4)
FN:18,(anonymous_5)
FN:19,(anonymous_6)
FN:20,(anonymous_7)
FN:27,(anonymous_8)
FN:35,(anonymous_9)
FN:36,adopt
FN:36,(anonymous_11)
FN:37,(anonymous_12)
FN:38,fulfilled
FN:39,rejected
FN:40,step
FN:50,(anonymous_16)
FN:51,(anonymous_17)
FN:58,(anonymous_18)
FN:67,(anonymous_19)
FN:71,(anonymous_20)
FN:84,(anonymous_21)
FN:103,(anonymous_22)
FN:112,(anonymous_23)
FN:121,(anonymous_24)
FN:134,(anonymous_25)
FN:147,(anonymous_26)
FN:164,(anonymous_27)
FN:181,(anonymous_28)
FNF:29
FNH:24
FNDA:3834,(anonymous_0)
FNDA:54,(anonymous_1)
FNDA:0,(anonymous_2)
FNDA:54,(anonymous_3)
FNDA:0,(anonymous_4)
FNDA:5,(anonymous_5)
FNDA:3,(anonymous_6)
FNDA:0,(anonymous_7)
FNDA:54,(anonymous_8)
FNDA:55,(anonymous_9)
FNDA:54,adopt
FNDA:0,(anonymous_11)
FNDA:55,(anonymous_12)
FNDA:54,fulfilled
FNDA:0,rejected
FNDA:108,step
FNDA:55,(anonymous_16)
FNDA:55,(anonymous_17)
FNDA:54,(anonymous_18)
FNDA:11,(anonymous_19)
FNDA:37,(anonymous_20)
FNDA:9,(anonymous_21)
FNDA:2,(anonymous_22)
FNDA:1,(anonymous_23)
FNDA:2,(anonymous_24)
FNDA:2,(anonymous_25)
FNDA:2,(anonymous_26)
FNDA:2,(anonymous_27)
FNDA:3,(anonymous_28)
DA:2,5
DA:3,3834
DA:4,3834
DA:5,3834
DA:6,3780
DA:8,3834
DA:10,0
DA:11,0
DA:13,5
DA:14,54
DA:16,0
DA:18,5
DA:19,5
DA:20,3
DA:21,0
DA:22,0
DA:23,0
DA:25,3
DA:27,5
DA:28,54
DA:29,54
DA:30,3834
DA:31,54
DA:32,54
DA:35,5
DA:36,54
DA:37,55
DA:38,54
DA:39,0
DA:40,108
DA:41,55
DA:44,5
DA:45,5
DA:51,55
DA:52,55
DA:53,0
DA:54,0
DA:55,0
DA:57,55
DA:58,54
DA:59,54
DA:61,1
DA:68,11
DA:70,11
DA:71,37
DA:73,11
DA:75,0
DA:77,0
DA:79,0
DA:85,9
DA:87,9
DA:88,9
DA:89,9
DA:90,31
DA:92,9
DA:94,0
DA:96,0
DA:98,0
DA:104,2
DA:113,1
DA:122,2
DA:126,2
DA:127,1
DA:129,2
DA:135,2
DA:139,2
DA:140,1
DA:142,2
DA:148,2
DA:149,2
DA:151,0
DA:152,0
DA:155,0
DA:156,0
DA:157,0
DA:159,0
DA:165,2
DA:166,2
DA:168,0
DA:169,0
DA:172,0
DA:173,0
DA:174,0
DA:176,0
DA:182,3
DA:183,1
DA:184,2
DA:185,2
DA:186,6
DA:188,2
DA:191,5
LF:91
LH:63
BRDA:2,0,0,5
BRDA:2,0,1,5
BRDA:2,0,2,5
BRDA:2,1,0,5
BRDA:2,1,1,0
BRDA:3,2,0,3834
BRDA:5,3,0,3780
BRDA:5,4,0,3834
BRDA:5,4,1,3834
BRDA:5,5,0,378
BRDA:5,5,1,3456
BRDA:5,6,0,3456
BRDA:5,6,1,54
BRDA:10,7,0,0
BRDA:13,8,0,5
BRDA:13,8,1,5
BRDA:13,8,2,5
BRDA:13,9,0,5
BRDA:13,9,1,0
BRDA:18,10,0,5
BRDA:18,10,1,5
BRDA:18,10,2,5
BRDA:20,11,0,3
BRDA:20,11,1,0
BRDA:22,12,0,0
BRDA:28,13,0,0
BRDA:28,14,0,54
BRDA:28,14,1,54
BRDA:30,15,0,54
BRDA:30,16,0,3834
BRDA:35,17,0,5
BRDA:35,17,1,5
BRDA:35,17,2,5
BRDA:36,18,0,54
BRDA:36,18,1,0
BRDA:37,19,0,55
BRDA:37,19,1,55
BRDA:40,20,0,54
BRDA:40,20,1,54
BRDA:41,21,0,55
BRDA:41,21,1,55
BRDA:52,22,0,0
BRDA:52,22,1,55
BRDA:52,23,0,55
BRDA:52,23,1,0
BRDA:57,24,0,54
BRDA:57,25,0,55
BRDA:57,25,1,54
BRDA:57,25,2,54
BRDA:68,26,0,11
BRDA:68,26,1,0
BRDA:75,27,0,0
BRDA:85,28,0,9
BRDA:85,28,1,0
BRDA:94,29,0,0
BRDA:126,30,0,1
BRDA:139,31,0,1
BRDA:148,32,0,2
BRDA:148,32,1,0
BRDA:151,33,0,0
BRDA:165,34,0,2
BRDA:165,34,1,0
BRDA:168,35,0,0
BRDA:182,36,0,1
BRF:64
BRH:47
end_of_record
TN:
SF:src\algorithms\aes.ts
FN:12,(anonymous_16)
FN:12,(anonymous_17)
FN:16,(anonymous_18)
FN:24,(anonymous_20)
FN:32,(anonymous_22)
FN:32,(anonymous_23)
FN:53,(anonymous_24)
FN:85,(anonymous_26)
FN:102,(anonymous_27)
FN:144,(anonymous_29)
FNF:10
FNH:10
FNDA:1,(anonymous_16)
FNDA:1,(anonymous_17)
FNDA:2,(anonymous_18)
FNDA:1,(anonymous_20)
FNDA:22,(anonymous_22)
FNDA:22,(anonymous_23)
FNDA:14,(anonymous_24)
FNDA:12,(anonymous_26)
FNDA:13,(anonymous_27)
FNDA:7,(anonymous_29)
DA:2,1
DA:11,1
DA:12,1
DA:13,1
DA:21,2
DA:29,1
DA:32,22
DA:33,22
DA:34,0
DA:35,0
DA:40,0
DA:41,0
DA:43,0
DA:44,0
DA:46,22
DA:47,21
DA:48,21
DA:50,1
DA:59,14
DA:60,1
DA:63,13
DA:65,12
DA:66,0
DA:67,0
DA:70,0
DA:71,0
DA:73,0
DA:74,0
DA:75,0
DA:76,0
DA:78,0
DA:80,0
DA:81,0
DA:83,12
DA:84,12
DA:85,24
DA:86,12
DA:87,12
DA:89,12
DA:90,12
DA:91,12
DA:93,12
DA:95,0
DA:96,0
DA:99,0
DA:108,13
DA:109,1
DA:111,12
DA:112,1
DA:114,11
DA:115,1
DA:117,10
DA:118,1
DA:120,9
DA:121,1
DA:124,8
DA:125,0
DA:126,0
DA:129,0
DA:130,0
DA:131,0
DA:133,0
DA:134,0
DA:136,0
DA:137,0
DA:139,0
DA:140,0
DA:142,8
DA:143,7
DA:144,14
DA:145,7
DA:148,7
DA:149,7
DA:151,7
DA:152,7
DA:153,5
DA:155,2
DA:156,2
DA:159,1
LF:79
LH:48
BRDA:12,0,0,0
BRDA:32,1,0,1
BRDA:33,2,0,0
BRDA:33,2,1,22
BRDA:33,3,0,22
BRDA:33,3,1,0
BRDA:33,3,2,0
BRDA:43,4,0,0
BRDA:43,4,1,0
BRDA:46,5,0,21
BRDA:46,6,0,22
BRDA:46,6,1,21
BRDA:46,6,2,21
BRDA:59,7,0,1
BRDA:65,8,0,0
BRDA:65,8,1,12
BRDA:65,9,0,12
BRDA:65,9,1,0
BRDA:65,9,2,0
BRDA:71,10,0,0
BRDA:80,11,0,0
BRDA:80,11,1,0
BRDA:83,12,0,12
BRDA:83,13,0,12
BRDA:83,13,1,12
BRDA:83,13,2,12
BRDA:87,14,0,3
BRDA:95,15,0,0
BRDA:95,15,1,0
BRDA:108,16,0,1
BRDA:111,17,0,1
BRDA:114,18,0,1
BRDA:117,19,0,1
BRDA:120,20,0,1
BRDA:124,21,0,0
BRDA:124,21,1,8
BRDA:124,22,0,8
BRDA:124,22,1,0
BRDA:124,22,2,0
BRDA:134,23,0,0
BRDA:139,24,0,0
BRDA:139,24,1,0
BRDA:142,25,0,7
BRDA:142,26,0,8
BRDA:142,26,1,7
BRDA:142,26,2,7
BRDA:149,27,0,2
BRDA:155,28,0,0
BRDA:155,28,1,2
BRF:49
BRH:28
end_of_record
TN:
SF:src\algorithms\ecdh.ts
FN:14,(anonymous_16)
FN:19,(anonymous_18)
FN:23,(anonymous_20)
FN:23,(anonymous_21)
FN:52,(anonymous_22)
FN:67,(anonymous_23)
FN:67,(anonymous_24)
FN:113,(anonymous_25)
FN:126,deriveSymmetricKey
FN:138,deriveAESKeyFromECDH
FN:139,(anonymous_28)
FNF:11
FNH:11
FNDA:5,(anonymous_16)
FNDA:5,(anonymous_18)
FNDA:5,(anonymous_20)
FNDA:5,(anonymous_21)
FNDA:3,(anonymous_22)
FNDA:8,(anonymous_23)
FNDA:8,(anonymous_24)
FNDA:6,(anonymous_25)
FNDA:5,deriveSymmetricKey
FNDA:4,deriveAESKeyFromECDH
FNDA:4,(anonymous_28)
DA:2,1
DA:3,1
DA:6,1
DA:7,1
DA:13,1
DA:15,5
DA:16,5
DA:20,5
DA:23,5
DA:24,5
DA:25,1
DA:28,4
DA:29,0
DA:30,0
DA:39,0
DA:40,0
DA:42,0
DA:47,0
DA:49,4
DA:50,3
DA:51,3
DA:52,6
DA:53,3
DA:54,3
DA:56,3
DA:61,0
DA:64,1
DA:67,8
DA:68,8
DA:69,1
DA:72,7
DA:74,7
DA:75,0
DA:76,0
DA:87,0
DA:98,0
DA:107,0
DA:109,0
DA:111,7
DA:112,6
DA:113,12
DA:114,6
DA:115,6
DA:116,6
DA:117,6
DA:119,0
DA:122,1
DA:126,1
DA:132,5
DA:133,1
DA:135,4
DA:138,1
DA:139,4
DA:146,4
DA:147,1
DA:149,3
DA:150,3
LF:57
LH:43
BRDA:15,0,0,5
BRDA:15,0,1,1
BRDA:15,1,0,1
BRDA:15,1,1,4
BRDA:15,2,0,5
BRDA:15,2,1,5
BRDA:20,3,0,5
BRDA:20,3,1,1
BRDA:23,4,0,0
BRDA:24,5,0,1
BRDA:28,6,0,0
BRDA:28,6,1,4
BRDA:28,7,0,4
BRDA:28,7,1,0
BRDA:28,7,2,0
BRDA:47,8,0,0
BRDA:47,8,1,0
BRDA:49,9,0,3
BRDA:49,10,0,4
BRDA:49,10,1,3
BRDA:49,10,2,3
BRDA:51,11,0,3
BRDA:51,11,1,0
BRDA:61,12,0,0
BRDA:61,12,1,0
BRDA:67,13,0,0
BRDA:68,14,0,1
BRDA:72,15,0,7
BRDA:72,15,1,0
BRDA:74,16,0,0
BRDA:74,16,1,7
BRDA:74,17,0,7
BRDA:74,17,1,0
BRDA:74,17,2,0
BRDA:109,18,0,0
BRDA:109,18,1,0
BRDA:111,19,0,6
BRDA:111,20,0,7
BRDA:111,20,1,6
BRDA:111,20,2,6
BRDA:119,21,0,0
BRDA:119,21,1,0
BRDA:128,22,0,3
BRDA:129,23,0,3
BRDA:130,24,0,0
BRDA:132,25,0,1
BRDA:141,26,0,0
BRDA:144,27,0,2
BRDA:146,28,0,1
BRF:49
BRH:29
end_of_record
TN:
SF:src\algorithms\ed25519.ts
FN:4,(anonymous_16)
FN:8,(anonymous_18)
FN:12,(anonymous_20)
FN:16,(anonymous_22)
FN:39,(anonymous_24)
FN:56,(anonymous_25)
FN:84,(anonymous_27)
FN:101,(anonymous_28)
FN:132,(anonymous_30)
FNF:9
FNH:9
FNDA:5,(anonymous_16)
FNDA:6,(anonymous_18)
FNDA:7,(anonymous_20)
FNDA:5,(anonymous_22)
FNDA:4,(anonymous_24)
FNDA:6,(anonymous_25)
FNDA:4,(anonymous_27)
FNDA:7,(anonymous_28)
FNDA:4,(anonymous_30)
DA:3,1
DA:5,5
DA:9,6
DA:13,7
DA:17,5
DA:18,0
DA:19,0
DA:27,0
DA:28,0
DA:30,0
DA:35,0
DA:37,5
DA:38,4
DA:39,8
DA:40,4
DA:45,3
DA:50,1
DA:53,1
DA:57,6
DA:58,1
DA:61,5
DA:62,0
DA:63,0
DA:72,0
DA:78,0
DA:80,0
DA:82,5
DA:83,4
DA:84,8
DA:85,4
DA:91,4
DA:92,3
DA:94,1
DA:98,1
DA:102,7
DA:103,1
DA:105,6
DA:106,1
DA:109,5
DA:110,0
DA:111,0
DA:121,0
DA:128,0
DA:130,5
DA:131,4
DA:132,8
DA:133,4
DA:139,4
DA:141,1
DA:145,1
LF:50
LH:35
BRDA:17,0,0,0
BRDA:17,0,1,5
BRDA:17,1,0,5
BRDA:17,1,1,0
BRDA:17,1,2,0
BRDA:35,2,0,0
BRDA:35,2,1,0
BRDA:37,3,0,4
BRDA:37,4,0,5
BRDA:37,4,1,4
BRDA:37,4,2,4
BRDA:50,5,0,1
BRDA:50,5,1,0
BRDA:57,6,0,1
BRDA:61,7,0,0
BRDA:61,7,1,5
BRDA:61,8,0,5
BRDA:61,8,1,0
BRDA:61,8,2,0
BRDA:80,9,0,0
BRDA:80,9,1,0
BRDA:82,10,0,4
BRDA:82,11,0,5
BRDA:82,11,1,4
BRDA:82,11,2,4
BRDA:94,12,0,1
BRDA:94,12,1,0
BRDA:102,13,0,1
BRDA:105,14,0,1
BRDA:109,15,0,0
BRDA:109,15,1,5
BRDA:109,16,0,5
BRDA:109,16,1,0
BRDA:109,16,2,0
BRDA:128,17,0,0
BRDA:128,17,1,0
BRDA:130,18,0,4
BRDA:130,19,0,5
BRDA:130,19,1,4
BRDA:130,19,2,4
BRDA:141,20,0,1
BRDA:141,20,1,0
BRF:42
BRH:24
end_of_record
TN:
SF:src\algorithms\kyber.ts
FN:8,(anonymous_7)
FN:13,(anonymous_9)
FN:18,(anonymous_11)
FN:29,(anonymous_13)
FN:45,(anonymous_14)
FN:45,(anonymous_15)
FN:66,(anonymous_16)
FN:67,(anonymous_17)
FN:90,(anonymous_18)
FN:91,(anonymous_19)
FNF:10
FNH:10
FNDA:7,(anonymous_7)
FNDA:4,(anonymous_9)
FNDA:4,(anonymous_11)
FNDA:15,(anonymous_13)
FNDA:7,(anonymous_14)
FNDA:7,(anonymous_15)
FNDA:4,(anonymous_16)
FNDA:4,(anonymous_17)
FNDA:4,(anonymous_18)
FNDA:4,(anonymous_19)
DA:5,1
DA:7,1
DA:9,7
DA:10,7
DA:14,4
DA:15,4
DA:19,4
DA:20,4
DA:24,1
DA:25,1
DA:26,1
DA:30,15
DA:32,1
DA:34,1
DA:36,0
DA:40,1
DA:41,0
DA:45,7
DA:47,7
DA:49,7
DA:50,7
DA:51,1
DA:54,6
DA:55,6
DA:57,3
DA:62,3
DA:67,4
DA:71,4
DA:73,4
DA:74,4
DA:75,1
DA:78,3
DA:79,3
DA:81,1
DA:86,2
DA:91,4
DA:96,4
DA:98,4
DA:99,4
DA:100,1
DA:103,3
DA:104,3
DA:106,1
DA:108,2
LF:44
LH:42
BRDA:9,0,0,7
BRDA:9,0,1,1
BRDA:9,1,0,1
BRDA:9,1,1,6
BRDA:9,2,0,7
BRDA:9,2,1,7
BRDA:14,3,0,4
BRDA:14,3,1,1
BRDA:14,4,0,1
BRDA:14,4,1,3
BRDA:14,5,0,4
BRDA:14,5,1,4
BRDA:19,6,0,4
BRDA:19,6,1,1
BRDA:19,7,0,1
BRDA:19,7,1,3
BRDA:19,8,0,4
BRDA:19,8,1,4
BRDA:30,9,0,14
BRDA:36,10,0,0
BRDA:36,10,1,0
BRDA:40,11,0,0
BRDA:40,12,0,1
BRDA:40,12,1,1
BRDA:40,12,2,1
BRDA:45,13,0,0
BRDA:50,14,0,1
BRDA:62,15,0,3
BRDA:62,15,1,0
BRDA:68,16,0,0
BRDA:74,17,0,1
BRDA:86,18,0,2
BRDA:86,18,1,0
BRDA:93,19,0,0
BRDA:99,20,0,1
BRDA:108,21,0,2
BRDA:108,21,1,0
BRF:37
BRH:28
end_of_record
TN:
SF:src\utils\crypto-utils.ts
FN:8,(anonymous_16)
FN:14,(anonymous_18)
FN:23,(anonymous_19)
FN:27,(anonymous_20)
FN:40,(anonymous_21)
FN:59,(anonymous_22)
FN:69,(anonymous_23)
FN:79,(anonymous_24)
FN:95,(anonymous_25)
FN:111,(anonymous_26)
FN:129,(anonymous_27)
FN:147,(anonymous_28)
FNF:12
FNH:12
FNDA:35,(anonymous_16)
FNDA:34,(anonymous_18)
FNDA:11,(anonymous_19)
FNDA:37,(anonymous_20)
FNDA:9,(anonymous_21)
FNDA:2,(anonymous_22)
FNDA:1,(anonymous_23)
FNDA:2,(anonymous_24)
FNDA:2,(anonymous_25)
FNDA:2,(anonymous_26)
FNDA:2,(anonymous_27)
FNDA:3,(anonymous_28)
DA:4,2
DA:9,35
DA:10,0
DA:11,0
DA:12,0
DA:13,35
DA:14,68
DA:15,34
DA:17,1
DA:24,11
DA:26,11
DA:27,37
DA:29,11
DA:30,0
DA:32,0
DA:34,0
DA:41,9
DA:43,9
DA:44,9
DA:45,9
DA:46,31
DA:48,9
DA:49,0
DA:51,0
DA:53,0
DA:60,2
DA:70,1
DA:80,2
DA:85,2
DA:86,1
DA:89,2
DA:96,2
DA:101,2
DA:102,1
DA:105,2
DA:112,2
DA:113,2
DA:114,0
DA:115,0
DA:119,0
DA:120,0
DA:121,0
DA:123,0
DA:130,2
DA:131,2
DA:132,0
DA:133,0
DA:137,0
DA:138,0
DA:139,0
DA:141,0
DA:148,3
DA:150,2
DA:151,2
DA:152,6
DA:155,2
LF:56
LH:35
BRDA:9,0,0,0
BRDA:9,0,1,35
BRDA:9,1,0,35
BRDA:9,1,1,0
BRDA:13,2,0,34
BRDA:13,3,0,35
BRDA:13,3,1,34
BRDA:13,3,2,34
BRDA:24,4,0,11
BRDA:24,4,1,0
BRDA:30,5,0,0
BRDA:41,6,0,9
BRDA:41,6,1,0
BRDA:49,7,0,0
BRDA:85,8,0,1
BRDA:101,9,0,1
BRDA:112,10,0,2
BRDA:112,10,1,0
BRDA:114,11,0,0
BRDA:130,12,0,2
BRDA:130,12,1,0
BRDA:132,13,0,0
BRDA:148,14,0,1
BRF:23
BRH:13
end_of_record
