TN:
SF:src\algorithms\aes.ts
FN:12,(anonymous_16)
FN:12,(anonymous_17)
FN:16,(anonymous_18)
FN:24,(anonymous_20)
FN:32,(anonymous_22)
FN:32,(anonymous_23)
FN:53,(anonymous_24)
FN:85,(anonymous_26)
FN:102,(anonymous_27)
FN:144,(anonymous_29)
FNF:10
FNH:10
FNDA:1,(anonymous_16)
FNDA:1,(anonymous_17)
FNDA:2,(anonymous_18)
FNDA:1,(anonymous_20)
FNDA:22,(anonymous_22)
FNDA:22,(anonymous_23)
FNDA:14,(anonymous_24)
FNDA:12,(anonymous_26)
FNDA:13,(anonymous_27)
FNDA:7,(anonymous_29)
DA:2,1
DA:11,1
DA:12,1
DA:13,1
DA:21,2
DA:29,1
DA:32,22
DA:33,22
DA:34,0
DA:35,0
DA:40,0
DA:41,0
DA:43,0
DA:44,0
DA:46,22
DA:47,21
DA:48,21
DA:50,1
DA:59,14
DA:60,1
DA:63,13
DA:65,12
DA:66,0
DA:67,0
DA:70,0
DA:71,0
DA:73,0
DA:74,0
DA:75,0
DA:76,0
DA:78,0
DA:80,0
DA:81,0
DA:83,12
DA:84,12
DA:85,24
DA:86,12
DA:87,12
DA:89,12
DA:90,12
DA:91,12
DA:93,12
DA:95,0
DA:96,0
DA:99,0
DA:108,13
DA:109,1
DA:111,12
DA:112,1
DA:114,11
DA:115,1
DA:117,10
DA:118,1
DA:120,9
DA:121,1
DA:124,8
DA:125,0
DA:126,0
DA:129,0
DA:130,0
DA:131,0
DA:133,0
DA:134,0
DA:136,0
DA:137,0
DA:139,0
DA:140,0
DA:142,8
DA:143,7
DA:144,14
DA:145,7
DA:148,7
DA:149,7
DA:151,7
DA:152,7
DA:153,5
DA:155,2
DA:156,2
DA:159,1
LF:79
LH:48
BRDA:12,0,0,0
BRDA:32,1,0,1
BRDA:33,2,0,0
BRDA:33,2,1,22
BRDA:33,3,0,22
BRDA:33,3,1,0
BRDA:33,3,2,0
BRDA:43,4,0,0
BRDA:43,4,1,0
BRDA:46,5,0,21
BRDA:46,6,0,22
BRDA:46,6,1,21
BRDA:46,6,2,21
BRDA:59,7,0,1
BRDA:65,8,0,0
BRDA:65,8,1,12
BRDA:65,9,0,12
BRDA:65,9,1,0
BRDA:65,9,2,0
BRDA:71,10,0,0
BRDA:80,11,0,0
BRDA:80,11,1,0
BRDA:83,12,0,12
BRDA:83,13,0,12
BRDA:83,13,1,12
BRDA:83,13,2,12
BRDA:87,14,0,3
BRDA:95,15,0,0
BRDA:95,15,1,0
BRDA:108,16,0,1
BRDA:111,17,0,1
BRDA:114,18,0,1
BRDA:117,19,0,1
BRDA:120,20,0,1
BRDA:124,21,0,0
BRDA:124,21,1,8
BRDA:124,22,0,8
BRDA:124,22,1,0
BRDA:124,22,2,0
BRDA:134,23,0,0
BRDA:139,24,0,0
BRDA:139,24,1,0
BRDA:142,25,0,7
BRDA:142,26,0,8
BRDA:142,26,1,7
BRDA:142,26,2,7
BRDA:149,27,0,2
BRDA:155,28,0,0
BRDA:155,28,1,2
BRF:49
BRH:28
end_of_record
TN:
SF:src\algorithms\blowfish.ts
FN:8,(anonymous_16)
FN:13,(anonymous_18)
FN:20,(anonymous_20)
FN:24,(anonymous_22)
FN:24,(anonymous_23)
FN:32,(anonymous_24)
FN:36,(anonymous_26)
FN:54,(anonymous_27)
FN:62,(anonymous_28)
FN:66,(anonymous_30)
FN:72,(anonymous_31)
FN:89,(anonymous_32)
FNF:12
FNH:10
FNDA:4,(anonymous_16)
FNDA:4,(anonymous_18)
FNDA:3,(anonymous_20)
FNDA:4,(anonymous_22)
FNDA:4,(anonymous_23)
FNDA:4,(anonymous_24)
FNDA:0,(anonymous_26)
FNDA:40,(anonymous_27)
FNDA:3,(anonymous_28)
FNDA:0,(anonymous_30)
FNDA:30,(anonymous_31)
FNDA:20,(anonymous_32)
DA:2,1
DA:7,1
DA:9,4
DA:10,4
DA:14,4
DA:15,3
DA:17,4
DA:21,3
DA:24,4
DA:25,4
DA:26,1
DA:28,3
DA:29,3
DA:33,4
DA:35,4
DA:36,0
DA:38,4
DA:41,4
DA:42,4
DA:43,4
DA:45,4
DA:51,3
DA:53,3
DA:54,40
DA:56,3
DA:58,1
DA:63,3
DA:65,3
DA:66,0
DA:68,3
DA:71,3
DA:72,30
DA:74,3
DA:75,3
DA:76,3
DA:78,3
DA:82,1
DA:88,1
DA:89,20
DA:91,2
LF:40
LH:38
BRDA:9,0,0,4
BRDA:9,0,1,1
BRDA:9,1,0,1
BRDA:9,1,1,3
BRDA:9,2,0,4
BRDA:9,2,1,4
BRDA:14,3,0,3
BRDA:24,4,0,0
BRDA:25,5,0,1
BRDA:25,6,0,4
BRDA:25,6,1,4
BRDA:25,6,2,3
BRDA:35,7,0,0
BRDA:35,7,1,4
BRDA:58,8,0,1
BRDA:58,8,1,0
BRDA:65,9,0,0
BRDA:65,9,1,3
BRDA:91,10,0,2
BRDA:91,10,1,0
BRF:20
BRH:15
end_of_record
TN:
SF:src\algorithms\camellia.ts
FN:6,(anonymous_16)
FN:11,(anonymous_18)
FN:18,(anonymous_20)
FN:22,(anonymous_22)
FN:22,(anonymous_23)
FN:31,(anonymous_24)
FN:59,(anonymous_26)
FNF:7
FNH:7
FNDA:4,(anonymous_16)
FNDA:4,(anonymous_18)
FNDA:2,(anonymous_20)
FNDA:4,(anonymous_22)
FNDA:4,(anonymous_23)
FNDA:4,(anonymous_24)
FNDA:2,(anonymous_26)
DA:2,1
DA:3,1
DA:5,1
DA:7,4
DA:8,4
DA:12,4
DA:13,2
DA:15,4
DA:19,2
DA:22,4
DA:23,4
DA:24,4
DA:25,1
DA:27,3
DA:28,3
DA:32,4
DA:34,4
DA:35,4
DA:36,4
DA:39,4
DA:40,4
DA:41,4
DA:42,4
DA:44,4
DA:45,2
DA:49,2
DA:53,2
DA:55,2
DA:60,2
DA:62,2
DA:63,2
DA:64,2
DA:67,2
DA:68,2
DA:69,2
DA:70,2
DA:72,2
DA:73,1
DA:77,1
DA:81,1
LF:40
LH:40
BRDA:7,0,0,4
BRDA:7,0,1,1
BRDA:7,1,0,1
BRDA:7,1,1,3
BRDA:7,2,0,4
BRDA:7,2,1,4
BRDA:12,3,0,2
BRDA:22,4,0,0
BRDA:24,5,0,1
BRDA:44,6,0,2
BRDA:55,7,0,2
BRDA:55,7,1,0
BRDA:72,8,0,1
BRDA:81,9,0,1
BRDA:81,9,1,0
BRF:15
BRH:12
end_of_record
TN:
SF:src\algorithms\chacha20.ts
FN:8,(anonymous_16)
FN:12,(anonymous_18)
FN:16,(anonymous_20)
FN:20,(anonymous_22)
FN:24,(anonymous_24)
FN:35,(anonymous_25)
FN:39,(anonymous_27)
FN:64,(anonymous_29)
FNF:8
FNH:8
FNDA:1,(anonymous_16)
FNDA:1,(anonymous_18)
FNDA:1,(anonymous_20)
FNDA:12,(anonymous_22)
FNDA:2,(anonymous_24)
FNDA:10,(anonymous_25)
FNDA:8,(anonymous_27)
FNDA:4,(anonymous_29)
DA:3,2
DA:5,2
DA:7,2
DA:9,1
DA:13,1
DA:17,1
DA:21,12
DA:23,2
DA:24,4
DA:26,1
DA:28,1
DA:29,1
DA:31,0
DA:36,10
DA:44,8
DA:46,7
DA:47,7
DA:50,7
DA:52,7
DA:53,7
DA:55,6
DA:57,1
DA:58,1
DA:60,0
DA:68,4
DA:70,4
DA:71,4
DA:73,4
DA:74,4
DA:76,3
DA:78,1
DA:79,1
DA:81,0
LF:33
LH:30
BRDA:21,0,0,10
BRDA:26,1,0,1
BRDA:26,1,1,0
BRDA:28,2,0,1
BRDA:47,3,0,7
BRDA:47,3,1,1
BRDA:57,4,0,1
BRDA:78,5,0,1
BRF:8
BRH:7
end_of_record
TN:
SF:src\algorithms\ecdh.ts
FN:14,(anonymous_16)
FN:19,(anonymous_18)
FN:23,(anonymous_20)
FN:23,(anonymous_21)
FN:52,(anonymous_22)
FN:67,(anonymous_23)
FN:67,(anonymous_24)
FN:113,(anonymous_25)
FN:126,deriveSymmetricKey
FN:138,deriveAESKeyFromECDH
FN:139,(anonymous_28)
FNF:11
FNH:11
FNDA:5,(anonymous_16)
FNDA:5,(anonymous_18)
FNDA:5,(anonymous_20)
FNDA:5,(anonymous_21)
FNDA:3,(anonymous_22)
FNDA:8,(anonymous_23)
FNDA:8,(anonymous_24)
FNDA:6,(anonymous_25)
FNDA:5,deriveSymmetricKey
FNDA:4,deriveAESKeyFromECDH
FNDA:4,(anonymous_28)
DA:2,1
DA:3,1
DA:6,1
DA:7,1
DA:13,1
DA:15,5
DA:16,5
DA:20,5
DA:23,5
DA:24,5
DA:25,1
DA:28,4
DA:29,0
DA:30,0
DA:39,0
DA:40,0
DA:42,0
DA:47,0
DA:49,4
DA:50,3
DA:51,3
DA:52,6
DA:53,3
DA:54,3
DA:56,3
DA:61,0
DA:64,1
DA:67,8
DA:68,8
DA:69,1
DA:72,7
DA:74,7
DA:75,0
DA:76,0
DA:87,0
DA:98,0
DA:107,0
DA:109,0
DA:111,7
DA:112,6
DA:113,12
DA:114,6
DA:115,6
DA:116,6
DA:117,6
DA:119,0
DA:122,1
DA:126,1
DA:132,5
DA:133,1
DA:135,4
DA:138,1
DA:139,4
DA:146,4
DA:147,1
DA:149,3
DA:150,3
LF:57
LH:43
BRDA:15,0,0,5
BRDA:15,0,1,1
BRDA:15,1,0,1
BRDA:15,1,1,4
BRDA:15,2,0,5
BRDA:15,2,1,5
BRDA:20,3,0,5
BRDA:20,3,1,1
BRDA:23,4,0,0
BRDA:24,5,0,1
BRDA:28,6,0,0
BRDA:28,6,1,4
BRDA:28,7,0,4
BRDA:28,7,1,0
BRDA:28,7,2,0
BRDA:47,8,0,0
BRDA:47,8,1,0
BRDA:49,9,0,3
BRDA:49,10,0,4
BRDA:49,10,1,3
BRDA:49,10,2,3
BRDA:51,11,0,3
BRDA:51,11,1,0
BRDA:61,12,0,0
BRDA:61,12,1,0
BRDA:67,13,0,0
BRDA:68,14,0,1
BRDA:72,15,0,7
BRDA:72,15,1,0
BRDA:74,16,0,0
BRDA:74,16,1,7
BRDA:74,17,0,7
BRDA:74,17,1,0
BRDA:74,17,2,0
BRDA:109,18,0,0
BRDA:109,18,1,0
BRDA:111,19,0,6
BRDA:111,20,0,7
BRDA:111,20,1,6
BRDA:111,20,2,6
BRDA:119,21,0,0
BRDA:119,21,1,0
BRDA:128,22,0,3
BRDA:129,23,0,3
BRDA:130,24,0,0
BRDA:132,25,0,1
BRDA:141,26,0,0
BRDA:144,27,0,2
BRDA:146,28,0,1
BRF:49
BRH:29
end_of_record
TN:
SF:src\algorithms\ed25519.ts
FN:4,(anonymous_16)
FN:8,(anonymous_18)
FN:12,(anonymous_20)
FN:16,(anonymous_22)
FN:39,(anonymous_24)
FN:56,(anonymous_25)
FN:84,(anonymous_27)
FN:101,(anonymous_28)
FN:132,(anonymous_30)
FNF:9
FNH:9
FNDA:5,(anonymous_16)
FNDA:6,(anonymous_18)
FNDA:7,(anonymous_20)
FNDA:5,(anonymous_22)
FNDA:4,(anonymous_24)
FNDA:6,(anonymous_25)
FNDA:4,(anonymous_27)
FNDA:7,(anonymous_28)
FNDA:4,(anonymous_30)
DA:3,1
DA:5,5
DA:9,6
DA:13,7
DA:17,5
DA:18,0
DA:19,0
DA:27,0
DA:28,0
DA:30,0
DA:35,0
DA:37,5
DA:38,4
DA:39,8
DA:40,4
DA:45,3
DA:50,1
DA:53,1
DA:57,6
DA:58,1
DA:61,5
DA:62,0
DA:63,0
DA:72,0
DA:78,0
DA:80,0
DA:82,5
DA:83,4
DA:84,8
DA:85,4
DA:91,4
DA:92,3
DA:94,1
DA:98,1
DA:102,7
DA:103,1
DA:105,6
DA:106,1
DA:109,5
DA:110,0
DA:111,0
DA:121,0
DA:128,0
DA:130,5
DA:131,4
DA:132,8
DA:133,4
DA:139,4
DA:141,1
DA:145,1
LF:50
LH:35
BRDA:17,0,0,0
BRDA:17,0,1,5
BRDA:17,1,0,5
BRDA:17,1,1,0
BRDA:17,1,2,0
BRDA:35,2,0,0
BRDA:35,2,1,0
BRDA:37,3,0,4
BRDA:37,4,0,5
BRDA:37,4,1,4
BRDA:37,4,2,4
BRDA:50,5,0,1
BRDA:50,5,1,0
BRDA:57,6,0,1
BRDA:61,7,0,0
BRDA:61,7,1,5
BRDA:61,8,0,5
BRDA:61,8,1,0
BRDA:61,8,2,0
BRDA:80,9,0,0
BRDA:80,9,1,0
BRDA:82,10,0,4
BRDA:82,11,0,5
BRDA:82,11,1,4
BRDA:82,11,2,4
BRDA:94,12,0,1
BRDA:94,12,1,0
BRDA:102,13,0,1
BRDA:105,14,0,1
BRDA:109,15,0,0
BRDA:109,15,1,5
BRDA:109,16,0,5
BRDA:109,16,1,0
BRDA:109,16,2,0
BRDA:128,17,0,0
BRDA:128,17,1,0
BRDA:130,18,0,4
BRDA:130,19,0,5
BRDA:130,19,1,4
BRDA:130,19,2,4
BRDA:141,20,0,1
BRDA:141,20,1,0
BRF:42
BRH:24
end_of_record
TN:
SF:src\algorithms\kyber.ts
FN:7,(anonymous_16)
FN:12,(anonymous_18)
FN:17,(anonymous_20)
FN:27,(anonymous_22)
FN:31,(anonymous_24)
FN:40,(anonymous_25)
FN:40,(anonymous_26)
FN:60,(anonymous_27)
FN:61,(anonymous_28)
FN:82,(anonymous_29)
FN:83,(anonymous_30)
FNF:11
FNH:11
FNDA:7,(anonymous_16)
FNDA:4,(anonymous_18)
FNDA:4,(anonymous_20)
FNDA:15,(anonymous_22)
FNDA:1,(anonymous_24)
FNDA:7,(anonymous_25)
FNDA:7,(anonymous_26)
FNDA:4,(anonymous_27)
FNDA:4,(anonymous_28)
FNDA:4,(anonymous_29)
FNDA:4,(anonymous_30)
DA:4,1
DA:6,1
DA:8,7
DA:9,7
DA:13,4
DA:14,4
DA:18,4
DA:19,4
DA:23,1
DA:24,1
DA:25,1
DA:28,15
DA:30,1
DA:31,1
DA:32,1
DA:33,0
DA:36,0
DA:40,7
DA:41,7
DA:43,7
DA:44,7
DA:45,7
DA:46,1
DA:49,6
DA:51,3
DA:56,4
DA:61,4
DA:64,4
DA:66,4
DA:67,4
DA:68,4
DA:69,1
DA:71,3
DA:73,1
DA:78,3
DA:83,4
DA:87,4
DA:89,4
DA:90,4
DA:91,4
DA:92,1
DA:95,3
DA:97,1
DA:99,3
LF:44
LH:42
BRDA:8,0,0,7
BRDA:8,0,1,2
BRDA:8,1,0,2
BRDA:8,1,1,5
BRDA:8,2,0,7
BRDA:8,2,1,7
BRDA:13,3,0,4
BRDA:13,3,1,1
BRDA:13,4,0,1
BRDA:13,4,1,3
BRDA:13,5,0,4
BRDA:13,5,1,4
BRDA:18,6,0,4
BRDA:18,6,1,1
BRDA:18,7,0,1
BRDA:18,7,1,3
BRDA:18,8,0,4
BRDA:18,8,1,4
BRDA:28,9,0,14
BRDA:32,10,0,0
BRDA:32,11,0,1
BRDA:32,11,1,1
BRDA:32,11,2,1
BRDA:36,12,0,0
BRDA:36,12,1,0
BRDA:40,13,0,0
BRDA:45,14,0,1
BRDA:56,15,0,4
BRDA:56,15,1,0
BRDA:62,16,0,0
BRDA:68,17,0,1
BRDA:78,18,0,3
BRDA:78,18,1,0
BRDA:85,19,0,0
BRDA:91,20,0,1
BRDA:99,21,0,3
BRDA:99,21,1,0
BRF:37
BRH:28
end_of_record
TN:
SF:src\utils\crypto-utils.ts
FN:8,(anonymous_16)
FN:14,(anonymous_18)
FN:23,(anonymous_19)
FN:27,(anonymous_20)
FN:40,(anonymous_21)
FN:59,(anonymous_22)
FN:69,(anonymous_23)
FN:79,(anonymous_24)
FN:95,(anonymous_25)
FN:111,(anonymous_26)
FN:129,(anonymous_27)
FN:147,(anonymous_28)
FNF:12
FNH:12
FNDA:56,(anonymous_16)
FNDA:55,(anonymous_18)
FNDA:11,(anonymous_19)
FNDA:37,(anonymous_20)
FNDA:9,(anonymous_21)
FNDA:2,(anonymous_22)
FNDA:1,(anonymous_23)
FNDA:2,(anonymous_24)
FNDA:2,(anonymous_25)
FNDA:2,(anonymous_26)
FNDA:2,(anonymous_27)
FNDA:3,(anonymous_28)
DA:4,6
DA:9,56
DA:10,0
DA:11,0
DA:12,0
DA:13,56
DA:14,110
DA:15,55
DA:17,1
DA:24,11
DA:26,11
DA:27,37
DA:29,11
DA:30,0
DA:32,0
DA:34,0
DA:41,9
DA:43,9
DA:44,9
DA:45,9
DA:46,31
DA:48,9
DA:49,0
DA:51,0
DA:53,0
DA:60,2
DA:70,1
DA:80,2
DA:85,2
DA:86,1
DA:89,2
DA:96,2
DA:101,2
DA:102,1
DA:105,2
DA:112,2
DA:113,2
DA:114,0
DA:115,0
DA:119,0
DA:120,0
DA:121,0
DA:123,0
DA:130,2
DA:131,2
DA:132,0
DA:133,0
DA:137,0
DA:138,0
DA:139,0
DA:141,0
DA:148,3
DA:150,2
DA:151,2
DA:152,6
DA:155,2
LF:56
LH:35
BRDA:9,0,0,0
BRDA:9,0,1,56
BRDA:9,1,0,56
BRDA:9,1,1,0
BRDA:13,2,0,55
BRDA:13,3,0,56
BRDA:13,3,1,55
BRDA:13,3,2,55
BRDA:24,4,0,11
BRDA:24,4,1,0
BRDA:30,5,0,0
BRDA:41,6,0,9
BRDA:41,6,1,0
BRDA:49,7,0,0
BRDA:85,8,0,1
BRDA:101,9,0,1
BRDA:112,10,0,2
BRDA:112,10,1,0
BRDA:114,11,0,0
BRDA:130,12,0,2
BRDA:130,12,1,0
BRDA:132,13,0,0
BRDA:148,14,0,1
BRF:23
BRH:13
end_of_record
